2024-08-18 21:18:40,723 - INFO - Starting main.py
2024-08-18 21:18:40,732 - INFO - Arguments: Namespace(input='./output', source='./ontologies', file='TD1.owl', reasoner='HermiT', model=True, characteristics=True, subcharacteristics=True, metrics=True, evolution=True)
2024-08-18 21:18:40,733 - DEBUG - Current working directory: D:\Code\oquare-metrics
2024-08-18 21:18:40,734 - DEBUG - Looking for ontology file at (absolute path): D:\Code\oquare-metrics\ontologies\TD1.owl
2024-08-18 21:18:40,734 - ERROR - Ontology file not found: D:\Code\oquare-metrics\ontologies\TD1.owl
2024-08-18 21:18:40,735 - ERROR - Contents of ./ontologies:
2024-08-18 21:18:40,735 - ERROR -   imports
2024-08-18 21:18:58,117 - INFO - Starting main.py
2024-08-18 21:18:58,133 - INFO - Arguments: Namespace(input='./output', source='./ontologies/imports', file='TD1.owl', reasoner='HermiT', model=True, characteristics=True, subcharacteristics=True, metrics=True, evolution=True)
2024-08-18 21:18:58,133 - DEBUG - Current working directory: D:\Code\oquare-metrics
2024-08-18 21:18:58,133 - DEBUG - Looking for ontology file at (absolute path): D:\Code\oquare-metrics\ontologies\imports\TD1.owl
2024-08-18 21:18:58,143 - INFO - Full fullparse.sh command: bash ./src/fullparse.sh -i ./output -s ./ontologies/imports -f D:\Code\oquare-metrics\ontologies\imports\TD1.owl -r HermiT -M -c -S -m -e
2024-08-18 21:18:58,144 - INFO - Starting execution of fullparse.sh
2024-08-18 21:19:00,872 - INFO - fullparse.sh exit code: 1
2024-08-18 21:19:00,872 - ERROR - fullparse.sh failed with exit code: 1
2024-08-18 21:19:00,872 - ERROR - Exception details:
Traceback (most recent call last):
  File "D:\Code\oquare-metrics\src\main.py", line 116, in main
    raise subprocess.CalledProcessError(returncode, fullparse_command)
subprocess.CalledProcessError: Command '['bash', './src/fullparse.sh', '-i', './output', '-s', './ontologies/imports', '-f', 'D:\\Code\\oquare-metrics\\ontologies\\imports\\TD1.owl', '-r', 'HermiT', '-M', '-c', '-S', '-m', '-e']' returned non-zero exit status 1.
2024-08-18 21:19:00,872 - ERROR - Checking fullparse.sh file permissions:
2024-08-18 21:19:00,935 - INFO - fullparse.sh permissions: -rwxr-xr-x 1 steph 197609 10769 Aug 18 21:12 src/fullparse.sh
2024-08-18 21:19:00,935 - ERROR - Checking if fullparse.sh exists:
2024-08-18 21:19:00,935 - INFO - fullparse.sh file exists
2024-08-18 21:19:00,935 - INFO - Content of fullparse.sh:
2024-08-18 21:19:00,935 - INFO - #!/bin/bash

set -e  # Exit immediately if a command exits with a non-zero status.
set -x  # Print commands and their arguments as they are executed

# Function to log messages
log() {
    echo "$(date '+%Y-%m-%d %H:%M:%S') - $1" >&2
}

# Function to handle errors
error_handler() {
    local exit_code=$?
    log "Error occurred in line $1 with exit code $exit_code"
    log "Last command executed: $BASH_COMMAND"
    log "Current working directory: $(pwd)"
    log "Contents of current directory:"
    ls -la
    exit $exit_code
}

# Set up error handling
trap 'error_handler $LINENO' ERR

# Enable debug mode
set -o functrace
set -o errtrace

# Log script start
log "Starting fullparse.sh"
log "Arguments: $@"

# Function to display usage
usage() {
    echo "Usage: $0 -i <contents_folder> -s <ontology_folders> -f <ontology_files> [-g <ignore_files>] [-r <reasoner>] [-M] [-c] [-S] [-m] [-e]"
    echo "  -i: Contents folder"
    echo "  -s: Ontology folders"
    echo "  -f: Ontology files"
    echo "  -g: Ignore files (optional)"
    echo "  -r: Reasoner (optional, default: HermiT)"
    echo "  -M: Generate model plot"
    echo "  -c: Generate characteristics plot"
    echo "  -S: Generate subcharacteristics plot"
    echo "  -m: Generate metrics plot"
    echo "  -e: Generate evolution plot"
    exit 1
}

# Initialize variables
contents_folder=""
ontology_folders=""
ontology_files=""
ignore_files=""
reasoner="HermiT"
model_plot=false
characteristics_plot=false
subcharacteristics_plot=false
metrics_plot=false
evolution_plot=false

# Parse command-line options
while getopts "i:s:f:g:r:McSme" opt; do
    case $opt in
        i) contents_folder="$OPTARG" ;;
        s) ontology_folders="$OPTARG" ;;
        f) ontology_files="$OPTARG" ;;
        g) ignore_files="$OPTARG" ;;
        r) reasoner="$OPTARG" ;;
        M) model_plot=true ;;
        c) characteristics_plot=true ;;
        S) subcharacteristics_plot=true ;;
        m) metrics_plot=true ;;
        e) evolution_plot=true ;;
        *) usage ;;
    esac
done

# Check for required arguments
if [ -z "$contents_folder" ] || [ -z "$ontology_folders" ] || [ -z "$ontology_files" ]; then
    log "Error: Missing required arguments"
    usage
fi

# Convert backslashes to forward slashes in ontology_files
ontology_files=$(echo "$ontology_files" | sed 's/\\/\//g')

# Log all input parameters
log "Input parameters:"
log "Contents folder: $contents_folder"
log "Ontology folders: $ontology_folders"
log "Ontology files: $ontology_files"
log "Ignore files: $ignore_files"
log "Reasoner: $reasoner"
log "Model plot: $model_plot"
log "Characteristics plot: $characteristics_plot"
log "Subcharacteristics plot: $subcharacteristics_plot"
log "Metrics plot: $metrics_plot"
log "Evolution plot: $evolution_plot"

date=$(powershell -Command "Get-Date -Format 'yyyy-MM-dd_HH-mm-ss'")

log "Starting fullparse.sh"
log "Contents folder: $contents_folder"
log "Ontology folders: $ontology_folders"
log "Ontology files: $ontology_files"
log "Reasoner: $reasoner"

# Check if the Java tool exists
if [ ! -f "./libs/oquare-versions.jar" ]; then
    log "Error: OQuaRE Java tool not found at ./libs/oquare-versions.jar"
    exit 1
fi

# Check Java version
java_version=$(java -version 2>&1 | awk -F '"' '/version/ {print $2}')
log "Java version: $java_version"

for ontology_source in $ontology_folders
do
    if [ -d "$ontology_source" ]
    then
        log "Processing ontology source: $ontology_source"
        find "$ontology_source" -maxdepth 1 -type f \( -name "*.rdf" -o -name "*.owl" -o -name "*.ttl" -o -name "*.nt" -o -name "*.n3" -o -name "*.jsonld" \) | while read -r file
        do
            outputFile=$(basename "$file")
            outputFile="${outputFile%.*}"
            if [ -z "$(printf '%s\n' "$ignore_files" | grep -Fx "$file")" ] && [ -z "$(printf '%s\n' "$ontology_files" | grep -Fx "$file")" ]
            then
                mkdir -p "$contents_folder/temp_results/ontologies/imports/$outputFile/$date/metrics"
                mkdir -p "$contents_folder/temp_results/ontologies/imports/$outputFile/$date/img"
                outputFilePath="${contents_folder#./}/temp_results/ontologies/imports/$outputFile/$date/metrics/$outputFile.xml"
                log "Creating output directory: $(dirname "$outputFilePath")"
                mkdir -p "$(dirname "$outputFilePath")"
                log "Checking if metrics file already exists: $outputFilePath"
                if [ -f "$outputFilePath" ]; then
                    log "Metrics file already exists, skipping Java execution"
                else
                    log "Running OQuaRE for file: $file"
                    log "Output path: $outputFilePath"
                    log "Reasoner: $reasoner"
                    log "Ontology file: $file"
                    java_command="java -jar ./libs/oquare-versions.jar --ontology \"$file\" --reasoner \"$reasoner\" --outputFile \"$outputFilePath\""
                    log "Executing Java command: $java_command"
                    if ! eval $java_command > >(tee "$contents_folder/temp_results/$ontology_source/$outputFile/$date/java_output.log") 2> >(tee "$contents_folder/temp_results/$ontology_source/$outputFile/$date/java_error.log" >&2)
                    then
                        exit_status=$?
                        log "Java command failed with exit status: $exit_status"
                        log "Java command error output:"
                        cat "$contents_folder/temp_results/$ontology_source/$outputFile/$date/java_error.log"
                        exit $exit_status
                    fi
                    log "Java command completed successfully"
                    log "Java command output:"
                    cat "$contents_folder/temp_results/$ontology_source/$outputFile/$date/java_output.log"
                
                    # Check if the output file was actually created
                    if [ ! -f "$outputFilePath" ]; then
                        log "Error: Output file was not created: $outputFilePath"
                        log "Contents of output directory:"
                        ls -R "$contents_folder/temp_results/$ontology_source/$outputFile/$date/"
                        exit 1
                    fi
                fi
                
                log "Checking metrics file"
                if [ -f "$outputFilePath" ]; then
                    log "Metrics file exists: $outputFilePath"
                    log "File size: $(du -h "$outputFilePath" | cut -f1)"
                    log "File contents (first 10 lines):"
                    head -n 10 "$outputFilePath"
                    
                    # Images will be generated separately using generate_images.py
                else
                    log "Error: Metrics file was not generated: $outputFilePath"
                    log "Current directory: $(pwd)"
                    log "Contents of output directory:"
                    ls -R "$contents_folder/temp_results/$ontology_source/$outputFile/$date/"
                    log "Contents of Java error log:"
                    cat "$contents_folder/temp_results/$ontology_source/$outputFile/$date/java_error.log"
                    exit 1
                fi
            fi
        done
    else
        log "Warning: Ontology source directory not found: $ontology_source"
    fi
done

for ontology_file in $ontology_files
do
    log "Processing individual ontology file: $ontology_file"
    if [ -f "$ontology_file" ]
    then
        dir=$(dirname "$ontology_file")
        outputFile=$(basename "$ontology_file")
        outputFile="${outputFile%.*}"
        mkdir -p "$contents_folder/temp_results/ontologies/imports/$outputFile/$date/metrics"
        mkdir -p "$contents_folder/temp_results/ontologies/imports/$outputFile/$date/img"
        outputFilePath="${contents_folder#./}/temp_results/ontologies/imports/$outputFile/$date/metrics/$outputFile.xml"
        log "Ontology file: $ontology_file"
        log "Output file path: $outputFilePath"
        log "Checking if ontology file exists:"
        if [ -f "$ontology_file" ]; then
            log "Ontology file exists"
        else
            log "Error: Ontology file does not exist"
            log "Contents of $(dirname "$ontology_file"):"
            ls -la "$(dirname "$ontology_file")"
            exit 1
        fi
        
        # Create the directory for the output file if it doesn't exist
        mkdir -p "$(dirname "$outputFilePath")"
        
        # Create an empty metrics file
        touch "$outputFilePath"
        log "Created empty metrics file: $outputFilePath"
        
        java_command="java -jar ./libs/oquare-versions.jar --ontology \"$ontology_file\" --reasoner \"$reasoner\" --outputFile \"$outputFilePath\""
        log "Executing Java command: $java_command"
        if eval $java_command > >(tee "$contents_folder/temp_results/$dir/$outputFile/$date/java_output.log") 2> >(tee "$contents_folder/temp_results/$dir/$outputFile/$date/java_error.log" >&2)
        then
            log "Java command completed successfully"
            log "Java command output:"
            cat "$contents_folder/temp_results/$dir/$outputFile/$date/java_output.log"
        else
            exit_status=$?
            log "Java command failed with exit status: $exit_status"
            log "Java command error output:"
            cat "$contents_folder/temp_results/$dir/$outputFile/$date/java_error.log"
            log "Java command standard output:"
            cat "$contents_folder/temp_results/$dir/$outputFile/$date/java_output.log"
            log "Contents of $(dirname "$outputFilePath"):"
            ls -la "$(dirname "$outputFilePath")"
            exit $exit_status
        fi

        if [ -f "$outputFilePath" ]
        then
            log "Metrics file generated successfully: $outputFilePath"
            log "File size: $(du -h "$outputFilePath" | cut -f1)"
            log "File contents (first 10 lines):"
            head -n 10 "$outputFilePath"
            
            # Images will be generated separately using generate_images.py
        else
            log "Error: Metrics file was not generated for $ontology_file"
            log "Contents of Java error log:"
            cat "$contents_folder/temp_results/$dir/$outputFile/$date/java_error.log"
            exit 1
        fi
    else
        log "Warning: Individual ontology file not found: $ontology_file"
    fi
done

log "fullparse.sh completed"

2024-08-18 21:19:01,037 - ERROR - Failed to get bash version: Command '['bash', '--version']' returned non-zero exit status 1.
2024-08-18 21:19:01,037 - ERROR - Bash may not be installed or not in the system PATH.
2024-08-18 21:19:01,037 - ERROR - Please ensure that Bash is installed and accessible from the command line.
2024-08-18 21:38:49,240 - INFO - Starting main.py
2024-08-18 21:38:49,256 - INFO - Arguments: Namespace(input='./output', source='./ontologies/imports', file='TD1.owl', reasoner='HermiT', model=True, characteristics=True, subcharacteristics=True, metrics=True, evolution=True)
2024-08-18 21:38:49,256 - DEBUG - Current working directory: D:\Code\oquare-metrics
2024-08-18 21:38:49,256 - DEBUG - Looking for ontology file at (absolute path): D:\Code\oquare-metrics\ontologies\imports\TD1.owl
2024-08-18 21:38:49,256 - INFO - Full fullparse.sh command: bash ./src/fullparse.sh -i ./output -s ./ontologies/imports -f TD1.owl -r HermiT -M -c -S -m -e
2024-08-18 21:38:49,256 - INFO - Starting execution of fullparse.sh
2024-08-18 21:38:51,800 - INFO - fullparse.sh exit code: 1
2024-08-18 21:38:51,800 - ERROR - fullparse.sh failed with exit code: 1
2024-08-18 21:38:51,800 - ERROR - Exception details:
Traceback (most recent call last):
  File "D:\Code\oquare-metrics\src\main.py", line 127, in main
    raise subprocess.CalledProcessError(returncode, fullparse_command)
subprocess.CalledProcessError: Command '['bash', './src/fullparse.sh', '-i', './output', '-s', './ontologies/imports', '-f', 'TD1.owl', '-r', 'HermiT', '-M', '-c', '-S', '-m', '-e']' returned non-zero exit status 1.
2024-08-18 21:40:03,247 - INFO - Starting main.py
2024-08-18 21:40:03,247 - INFO - Arguments: Namespace(input='./output', source='./ontologies/imports', file='TD1.owl', reasoner='HermiT', model=True, characteristics=True, subcharacteristics=True, metrics=True, evolution=True)
2024-08-18 21:40:03,263 - DEBUG - Current working directory: D:\Code\oquare-metrics
2024-08-18 21:40:03,263 - DEBUG - Looking for ontology file at (absolute path): D:\Code\oquare-metrics\ontologies\imports\TD1.owl
2024-08-18 21:40:03,263 - INFO - Full fullparse.sh command: sh ./src/fullparse.sh -i ./output -s ./ontologies/imports -f TD1.owl -r HermiT -M -c -S -m -e
2024-08-18 21:40:03,263 - INFO - Starting execution of fullparse.sh
2024-08-18 21:44:21,012 - INFO - Starting main.py
2024-08-18 21:44:21,027 - INFO - Arguments: Namespace(input='./output', source='./ontologies/imports', file='TD1.owl', reasoner='HermiT', model=True, characteristics=True, subcharacteristics=True, metrics=True, evolution=True)
2024-08-18 21:44:21,027 - DEBUG - Current working directory: D:\Code\oquare-metrics
2024-08-18 21:44:21,027 - DEBUG - Looking for ontology file at (absolute path): D:\Code\oquare-metrics\ontologies\imports\TD1.owl
2024-08-18 21:44:21,027 - INFO - Full fullparse.sh command: sh ./src/fullparse.sh -i ./output -s ./ontologies/imports -f TD1.owl -r HermiT -M -c -S -m -e
2024-08-18 21:44:21,027 - INFO - Starting execution of fullparse.sh
2024-08-18 21:44:26,087 - ERROR - fullparse.sh stderr: 2024-08-18 21:44:21 - Starting fullparse.sh with arguments: -i
2024-08-18 21:44:26,087 - ERROR - fullparse.sh stderr: 2024-08-18 21:44:21 - Java version: 22.0.2
2024-08-18 21:44:26,087 - ERROR - fullparse.sh stderr: 2024-08-18 21:44:21 - Input parameters:
2024-08-18 21:44:26,087 - ERROR - fullparse.sh stderr: 2024-08-18 21:44:21 - Contents folder: ./output
2024-08-18 21:44:26,087 - ERROR - fullparse.sh stderr: 2024-08-18 21:44:21 - Ontology folders: ./ontologies/imports
2024-08-18 21:44:26,087 - ERROR - fullparse.sh stderr: 2024-08-18 21:44:21 - Ontology files: TD1.owl
2024-08-18 21:44:26,087 - ERROR - fullparse.sh stderr: 2024-08-18 21:44:21 - Ignore files:
2024-08-18 21:44:26,087 - ERROR - fullparse.sh stderr: 2024-08-18 21:44:21 - Reasoner: HermiT
2024-08-18 21:44:26,087 - ERROR - fullparse.sh stderr: 2024-08-18 21:44:21 - Model plot: true
2024-08-18 21:44:26,087 - ERROR - fullparse.sh stderr: 2024-08-18 21:44:21 - Characteristics plot: true
2024-08-18 21:44:26,087 - ERROR - fullparse.sh stderr: 2024-08-18 21:44:21 - Subcharacteristics plot: true
2024-08-18 21:44:26,087 - ERROR - fullparse.sh stderr: 2024-08-18 21:44:21 - Metrics plot: true
2024-08-18 21:44:26,087 - ERROR - fullparse.sh stderr: 2024-08-18 21:44:21 - Evolution plot: true
2024-08-18 21:44:26,087 - ERROR - fullparse.sh stderr: 2024-08-18 21:44:21 - Starting fullparse.sh
2024-08-18 21:44:26,087 - ERROR - fullparse.sh stderr: 2024-08-18 21:44:21 - Contents folder: ./output
2024-08-18 21:44:26,087 - ERROR - fullparse.sh stderr: 2024-08-18 21:44:21 - Ontology folders: ./ontologies/imports
2024-08-18 21:44:26,087 - ERROR - fullparse.sh stderr: 2024-08-18 21:44:21 - Ontology files: TD1.owl
2024-08-18 21:44:26,087 - ERROR - fullparse.sh stderr: 2024-08-18 21:44:21 - Reasoner: HermiT
2024-08-18 21:44:26,087 - ERROR - fullparse.sh stderr: 2024-08-18 21:44:22 - Java version: 22.0.2
2024-08-18 21:44:26,087 - ERROR - fullparse.sh stderr: 2024-08-18 21:44:22 - Processing ontology source: ./ontologies/imports
2024-08-18 21:44:26,094 - ERROR - fullparse.sh stderr: 2024-08-18 21:44:22 - Running OQuaRE for file: ./ontologies/imports/TD1.owl
2024-08-18 21:44:26,094 - ERROR - fullparse.sh stderr: 2024-08-18 21:44:25 - Java command completed successfully
2024-08-18 21:44:26,094 - ERROR - fullparse.sh stderr: 2024-08-18 21:44:25 - Processing individual ontology file: TD1.owl
2024-08-18 21:44:26,095 - ERROR - fullparse.sh stderr: 2024-08-18 21:44:26 - Java command failed for TD1.owl. Check error log: ./output/temp_results/./ontologies/imports/TD1/2024-08-18_21-44-21/java_error.log
2024-08-18 21:44:26,096 - INFO - fullparse.sh exit code: 1
2024-08-18 21:44:26,096 - ERROR - fullparse.sh failed with exit code: 1
2024-08-18 21:44:26,096 - ERROR - Command that failed: sh ./src/fullparse.sh -i ./output -s ./ontologies/imports -f TD1.owl -r HermiT -M -c -S -m -e
2024-08-18 21:44:26,096 - ERROR - Exception details:
Traceback (most recent call last):
  File "D:\Code\oquare-metrics\src\main.py", line 132, in main
    raise subprocess.CalledProcessError(returncode, fullparse_command)
subprocess.CalledProcessError: Command '['sh', './src/fullparse.sh', '-i', './output', '-s', './ontologies/imports', '-f', 'TD1.owl', '-r', 'HermiT', '-M', '-c', '-S', '-m', '-e']' returned non-zero exit status 1.
2024-08-18 21:46:22,808 - INFO - Starting main.py
2024-08-18 21:46:22,824 - INFO - Arguments: Namespace(input='./output', source='./ontologies', file='my_ontology.owl', reasoner='HermiT', model=True, characteristics=True, subcharacteristics=True, metrics=True, evolution=True)
2024-08-18 21:46:22,824 - DEBUG - Current working directory: D:\Code\oquare-metrics
2024-08-18 21:46:22,830 - DEBUG - Looking for ontology file at (absolute path): None
2024-08-18 21:46:22,830 - ERROR - Ontology file not found: my_ontology.owl
2024-08-18 21:46:22,831 - ERROR - Searched in: ./ontologies
2024-08-18 21:46:39,191 - INFO - Starting main.py
2024-08-18 21:46:39,191 - INFO - Arguments: Namespace(input='./output', source='./ontologies/imports', file='TD1.owl', reasoner='HermiT', model=True, characteristics=True, subcharacteristics=True, metrics=True, evolution=True)
2024-08-18 21:46:39,191 - DEBUG - Current working directory: D:\Code\oquare-metrics
2024-08-18 21:46:39,191 - DEBUG - Looking for ontology file at (absolute path): D:\Code\oquare-metrics\ontologies\imports\TD1.owl
2024-08-18 21:46:39,191 - INFO - Full fullparse.sh command: sh ./src/fullparse.sh -i ./output -s ./ontologies/imports -f D:\Code\oquare-metrics\ontologies\imports\TD1.owl -r HermiT -M -c -S -m -e
2024-08-18 21:46:39,191 - INFO - Starting execution of fullparse.sh
2024-08-18 21:46:43,887 - ERROR - fullparse.sh stderr: 2024-08-18 21:46:39 - Starting fullparse.sh with arguments: -i
2024-08-18 21:46:43,887 - ERROR - fullparse.sh stderr: 2024-08-18 21:46:39 - Java version: 22.0.2
2024-08-18 21:46:43,888 - ERROR - fullparse.sh stderr: 2024-08-18 21:46:39 - Input parameters:
2024-08-18 21:46:43,889 - ERROR - fullparse.sh stderr: 2024-08-18 21:46:39 - Contents folder: ./output
2024-08-18 21:46:43,889 - ERROR - fullparse.sh stderr: 2024-08-18 21:46:39 - Ontology folders: ./ontologies/imports
2024-08-18 21:46:43,889 - ERROR - fullparse.sh stderr: 2024-08-18 21:46:39 - Ontology files: D:/Code/oquare-metrics/ontologies/imports/TD1.owl
2024-08-18 21:46:43,889 - ERROR - fullparse.sh stderr: 2024-08-18 21:46:39 - Ignore files:
2024-08-18 21:46:43,890 - ERROR - fullparse.sh stderr: 2024-08-18 21:46:39 - Reasoner: HermiT
2024-08-18 21:46:43,890 - ERROR - fullparse.sh stderr: 2024-08-18 21:46:39 - Model plot: true
2024-08-18 21:46:43,891 - ERROR - fullparse.sh stderr: 2024-08-18 21:46:39 - Characteristics plot: true
2024-08-18 21:46:43,891 - ERROR - fullparse.sh stderr: 2024-08-18 21:46:39 - Subcharacteristics plot: true
2024-08-18 21:46:43,891 - ERROR - fullparse.sh stderr: 2024-08-18 21:46:39 - Metrics plot: true
2024-08-18 21:46:43,891 - ERROR - fullparse.sh stderr: 2024-08-18 21:46:39 - Evolution plot: true
2024-08-18 21:46:43,892 - ERROR - fullparse.sh stderr: 2024-08-18 21:46:40 - Starting fullparse.sh
2024-08-18 21:46:43,892 - ERROR - fullparse.sh stderr: 2024-08-18 21:46:40 - Contents folder: ./output
2024-08-18 21:46:43,892 - ERROR - fullparse.sh stderr: 2024-08-18 21:46:40 - Ontology folders: ./ontologies/imports
2024-08-18 21:46:43,892 - ERROR - fullparse.sh stderr: 2024-08-18 21:46:40 - Ontology files: D:/Code/oquare-metrics/ontologies/imports/TD1.owl
2024-08-18 21:46:43,893 - ERROR - fullparse.sh stderr: 2024-08-18 21:46:40 - Reasoner: HermiT
2024-08-18 21:46:43,893 - ERROR - fullparse.sh stderr: 2024-08-18 21:46:40 - Java version: 22.0.2
2024-08-18 21:46:43,893 - ERROR - fullparse.sh stderr: 2024-08-18 21:46:40 - Processing ontology source: ./ontologies/imports
2024-08-18 21:46:43,893 - ERROR - fullparse.sh stderr: 2024-08-18 21:46:40 - Running OQuaRE for file: ./ontologies/imports/TD1.owl
2024-08-18 21:46:43,893 - ERROR - fullparse.sh stderr: 2024-08-18 21:46:43 - Java command completed successfully
2024-08-18 21:46:43,893 - ERROR - fullparse.sh stderr: 2024-08-18 21:46:43 - Processing individual ontology file: D:/Code/oquare-metrics/ontologies/imports/TD1.owl
2024-08-18 21:46:43,894 - ERROR - fullparse.sh stderr: 2024-08-18 21:46:43 - Warning: Individual ontology file not found: D:/Code/oquare-metrics/ontologies/imports/TD1.owl
2024-08-18 21:46:43,894 - ERROR - fullparse.sh stderr: 2024-08-18 21:46:43 - fullparse.sh completed
2024-08-18 21:46:43,894 - INFO - fullparse.sh exit code: 0
2024-08-18 21:46:43,895 - INFO - fullparse.sh completed successfully
2024-08-18 21:46:43,895 - ERROR - Metrics file not found after running fullparse.sh: ./output\temp_results\.\TD1\2024-08-18_21-46-39\metrics\TD1.xml
2024-08-18 21:47:33,257 - INFO - Starting main.py
2024-08-18 21:47:33,257 - INFO - Arguments: Namespace(input='./output', source='./ontologies/imports', file='TD1.owl', reasoner='HermiT', model=True, characteristics=True, subcharacteristics=True, metrics=True, evolution=True)
2024-08-18 21:47:33,257 - DEBUG - Current working directory: D:\Code\oquare-metrics
2024-08-18 21:47:33,268 - DEBUG - Looking for ontology file at (absolute path): D:\Code\oquare-metrics\ontologies\imports\TD1.owl
2024-08-18 21:47:33,268 - INFO - Full fullparse.sh command: sh ./src/fullparse.sh -i ./output -s ./ontologies/imports -f D:\Code\oquare-metrics\ontologies\imports\TD1.owl -r HermiT -M -c -S -m -e
2024-08-18 21:47:33,268 - INFO - Starting execution of fullparse.sh
2024-08-18 21:47:38,125 - ERROR - fullparse.sh stderr: 2024-08-18 21:47:33 - Starting fullparse.sh with arguments: -i
2024-08-18 21:47:38,125 - ERROR - fullparse.sh stderr: 2024-08-18 21:47:33 - Java version: 22.0.2
2024-08-18 21:47:38,126 - ERROR - fullparse.sh stderr: 2024-08-18 21:47:33 - Input parameters:
2024-08-18 21:47:38,126 - ERROR - fullparse.sh stderr: 2024-08-18 21:47:33 - Contents folder: ./output
2024-08-18 21:47:38,126 - ERROR - fullparse.sh stderr: 2024-08-18 21:47:33 - Ontology folders: ./ontologies/imports
2024-08-18 21:47:38,127 - ERROR - fullparse.sh stderr: 2024-08-18 21:47:33 - Ontology files: D:/Code/oquare-metrics/ontologies/imports/TD1.owl
2024-08-18 21:47:38,127 - ERROR - fullparse.sh stderr: 2024-08-18 21:47:33 - Ignore files:
2024-08-18 21:47:38,127 - ERROR - fullparse.sh stderr: 2024-08-18 21:47:33 - Reasoner: HermiT
2024-08-18 21:47:38,127 - ERROR - fullparse.sh stderr: 2024-08-18 21:47:33 - Model plot: true
2024-08-18 21:47:38,127 - ERROR - fullparse.sh stderr: 2024-08-18 21:47:33 - Characteristics plot: true
2024-08-18 21:47:38,128 - ERROR - fullparse.sh stderr: 2024-08-18 21:47:33 - Subcharacteristics plot: true
2024-08-18 21:47:38,128 - ERROR - fullparse.sh stderr: 2024-08-18 21:47:33 - Metrics plot: true
2024-08-18 21:47:38,128 - ERROR - fullparse.sh stderr: 2024-08-18 21:47:34 - Evolution plot: true
2024-08-18 21:47:38,128 - ERROR - fullparse.sh stderr: 2024-08-18 21:47:34 - Starting fullparse.sh
2024-08-18 21:47:38,128 - ERROR - fullparse.sh stderr: 2024-08-18 21:47:34 - Contents folder: ./output
2024-08-18 21:47:38,129 - ERROR - fullparse.sh stderr: 2024-08-18 21:47:34 - Ontology folders: ./ontologies/imports
2024-08-18 21:47:38,129 - ERROR - fullparse.sh stderr: 2024-08-18 21:47:34 - Ontology files: D:/Code/oquare-metrics/ontologies/imports/TD1.owl
2024-08-18 21:47:38,129 - ERROR - fullparse.sh stderr: 2024-08-18 21:47:34 - Reasoner: HermiT
2024-08-18 21:47:38,129 - ERROR - fullparse.sh stderr: 2024-08-18 21:47:34 - Java version: 22.0.2
2024-08-18 21:47:38,129 - ERROR - fullparse.sh stderr: 2024-08-18 21:47:34 - Processing ontology source: ./ontologies/imports
2024-08-18 21:47:38,130 - ERROR - fullparse.sh stderr: 2024-08-18 21:47:34 - Running OQuaRE for file: ./ontologies/imports/TD1.owl
2024-08-18 21:47:38,130 - ERROR - fullparse.sh stderr: 2024-08-18 21:47:38 - Java command completed successfully
2024-08-18 21:47:38,130 - ERROR - fullparse.sh stderr: 2024-08-18 21:47:38 - Processing individual ontology file: D:/Code/oquare-metrics/ontologies/imports/TD1.owl
2024-08-18 21:47:38,130 - ERROR - fullparse.sh stderr: 2024-08-18 21:47:38 - Warning: Individual ontology file not found: D:/Code/oquare-metrics/ontologies/imports/TD1.owl
2024-08-18 21:47:38,130 - ERROR - fullparse.sh stderr: 2024-08-18 21:47:38 - fullparse.sh completed
2024-08-18 21:47:38,132 - INFO - fullparse.sh exit code: 0
2024-08-18 21:47:38,132 - INFO - fullparse.sh completed successfully
2024-08-18 21:47:38,132 - ERROR - Metrics file not found after running fullparse.sh: ./output\temp_results\ontologies\imports\TD1\2024-08-18_21-47-33\metrics\TD1.xml
2024-08-18 21:47:38,132 - ERROR - Contents of ./output\temp_results\ontologies\imports\TD1\2024-08-18_21-47-33\metrics:
2024-08-18 21:47:38,133 - ERROR - Directory ./output\temp_results\ontologies\imports\TD1\2024-08-18_21-47-33\metrics does not exist
2024-08-18 21:49:05,294 - INFO - Starting main.py
2024-08-18 21:49:05,296 - INFO - Arguments: Namespace(input='./output', source='./ontologies/imports', file='TD1.owl', reasoner='HermiT', model=True, characteristics=True, subcharacteristics=True, metrics=True, evolution=True)
2024-08-18 21:49:05,296 - DEBUG - Current working directory: D:\Code\oquare-metrics
2024-08-18 21:49:05,296 - DEBUG - Looking for ontology file at (absolute path): D:\Code\oquare-metrics\ontologies\imports\TD1.owl
2024-08-18 21:49:05,296 - INFO - Created directory structure: ./output\temp_results\ontologies\imports\TD1\2024-08-18_21-49-05\metrics
2024-08-18 21:49:05,296 - INFO - Full fullparse.sh command: sh ./src/fullparse.sh -i ./output -s ./ontologies/imports -f D:\Code\oquare-metrics\ontologies\imports\TD1.owl -r HermiT -M -c -S -m -e
2024-08-18 21:49:05,296 - INFO - Starting execution of fullparse.sh
2024-08-18 21:49:09,959 - ERROR - fullparse.sh stderr: 2024-08-18 21:49:05 - Starting fullparse.sh with arguments: -i
2024-08-18 21:49:09,959 - ERROR - fullparse.sh stderr: 2024-08-18 21:49:05 - Java version: 22.0.2
2024-08-18 21:49:09,959 - ERROR - fullparse.sh stderr: 2024-08-18 21:49:05 - Input parameters:
2024-08-18 21:49:09,959 - ERROR - fullparse.sh stderr: 2024-08-18 21:49:05 - Contents folder: ./output
2024-08-18 21:49:09,959 - ERROR - fullparse.sh stderr: 2024-08-18 21:49:05 - Ontology folders: ./ontologies/imports
2024-08-18 21:49:09,959 - ERROR - fullparse.sh stderr: 2024-08-18 21:49:05 - Ontology files: D:/Code/oquare-metrics/ontologies/imports/TD1.owl
2024-08-18 21:49:09,959 - ERROR - fullparse.sh stderr: 2024-08-18 21:49:05 - Ignore files:
2024-08-18 21:49:09,959 - ERROR - fullparse.sh stderr: 2024-08-18 21:49:05 - Reasoner: HermiT
2024-08-18 21:49:09,959 - ERROR - fullparse.sh stderr: 2024-08-18 21:49:05 - Model plot: true
2024-08-18 21:49:09,959 - ERROR - fullparse.sh stderr: 2024-08-18 21:49:05 - Characteristics plot: true
2024-08-18 21:49:09,959 - ERROR - fullparse.sh stderr: 2024-08-18 21:49:05 - Subcharacteristics plot: true
2024-08-18 21:49:09,959 - ERROR - fullparse.sh stderr: 2024-08-18 21:49:05 - Metrics plot: true
2024-08-18 21:49:09,959 - ERROR - fullparse.sh stderr: 2024-08-18 21:49:05 - Evolution plot: true
2024-08-18 21:49:09,959 - ERROR - fullparse.sh stderr: 2024-08-18 21:49:06 - Starting fullparse.sh
2024-08-18 21:49:09,974 - ERROR - fullparse.sh stderr: 2024-08-18 21:49:06 - Contents folder: ./output
2024-08-18 21:49:09,974 - ERROR - fullparse.sh stderr: 2024-08-18 21:49:06 - Ontology folders: ./ontologies/imports
2024-08-18 21:49:09,974 - ERROR - fullparse.sh stderr: 2024-08-18 21:49:06 - Ontology files: D:/Code/oquare-metrics/ontologies/imports/TD1.owl
2024-08-18 21:49:09,974 - ERROR - fullparse.sh stderr: 2024-08-18 21:49:06 - Reasoner: HermiT
2024-08-18 21:49:09,976 - ERROR - fullparse.sh stderr: 2024-08-18 21:49:06 - Java version: 22.0.2
2024-08-18 21:49:09,976 - ERROR - fullparse.sh stderr: 2024-08-18 21:49:06 - Processing ontology source: ./ontologies/imports
2024-08-18 21:49:09,976 - ERROR - fullparse.sh stderr: 2024-08-18 21:49:06 - Running OQuaRE for file: ./ontologies/imports/TD1.owl
2024-08-18 21:49:09,977 - ERROR - fullparse.sh stderr: 2024-08-18 21:49:09 - Java command completed successfully
2024-08-18 21:49:09,977 - ERROR - fullparse.sh stderr: 2024-08-18 21:49:09 - Processing individual ontology file: D:/Code/oquare-metrics/ontologies/imports/TD1.owl
2024-08-18 21:49:09,977 - ERROR - fullparse.sh stderr: 2024-08-18 21:49:09 - Warning: Individual ontology file not found: D:/Code/oquare-metrics/ontologies/imports/TD1.owl
2024-08-18 21:49:09,977 - ERROR - fullparse.sh stderr: 2024-08-18 21:49:09 - fullparse.sh completed
2024-08-18 21:49:09,977 - INFO - fullparse.sh exit code: 0
2024-08-18 21:49:09,977 - INFO - fullparse.sh completed successfully
2024-08-18 21:49:09,977 - ERROR - Metrics file not found after running fullparse.sh: ./output\temp_results\ontologies\imports\TD1\2024-08-18_21-49-05\metrics\TD1.xml
2024-08-18 21:49:09,978 - ERROR - Contents of ./output\temp_results\ontologies\imports\TD1\2024-08-18_21-49-05\metrics:
2024-08-18 21:49:09,978 - ERROR - []
2024-08-18 21:51:23,217 - INFO - Starting main.py
2024-08-18 21:51:23,233 - INFO - Arguments: Namespace(input='./output', source='./ontologies/imports', file='TD1.owl', reasoner='HermiT', model=True, characteristics=True, subcharacteristics=True, metrics=True, evolution=True)
2024-08-18 21:51:23,233 - DEBUG - Current working directory: D:\Code\oquare-metrics
2024-08-18 21:51:23,233 - DEBUG - Looking for ontology file at (absolute path): D:\Code\oquare-metrics\ontologies\imports\TD1.owl
2024-08-18 21:51:23,233 - INFO - Full fullparse.sh command: sh ./src/fullparse.sh -i ./output -s ./ontologies/imports -f D:\Code\oquare-metrics\ontologies\imports\TD1.owl -r HermiT -M -c -S -m -e
2024-08-18 21:51:23,233 - INFO - Starting execution of fullparse.sh
2024-08-18 21:51:27,480 - ERROR - fullparse.sh stderr: 2024-08-18 21:51:23 - Starting fullparse.sh with arguments: -i
2024-08-18 21:51:27,480 - ERROR - fullparse.sh stderr: 2024-08-18 21:51:23 - Java version: 22.0.2
2024-08-18 21:51:27,481 - ERROR - fullparse.sh stderr: 2024-08-18 21:51:23 - Input parameters:
2024-08-18 21:51:27,481 - ERROR - fullparse.sh stderr: 2024-08-18 21:51:23 - Contents folder: ./output
2024-08-18 21:51:27,482 - ERROR - fullparse.sh stderr: 2024-08-18 21:51:23 - Ontology folders: ./ontologies/imports
2024-08-18 21:51:27,482 - ERROR - fullparse.sh stderr: 2024-08-18 21:51:23 - Ontology files: D:/Code/oquare-metrics/ontologies/imports/TD1.owl
2024-08-18 21:51:27,482 - ERROR - fullparse.sh stderr: 2024-08-18 21:51:23 - Ignore files:
2024-08-18 21:51:27,483 - ERROR - fullparse.sh stderr: 2024-08-18 21:51:23 - Reasoner: HermiT
2024-08-18 21:51:27,483 - ERROR - fullparse.sh stderr: 2024-08-18 21:51:23 - Model plot: true
2024-08-18 21:51:27,483 - ERROR - fullparse.sh stderr: 2024-08-18 21:51:23 - Characteristics plot: true
2024-08-18 21:51:27,483 - ERROR - fullparse.sh stderr: 2024-08-18 21:51:23 - Subcharacteristics plot: true
2024-08-18 21:51:27,484 - ERROR - fullparse.sh stderr: 2024-08-18 21:51:23 - Metrics plot: true
2024-08-18 21:51:27,484 - ERROR - fullparse.sh stderr: 2024-08-18 21:51:23 - Evolution plot: true
2024-08-18 21:51:27,484 - ERROR - fullparse.sh stderr: 2024-08-18 21:51:23 - Starting fullparse.sh
2024-08-18 21:51:27,484 - ERROR - fullparse.sh stderr: 2024-08-18 21:51:23 - Contents folder: ./output
2024-08-18 21:51:27,485 - ERROR - fullparse.sh stderr: 2024-08-18 21:51:24 - Ontology folders: ./ontologies/imports
2024-08-18 21:51:27,485 - ERROR - fullparse.sh stderr: 2024-08-18 21:51:24 - Ontology files: D:/Code/oquare-metrics/ontologies/imports/TD1.owl
2024-08-18 21:51:27,485 - ERROR - fullparse.sh stderr: 2024-08-18 21:51:24 - Reasoner: HermiT
2024-08-18 21:51:27,485 - ERROR - fullparse.sh stderr: 2024-08-18 21:51:24 - Created directory: ./output/temp_results/ontologies/imports
2024-08-18 21:51:27,486 - ERROR - fullparse.sh stderr: 2024-08-18 21:51:24 - Processing individual ontology file: D:/Code/oquare-metrics/ontologies/imports/TD1.owl
2024-08-18 21:51:27,486 - ERROR - fullparse.sh stderr: 2024-08-18 21:51:24 - Created directory: ./output/temp_results/ontologies/imports/TD1/2024-08-18_21-51-23/metrics
2024-08-18 21:51:27,486 - ERROR - fullparse.sh stderr: 2024-08-18 21:51:24 - Executing Java command: java -jar ./libs/oquare-versions.jar --ontology "D:/Code/oquare-metrics/ontologies/imports/TD1.owl" --reasoner "HermiT" --outputFile "./output/temp_results/ontologies/imports/TD1/2024-08-18_21-51-23/metrics/TD1.xml"
2024-08-18 21:51:27,486 - ERROR - fullparse.sh stderr: 2024-08-18 21:51:27 - Metrics file generated successfully: ./output/temp_results/ontologies/imports/TD1/2024-08-18_21-51-23/metrics/TD1.xml
2024-08-18 21:51:27,487 - ERROR - fullparse.sh stderr: 2024-08-18 21:51:27 - fullparse.sh completed successfully
2024-08-18 21:51:27,488 - INFO - fullparse.sh exit code: 0
2024-08-18 21:51:27,488 - INFO - fullparse.sh completed successfully
2024-08-18 21:51:27,488 - INFO - Executing generate_images.py with command: python ./src/generate_images.py -i ./output -s ./ontologies/imports -f TD1.owl -d 2024-08-18_21-51-27 -M -c -S -m -e
2024-08-18 21:51:27,518 - ERROR - Image generation failed with exit code: 1
2024-08-18 21:51:27,519 - ERROR - Error output:   File "D:\Code\oquare-metrics\src\generate_images.py", line 31
    parser = argparse.ArgumentParser(description='Generate OQuaRE Metrics Images')
    ^
IndentationError: expected an indented block after 'try' statement on line 30

2024-08-18 21:51:27,520 - INFO - Main script completed successfully
2024-08-18 21:53:07,619 - INFO - Starting main.py
2024-08-18 21:53:07,635 - INFO - Arguments: Namespace(input='./output', source='./ontologies/imports', file='TD1.owl', reasoner='HermiT', model=True, characteristics=True, subcharacteristics=True, metrics=True, evolution=True)
2024-08-18 21:53:07,635 - DEBUG - Current working directory: D:\Code\oquare-metrics
2024-08-18 21:53:07,635 - DEBUG - Looking for ontology file at (absolute path): D:\Code\oquare-metrics\ontologies\imports\TD1.owl
2024-08-18 21:53:07,635 - INFO - Full fullparse.sh command: sh ./src/fullparse.sh -i ./output -s ./ontologies/imports -f D:\Code\oquare-metrics\ontologies\imports\TD1.owl -r HermiT -M -c -S -m -e
2024-08-18 21:53:07,635 - INFO - Starting execution of fullparse.sh
2024-08-18 21:53:11,839 - ERROR - fullparse.sh stderr: 2024-08-18 21:53:07 - Starting fullparse.sh with arguments: -i
2024-08-18 21:53:11,839 - ERROR - fullparse.sh stderr: 2024-08-18 21:53:07 - Java version: 22.0.2
2024-08-18 21:53:11,839 - ERROR - fullparse.sh stderr: 2024-08-18 21:53:08 - Input parameters:
2024-08-18 21:53:11,839 - ERROR - fullparse.sh stderr: 2024-08-18 21:53:08 - Contents folder: ./output
2024-08-18 21:53:11,839 - ERROR - fullparse.sh stderr: 2024-08-18 21:53:08 - Ontology folders: ./ontologies/imports
2024-08-18 21:53:11,839 - ERROR - fullparse.sh stderr: 2024-08-18 21:53:08 - Ontology files: D:/Code/oquare-metrics/ontologies/imports/TD1.owl
2024-08-18 21:53:11,839 - ERROR - fullparse.sh stderr: 2024-08-18 21:53:08 - Ignore files:
2024-08-18 21:53:11,839 - ERROR - fullparse.sh stderr: 2024-08-18 21:53:08 - Reasoner: HermiT
2024-08-18 21:53:11,839 - ERROR - fullparse.sh stderr: 2024-08-18 21:53:08 - Model plot: true
2024-08-18 21:53:11,839 - ERROR - fullparse.sh stderr: 2024-08-18 21:53:08 - Characteristics plot: true
2024-08-18 21:53:11,839 - ERROR - fullparse.sh stderr: 2024-08-18 21:53:08 - Subcharacteristics plot: true
2024-08-18 21:53:11,839 - ERROR - fullparse.sh stderr: 2024-08-18 21:53:08 - Metrics plot: true
2024-08-18 21:53:11,839 - ERROR - fullparse.sh stderr: 2024-08-18 21:53:08 - Evolution plot: true
2024-08-18 21:53:11,839 - ERROR - fullparse.sh stderr: 2024-08-18 21:53:08 - Starting fullparse.sh
2024-08-18 21:53:11,839 - ERROR - fullparse.sh stderr: 2024-08-18 21:53:08 - Contents folder: ./output
2024-08-18 21:53:11,839 - ERROR - fullparse.sh stderr: 2024-08-18 21:53:08 - Ontology folders: ./ontologies/imports
2024-08-18 21:53:11,839 - ERROR - fullparse.sh stderr: 2024-08-18 21:53:08 - Ontology files: D:/Code/oquare-metrics/ontologies/imports/TD1.owl
2024-08-18 21:53:11,839 - ERROR - fullparse.sh stderr: 2024-08-18 21:53:08 - Reasoner: HermiT
2024-08-18 21:53:11,839 - ERROR - fullparse.sh stderr: 2024-08-18 21:53:08 - Created directory: ./output/temp_results/ontologies/imports
2024-08-18 21:53:11,839 - ERROR - fullparse.sh stderr: 2024-08-18 21:53:08 - Processing individual ontology file: D:/Code/oquare-metrics/ontologies/imports/TD1.owl
2024-08-18 21:53:11,839 - ERROR - fullparse.sh stderr: 2024-08-18 21:53:08 - Created directory: ./output/temp_results/ontologies/imports/TD1/2024-08-18_21-53-08/metrics
2024-08-18 21:53:11,839 - ERROR - fullparse.sh stderr: 2024-08-18 21:53:08 - Executing Java command: java -jar ./libs/oquare-versions.jar --ontology "D:/Code/oquare-metrics/ontologies/imports/TD1.owl" --reasoner "HermiT" --outputFile "./output/temp_results/ontologies/imports/TD1/2024-08-18_21-53-08/metrics/TD1.xml"
2024-08-18 21:53:11,839 - ERROR - fullparse.sh stderr: 2024-08-18 21:53:11 - Metrics file generated successfully: ./output/temp_results/ontologies/imports/TD1/2024-08-18_21-53-08/metrics/TD1.xml
2024-08-18 21:53:11,839 - ERROR - fullparse.sh stderr: 2024-08-18 21:53:11 - fullparse.sh completed successfully
2024-08-18 21:53:11,839 - INFO - fullparse.sh exit code: 0
2024-08-18 21:53:11,855 - INFO - fullparse.sh completed successfully
2024-08-18 21:53:11,855 - ERROR - Metrics file not found after running fullparse.sh: ./output\temp_results\ontologies\imports\TD1\2024-08-18_21-53-07\metrics\TD1.xml
2024-08-18 21:53:11,855 - ERROR - Contents of ./output\temp_results\ontologies\imports\TD1\2024-08-18_21-53-07\metrics:
2024-08-18 21:53:11,856 - ERROR - Directory ./output\temp_results\ontologies\imports\TD1\2024-08-18_21-53-07\metrics does not exist
2024-08-18 21:54:14,812 - INFO - Starting main.py
2024-08-18 21:54:14,830 - INFO - Arguments: Namespace(input='./output', source='./ontologies/imports', file='TD1.owl', reasoner='HermiT', model=True, characteristics=True, subcharacteristics=True, metrics=True, evolution=True)
2024-08-18 21:54:14,831 - DEBUG - Current working directory: D:\Code\oquare-metrics
2024-08-18 21:54:14,832 - DEBUG - Looking for ontology file at (absolute path): D:\Code\oquare-metrics\ontologies\imports\TD1.owl
2024-08-18 21:54:14,832 - INFO - Full fullparse.sh command: sh ./src/fullparse.sh -i ./output -s ./ontologies/imports -f D:\Code\oquare-metrics\ontologies\imports\TD1.owl -r HermiT -M -c -S -m -e
2024-08-18 21:54:14,832 - INFO - Starting execution of fullparse.sh
2024-08-18 21:54:19,064 - ERROR - fullparse.sh stderr: 2024-08-18 21:54:14 - Starting fullparse.sh with arguments: -i
2024-08-18 21:54:19,064 - ERROR - fullparse.sh stderr: 2024-08-18 21:54:15 - Java version: 22.0.2
2024-08-18 21:54:19,064 - ERROR - fullparse.sh stderr: 2024-08-18 21:54:15 - Input parameters:
2024-08-18 21:54:19,064 - ERROR - fullparse.sh stderr: 2024-08-18 21:54:15 - Contents folder: ./output
2024-08-18 21:54:19,064 - ERROR - fullparse.sh stderr: 2024-08-18 21:54:15 - Ontology folders: ./ontologies/imports
2024-08-18 21:54:19,064 - ERROR - fullparse.sh stderr: 2024-08-18 21:54:15 - Ontology files: D:/Code/oquare-metrics/ontologies/imports/TD1.owl
2024-08-18 21:54:19,064 - ERROR - fullparse.sh stderr: 2024-08-18 21:54:15 - Ignore files:
2024-08-18 21:54:19,072 - ERROR - fullparse.sh stderr: 2024-08-18 21:54:15 - Reasoner: HermiT
2024-08-18 21:54:19,072 - ERROR - fullparse.sh stderr: 2024-08-18 21:54:15 - Model plot: true
2024-08-18 21:54:19,072 - ERROR - fullparse.sh stderr: 2024-08-18 21:54:15 - Characteristics plot: true
2024-08-18 21:54:19,072 - ERROR - fullparse.sh stderr: 2024-08-18 21:54:15 - Subcharacteristics plot: true
2024-08-18 21:54:19,073 - ERROR - fullparse.sh stderr: 2024-08-18 21:54:15 - Metrics plot: true
2024-08-18 21:54:19,073 - ERROR - fullparse.sh stderr: 2024-08-18 21:54:15 - Evolution plot: true
2024-08-18 21:54:19,073 - ERROR - fullparse.sh stderr: 2024-08-18 21:54:15 - Starting fullparse.sh
2024-08-18 21:54:19,073 - ERROR - fullparse.sh stderr: 2024-08-18 21:54:15 - Contents folder: ./output
2024-08-18 21:54:19,074 - ERROR - fullparse.sh stderr: 2024-08-18 21:54:15 - Ontology folders: ./ontologies/imports
2024-08-18 21:54:19,075 - ERROR - fullparse.sh stderr: 2024-08-18 21:54:15 - Ontology files: D:/Code/oquare-metrics/ontologies/imports/TD1.owl
2024-08-18 21:54:19,075 - ERROR - fullparse.sh stderr: 2024-08-18 21:54:15 - Reasoner: HermiT
2024-08-18 21:54:19,075 - ERROR - fullparse.sh stderr: 2024-08-18 21:54:15 - Created directory: ./output/temp_results/ontologies/imports
2024-08-18 21:54:19,076 - ERROR - fullparse.sh stderr: 2024-08-18 21:54:15 - Processing individual ontology file: D:/Code/oquare-metrics/ontologies/imports/TD1.owl
2024-08-18 21:54:19,076 - ERROR - fullparse.sh stderr: 2024-08-18 21:54:15 - Created directory: ./output/temp_results/ontologies/imports/TD1/2024-08-18_21-54-15/metrics
2024-08-18 21:54:19,077 - ERROR - fullparse.sh stderr: 2024-08-18 21:54:15 - Executing Java command: java -jar ./libs/oquare-versions.jar --ontology "D:/Code/oquare-metrics/ontologies/imports/TD1.owl" --reasoner "HermiT" --outputFile "./output/temp_results/ontologies/imports/TD1/2024-08-18_21-54-15/metrics/TD1.xml"
2024-08-18 21:54:19,077 - ERROR - fullparse.sh stderr: 2024-08-18 21:54:19 - Metrics file generated successfully: ./output/temp_results/ontologies/imports/TD1/2024-08-18_21-54-15/metrics/TD1.xml
2024-08-18 21:54:19,078 - ERROR - fullparse.sh stderr: 2024-08-18 21:54:19 - fullparse.sh completed successfully
2024-08-18 21:54:19,078 - INFO - fullparse.sh exit code: 0
2024-08-18 21:54:19,078 - INFO - fullparse.sh completed successfully
2024-08-18 21:54:19,079 - ERROR - Metrics file not found after running fullparse.sh: output\temp_results\ontologies\imports\TD1\2024-08-18_21-54-14\metrics\TD1.xml
2024-08-18 21:54:19,079 - ERROR - Contents of output\temp_results\ontologies\imports\TD1\2024-08-18_21-54-14\metrics:
2024-08-18 21:54:19,079 - ERROR - Directory output\temp_results\ontologies\imports\TD1\2024-08-18_21-54-14\metrics does not exist
2024-08-18 21:55:49,282 - INFO - Starting main.py
2024-08-18 21:55:49,282 - INFO - Arguments: Namespace(input='./output', source='./ontologies/imports', file='TD1.owl', reasoner='HermiT', model=True, characteristics=True, subcharacteristics=True, metrics=True, evolution=True)
2024-08-18 21:55:49,282 - DEBUG - Current working directory: D:\Code\oquare-metrics
2024-08-18 21:55:49,295 - DEBUG - Looking for ontology file at (absolute path): D:\Code\oquare-metrics\ontologies\imports\TD1.owl
2024-08-18 21:55:49,295 - INFO - Full fullparse.sh command: sh ./src/fullparse.sh -i ./output -s ./ontologies/imports -f D:\Code\oquare-metrics\ontologies\imports\TD1.owl -r HermiT -M -c -S -m -e
2024-08-18 21:55:49,296 - INFO - Starting execution of fullparse.sh
2024-08-18 21:55:53,513 - ERROR - fullparse.sh stderr: 2024-08-18 21:55:49 - Starting fullparse.sh with arguments: -i
2024-08-18 21:55:53,513 - ERROR - fullparse.sh stderr: 2024-08-18 21:55:49 - Java version: 22.0.2
2024-08-18 21:55:53,513 - ERROR - fullparse.sh stderr: 2024-08-18 21:55:49 - Input parameters:
2024-08-18 21:55:53,513 - ERROR - fullparse.sh stderr: 2024-08-18 21:55:49 - Contents folder: ./output
2024-08-18 21:55:53,513 - ERROR - fullparse.sh stderr: 2024-08-18 21:55:49 - Ontology folders: ./ontologies/imports
2024-08-18 21:55:53,513 - ERROR - fullparse.sh stderr: 2024-08-18 21:55:49 - Ontology files: D:/Code/oquare-metrics/ontologies/imports/TD1.owl
2024-08-18 21:55:53,513 - ERROR - fullparse.sh stderr: 2024-08-18 21:55:49 - Ignore files:
2024-08-18 21:55:53,513 - ERROR - fullparse.sh stderr: 2024-08-18 21:55:49 - Reasoner: HermiT
2024-08-18 21:55:53,513 - ERROR - fullparse.sh stderr: 2024-08-18 21:55:49 - Model plot: true
2024-08-18 21:55:53,513 - ERROR - fullparse.sh stderr: 2024-08-18 21:55:49 - Characteristics plot: true
2024-08-18 21:55:53,513 - ERROR - fullparse.sh stderr: 2024-08-18 21:55:49 - Subcharacteristics plot: true
2024-08-18 21:55:53,513 - ERROR - fullparse.sh stderr: 2024-08-18 21:55:49 - Metrics plot: true
2024-08-18 21:55:53,528 - ERROR - fullparse.sh stderr: 2024-08-18 21:55:49 - Evolution plot: true
2024-08-18 21:55:53,529 - ERROR - fullparse.sh stderr: 2024-08-18 21:55:49 - Starting fullparse.sh
2024-08-18 21:55:53,529 - ERROR - fullparse.sh stderr: 2024-08-18 21:55:49 - Contents folder: ./output
2024-08-18 21:55:53,529 - ERROR - fullparse.sh stderr: 2024-08-18 21:55:49 - Ontology folders: ./ontologies/imports
2024-08-18 21:55:53,529 - ERROR - fullparse.sh stderr: 2024-08-18 21:55:50 - Ontology files: D:/Code/oquare-metrics/ontologies/imports/TD1.owl
2024-08-18 21:55:53,530 - ERROR - fullparse.sh stderr: 2024-08-18 21:55:50 - Reasoner: HermiT
2024-08-18 21:55:53,530 - ERROR - fullparse.sh stderr: 2024-08-18 21:55:50 - Created directory: ./output/temp_results/ontologies/imports
2024-08-18 21:55:53,530 - ERROR - fullparse.sh stderr: 2024-08-18 21:55:50 - Processing individual ontology file: D:/Code/oquare-metrics/ontologies/imports/TD1.owl
2024-08-18 21:55:53,531 - ERROR - fullparse.sh stderr: 2024-08-18 21:55:50 - Created directory: ./output/temp_results/ontologies/imports/TD1/2024-08-18_21-55-49/metrics
2024-08-18 21:55:53,531 - ERROR - fullparse.sh stderr: 2024-08-18 21:55:50 - Executing Java command: java -jar ./libs/oquare-versions.jar --ontology "D:/Code/oquare-metrics/ontologies/imports/TD1.owl" --reasoner "HermiT" --outputFile "./output/temp_results/ontologies/imports/TD1/2024-08-18_21-55-49/metrics/TD1.xml"
2024-08-18 21:55:53,531 - ERROR - fullparse.sh stderr: 2024-08-18 21:55:53 - Metrics file generated successfully: ./output/temp_results/ontologies/imports/TD1/2024-08-18_21-55-49/metrics/TD1.xml
2024-08-18 21:55:53,532 - ERROR - fullparse.sh stderr: 2024-08-18 21:55:53 - fullparse.sh completed successfully
2024-08-18 21:55:53,532 - INFO - fullparse.sh exit code: 0
2024-08-18 21:55:53,532 - INFO - fullparse.sh completed successfully
2024-08-18 21:55:53,532 - INFO - Executing generate_images.py with command: python ./src/generate_images.py -i ./output -s ./ontologies/imports -f TD1.owl -d 2024-08-18_21-55-49 -M -c -S -m -e
2024-08-18 21:55:53,574 - ERROR - Image generation failed with exit code: 1
2024-08-18 21:55:53,574 - ERROR - Error output:   File "D:\Code\oquare-metrics\src\generate_images.py", line 42
    args = parser.parse_args()
    ^^^^
SyntaxError: expected 'except' or 'finally' block

2024-08-18 21:55:53,575 - INFO - Main script completed successfully
2024-08-19 07:50:07,334 - INFO - Starting main.py
2024-08-19 07:50:07,334 - INFO - Arguments: Namespace(input='./output', source='./ontologies', file='my_ontology.owl', reasoner='HermiT', model=True, characteristics=True, subcharacteristics=True, metrics=True, evolution=True)
2024-08-19 07:50:07,334 - DEBUG - Current working directory: D:\Code\oquare-metrics
2024-08-19 07:50:07,334 - DEBUG - Looking for ontology file at (absolute path): None
2024-08-19 07:50:07,334 - ERROR - Ontology file not found: my_ontology.owl
2024-08-19 07:50:07,334 - ERROR - Searched in: ./ontologies
2024-08-19 07:50:25,900 - INFO - Starting main.py
2024-08-19 07:50:25,900 - INFO - Arguments: Namespace(input='./output', source='./ontologies/imports', file='TD1.owl', reasoner='HermiT', model=True, characteristics=True, subcharacteristics=True, metrics=True, evolution=True)
2024-08-19 07:50:25,900 - DEBUG - Current working directory: D:\Code\oquare-metrics
2024-08-19 07:50:25,915 - DEBUG - Looking for ontology file at (absolute path): D:\Code\oquare-metrics\ontologies\imports\TD1.owl
2024-08-19 07:50:25,915 - INFO - Full fullparse.sh command: sh ./src/fullparse.sh -i ./output -s ./ontologies/imports -f D:\Code\oquare-metrics\ontologies\imports\TD1.owl -r HermiT -M -c -S -m -e
2024-08-19 07:50:25,916 - INFO - Starting execution of fullparse.sh
2024-08-19 07:50:29,980 - ERROR - fullparse.sh stderr: 2024-08-19 07:50:25 - Starting fullparse.sh with arguments: -i
2024-08-19 07:50:29,980 - ERROR - fullparse.sh stderr: 2024-08-19 07:50:26 - Input parameters:
2024-08-19 07:50:29,980 - ERROR - fullparse.sh stderr: 2024-08-19 07:50:26 - Contents folder: ./output
2024-08-19 07:50:29,980 - ERROR - fullparse.sh stderr: 2024-08-19 07:50:26 - Ontology folders: ./ontologies/imports
2024-08-19 07:50:29,980 - ERROR - fullparse.sh stderr: 2024-08-19 07:50:26 - Ontology files: D:/Code/oquare-metrics/ontologies/imports/TD1.owl
2024-08-19 07:50:29,980 - ERROR - fullparse.sh stderr: 2024-08-19 07:50:26 - Ignore files:
2024-08-19 07:50:29,980 - ERROR - fullparse.sh stderr: 2024-08-19 07:50:26 - Reasoner: HermiT
2024-08-19 07:50:29,980 - ERROR - fullparse.sh stderr: 2024-08-19 07:50:26 - Model plot: true
2024-08-19 07:50:29,980 - ERROR - fullparse.sh stderr: 2024-08-19 07:50:26 - Characteristics plot: true
2024-08-19 07:50:29,980 - ERROR - fullparse.sh stderr: 2024-08-19 07:50:26 - Subcharacteristics plot: true
2024-08-19 07:50:29,980 - ERROR - fullparse.sh stderr: 2024-08-19 07:50:26 - Metrics plot: true
2024-08-19 07:50:29,980 - ERROR - fullparse.sh stderr: 2024-08-19 07:50:26 - Evolution plot: true
2024-08-19 07:50:29,980 - ERROR - fullparse.sh stderr: 2024-08-19 07:50:26 - Starting fullparse.sh
2024-08-19 07:50:29,980 - ERROR - fullparse.sh stderr: 2024-08-19 07:50:26 - Contents folder: ./output
2024-08-19 07:50:29,980 - ERROR - fullparse.sh stderr: 2024-08-19 07:50:26 - Ontology folders: ./ontologies/imports
2024-08-19 07:50:29,980 - ERROR - fullparse.sh stderr: 2024-08-19 07:50:26 - Ontology files: D:/Code/oquare-metrics/ontologies/imports/TD1.owl
2024-08-19 07:50:29,980 - ERROR - fullparse.sh stderr: 2024-08-19 07:50:26 - Reasoner: HermiT
2024-08-19 07:50:29,980 - ERROR - fullparse.sh stderr: 2024-08-19 07:50:26 - Created directory: ./output/temp_results/ontologies/imports
2024-08-19 07:50:29,980 - ERROR - fullparse.sh stderr: 2024-08-19 07:50:26 - Processing individual ontology file: D:/Code/oquare-metrics/ontologies/imports/TD1.owl
2024-08-19 07:50:29,987 - ERROR - fullparse.sh stderr: 2024-08-19 07:50:26 - Created directory: ./output/temp_results/ontologies/imports/TD1/2024-08-19_07-50-26/metrics
2024-08-19 07:50:29,987 - ERROR - fullparse.sh stderr: 2024-08-19 07:50:26 - Executing OQuaRE command: java -jar ./libs/oquare-versions.jar --ontology "D:/Code/oquare-metrics/ontologies/imports/TD1.owl" --reasoner "HermiT" --outputFile "./output/temp_results/ontologies/imports/TD1/2024-08-19_07-50-26/metrics/TD1.xml"
2024-08-19 07:50:29,987 - ERROR - fullparse.sh stderr: 2024-08-19 07:50:29 - Metrics file generated successfully: ./output/temp_results/ontologies/imports/TD1/2024-08-19_07-50-26/metrics/TD1.xml
2024-08-19 07:50:29,988 - ERROR - fullparse.sh stderr: 2024-08-19 07:50:29 - fullparse.sh completed successfully
2024-08-19 07:50:29,988 - INFO - fullparse.sh exit code: 0
2024-08-19 07:50:29,988 - INFO - fullparse.sh completed successfully
2024-08-19 07:50:29,988 - ERROR - Metrics file not found after running fullparse.sh: output\temp_results\ontologies\imports\TD1\2024-08-19_07-50-25\metrics\TD1.xml
2024-08-19 07:50:29,989 - ERROR - Contents of output\temp_results\ontologies\imports\TD1\2024-08-19_07-50-25\metrics:
2024-08-19 07:50:29,989 - ERROR - Directory output\temp_results\ontologies\imports\TD1\2024-08-19_07-50-25\metrics does not exist
2024-08-19 07:55:04,512 - INFO - Starting main.py
2024-08-19 07:55:04,512 - INFO - Arguments: Namespace(input='./output', source='./ontologies/imports', file='TD1.owl', reasoner='HermiT', model=True, characteristics=True, subcharacteristics=True, metrics=True, evolution=True)
2024-08-19 07:55:04,512 - DEBUG - Current working directory: D:\Code\oquare-metrics
2024-08-19 07:55:04,512 - DEBUG - Looking for ontology file at (absolute path): D:\Code\oquare-metrics\ontologies\imports\TD1.owl
2024-08-19 07:55:04,527 - INFO - Full fullparse.sh command: sh ./src/fullparse.sh -i ./output -s ./ontologies/imports -f D:\Code\oquare-metrics\ontologies\imports\TD1.owl -r HermiT -M -c -S -m -e
2024-08-19 07:55:04,527 - INFO - Starting execution of fullparse.sh
2024-08-19 07:55:05,329 - ERROR - fullparse.sh stderr: 2024-08-19 07:55:04 - Starting fullparse.sh with arguments: -i
2024-08-19 07:55:05,329 - ERROR - fullparse.sh stderr: 2024-08-19 07:55:04 - Input parameters:
2024-08-19 07:55:05,329 - ERROR - fullparse.sh stderr: 2024-08-19 07:55:04 - Contents folder: ./output
2024-08-19 07:55:05,329 - ERROR - fullparse.sh stderr: 2024-08-19 07:55:04 - Ontology folders: ./ontologies/imports
2024-08-19 07:55:05,329 - ERROR - fullparse.sh stderr: 2024-08-19 07:55:04 - Ontology files: D:/Code/oquare-metrics/ontologies/imports/TD1.owl
2024-08-19 07:55:05,329 - ERROR - fullparse.sh stderr: 2024-08-19 07:55:04 - Ignore files:
2024-08-19 07:55:05,345 - ERROR - fullparse.sh stderr: 2024-08-19 07:55:04 - Reasoner: HermiT
2024-08-19 07:55:05,345 - ERROR - fullparse.sh stderr: 2024-08-19 07:55:04 - Model plot: true
2024-08-19 07:55:05,345 - ERROR - fullparse.sh stderr: 2024-08-19 07:55:04 - Characteristics plot: true
2024-08-19 07:55:05,345 - ERROR - fullparse.sh stderr: 2024-08-19 07:55:04 - Subcharacteristics plot: true
2024-08-19 07:55:05,345 - ERROR - fullparse.sh stderr: 2024-08-19 07:55:04 - Metrics plot: true
2024-08-19 07:55:05,345 - ERROR - fullparse.sh stderr: 2024-08-19 07:55:04 - Evolution plot: true
2024-08-19 07:55:05,345 - ERROR - fullparse.sh stderr: 2024-08-19 07:55:05 - Starting fullparse.sh
2024-08-19 07:55:05,345 - ERROR - fullparse.sh stderr: 2024-08-19 07:55:05 - Contents folder: ./output
2024-08-19 07:55:05,345 - ERROR - fullparse.sh stderr: 2024-08-19 07:55:05 - Ontology folders: ./ontologies/imports
2024-08-19 07:55:05,345 - ERROR - fullparse.sh stderr: 2024-08-19 07:55:05 - Ontology files: D:/Code/oquare-metrics/ontologies/imports/TD1.owl
2024-08-19 07:55:05,345 - ERROR - fullparse.sh stderr: 2024-08-19 07:55:05 - Reasoner: HermiT
2024-08-19 07:55:05,349 - ERROR - fullparse.sh stderr: 2024-08-19 07:55:05 - Created directory: ./output/temp_results/ontologies/imports
2024-08-19 07:55:05,349 - ERROR - fullparse.sh stderr: 2024-08-19 07:55:05 - Processing individual ontology file: D:/Code/oquare-metrics/ontologies/imports/TD1.owl
2024-08-19 07:55:05,349 - ERROR - fullparse.sh stderr: 2024-08-19 07:55:05 - Created directory: ./output/temp_results/ontologies/imports/TD1/2024-08-19_07-55-04/metrics
2024-08-19 07:55:05,350 - ERROR - fullparse.sh stderr: 2024-08-19 07:55:05 - Error: Metrics file was not generated for D:/Code/oquare-metrics/ontologies/imports/TD1.owl
2024-08-19 07:55:05,350 - INFO - fullparse.sh exit code: 1
2024-08-19 07:55:05,350 - ERROR - fullparse.sh failed with exit code: 1
2024-08-19 07:55:05,350 - ERROR - Command that failed: sh ./src/fullparse.sh -i ./output -s ./ontologies/imports -f D:\Code\oquare-metrics\ontologies\imports\TD1.owl -r HermiT -M -c -S -m -e
2024-08-19 07:55:05,351 - ERROR - Exception details:
Traceback (most recent call last):
  File "D:\Code\oquare-metrics\src\main.py", line 128, in main
    raise subprocess.CalledProcessError(returncode, fullparse_command)
subprocess.CalledProcessError: Command '['sh', './src/fullparse.sh', '-i', './output', '-s', './ontologies/imports', '-f', 'D:\\Code\\oquare-metrics\\ontologies\\imports\\TD1.owl', '-r', 'HermiT', '-M', '-c', '-S', '-m', '-e']' returned non-zero exit status 1.
2024-08-19 07:59:39,029 - INFO - Starting main.py
2024-08-19 07:59:39,046 - INFO - Arguments: Namespace(input='./output', source='./ontologies/imports', file='TD1.owl', reasoner='HermiT', model=True, characteristics=True, subcharacteristics=True, metrics=True, evolution=True)
2024-08-19 07:59:39,046 - DEBUG - Script directory: D:\Code\oquare-metrics\src
2024-08-19 07:59:39,047 - DEBUG - Constructed ontology file path: D:\Code\oquare-metrics\ontologies\imports\TD1.owl
2024-08-19 07:59:39,047 - INFO - Full fullparse.sh command: sh D:\Code\oquare-metrics\src\fullparse.sh -i D:\Code\oquare-metrics\output -s D:\Code\oquare-metrics\ontologies\imports -f TD1.owl -r HermiT -M -c -S -m -e
2024-08-19 07:59:39,047 - INFO - Starting execution of fullparse.sh
2024-08-19 07:59:39,852 - ERROR - fullparse.sh stderr: 2024-08-19 07:59:39 - Starting fullparse.sh with arguments: -i
2024-08-19 07:59:39,852 - ERROR - fullparse.sh stderr: 2024-08-19 07:59:39 - Input parameters:
2024-08-19 07:59:39,852 - ERROR - fullparse.sh stderr: 2024-08-19 07:59:39 - Contents folder: D:\Code\oquare-metrics\output
2024-08-19 07:59:39,852 - ERROR - fullparse.sh stderr: 2024-08-19 07:59:39 - Ontology folders: D:\Code\oquare-metrics\ontologies\imports
2024-08-19 07:59:39,852 - ERROR - fullparse.sh stderr: 2024-08-19 07:59:39 - Ontology files: TD1.owl
2024-08-19 07:59:39,852 - ERROR - fullparse.sh stderr: 2024-08-19 07:59:39 - Ignore files:
2024-08-19 07:59:39,852 - ERROR - fullparse.sh stderr: 2024-08-19 07:59:39 - Reasoner: HermiT
2024-08-19 07:59:39,852 - ERROR - fullparse.sh stderr: 2024-08-19 07:59:39 - Model plot: true
2024-08-19 07:59:39,852 - ERROR - fullparse.sh stderr: 2024-08-19 07:59:39 - Characteristics plot: true
2024-08-19 07:59:39,852 - ERROR - fullparse.sh stderr: 2024-08-19 07:59:39 - Subcharacteristics plot: true
2024-08-19 07:59:39,852 - ERROR - fullparse.sh stderr: 2024-08-19 07:59:39 - Metrics plot: true
2024-08-19 07:59:39,852 - ERROR - fullparse.sh stderr: 2024-08-19 07:59:39 - Evolution plot: true
2024-08-19 07:59:39,852 - ERROR - fullparse.sh stderr: 2024-08-19 07:59:39 - Starting fullparse.sh
2024-08-19 07:59:39,852 - ERROR - fullparse.sh stderr: 2024-08-19 07:59:39 - Contents folder: D:\Code\oquare-metrics\output
2024-08-19 07:59:39,852 - ERROR - fullparse.sh stderr: 2024-08-19 07:59:39 - Ontology folders: D:\Code\oquare-metrics\ontologies\imports
2024-08-19 07:59:39,852 - ERROR - fullparse.sh stderr: 2024-08-19 07:59:39 - Ontology files: TD1.owl
2024-08-19 07:59:39,852 - ERROR - fullparse.sh stderr: 2024-08-19 07:59:39 - Reasoner: HermiT
2024-08-19 07:59:39,868 - ERROR - fullparse.sh stderr: 2024-08-19 07:59:39 - Created directory: D:\Code\oquare-metrics\output/temp_results/ontologies/imports
2024-08-19 07:59:39,868 - ERROR - fullparse.sh stderr: 2024-08-19 07:59:39 - Processing individual ontology file: TD1.owl
2024-08-19 07:59:39,868 - ERROR - fullparse.sh stderr: 2024-08-19 07:59:39 - Created directory: D:\Code\oquare-metrics\output/temp_results/ontologies/imports/TD1/2024-08-19_07-59-39/metrics
2024-08-19 07:59:39,869 - ERROR - fullparse.sh stderr: 2024-08-19 07:59:39 - Error: Metrics file was not generated for TD1.owl
2024-08-19 07:59:39,869 - INFO - fullparse.sh exit code: 1
2024-08-19 07:59:39,869 - ERROR - fullparse.sh failed with exit code: 1
2024-08-19 07:59:39,869 - ERROR - Command that failed: sh D:\Code\oquare-metrics\src\fullparse.sh -i D:\Code\oquare-metrics\output -s D:\Code\oquare-metrics\ontologies\imports -f TD1.owl -r HermiT -M -c -S -m -e
2024-08-19 07:59:39,870 - ERROR - Exception details:
Traceback (most recent call last):
  File "D:\Code\oquare-metrics\src\main.py", line 124, in main
    raise subprocess.CalledProcessError(returncode, fullparse_command)
subprocess.CalledProcessError: Command '['sh', 'D:\\Code\\oquare-metrics\\src\\fullparse.sh', '-i', 'D:\\Code\\oquare-metrics\\output', '-s', 'D:\\Code\\oquare-metrics\\ontologies\\imports', '-f', 'TD1.owl', '-r', 'HermiT', '-M', '-c', '-S', '-m', '-e']' returned non-zero exit status 1.
2024-08-19 08:01:51,165 - INFO - Starting main.py
2024-08-19 08:01:51,181 - INFO - Arguments: Namespace(input='./output', source='./ontologies/imports', file='TD1.owl', reasoner='HermiT', model=True, characteristics=True, subcharacteristics=True, metrics=True, evolution=True)
2024-08-19 08:01:51,181 - DEBUG - Script directory: D:\Code\oquare-metrics\src
2024-08-19 08:01:51,182 - DEBUG - Constructed ontology file path: D:\Code\oquare-metrics\ontologies\imports\TD1.owl
2024-08-19 08:01:51,182 - INFO - Full fullparse.sh command: sh D:\Code\oquare-metrics\src\fullparse.sh -i D:\Code\oquare-metrics\output -s D:\Code\oquare-metrics\ontologies\imports -f TD1.owl -r HermiT -M -c -S -m -e
2024-08-19 08:01:51,183 - INFO - Starting execution of fullparse.sh
2024-08-19 08:01:51,943 - ERROR - fullparse.sh stderr: 2024-08-19 08:01:51 - Starting fullparse.sh with arguments: -i
2024-08-19 08:01:51,943 - ERROR - fullparse.sh stderr: 2024-08-19 08:01:51 - Input parameters:
2024-08-19 08:01:51,943 - ERROR - fullparse.sh stderr: 2024-08-19 08:01:51 - Contents folder: D:\Code\oquare-metrics\output
2024-08-19 08:01:51,943 - ERROR - fullparse.sh stderr: 2024-08-19 08:01:51 - Ontology folders: D:\Code\oquare-metrics\ontologies\imports
2024-08-19 08:01:51,943 - ERROR - fullparse.sh stderr: 2024-08-19 08:01:51 - Ontology files: TD1.owl
2024-08-19 08:01:51,943 - ERROR - fullparse.sh stderr: 2024-08-19 08:01:51 - Ignore files:
2024-08-19 08:01:51,943 - ERROR - fullparse.sh stderr: 2024-08-19 08:01:51 - Reasoner: HermiT
2024-08-19 08:01:51,943 - ERROR - fullparse.sh stderr: 2024-08-19 08:01:51 - Model plot: true
2024-08-19 08:01:51,943 - ERROR - fullparse.sh stderr: 2024-08-19 08:01:51 - Characteristics plot: true
2024-08-19 08:01:51,943 - ERROR - fullparse.sh stderr: 2024-08-19 08:01:51 - Subcharacteristics plot: true
2024-08-19 08:01:51,943 - ERROR - fullparse.sh stderr: 2024-08-19 08:01:51 - Metrics plot: true
2024-08-19 08:01:51,943 - ERROR - fullparse.sh stderr: 2024-08-19 08:01:51 - Evolution plot: true
2024-08-19 08:01:51,943 - ERROR - fullparse.sh stderr: 2024-08-19 08:01:51 - Starting fullparse.sh
2024-08-19 08:01:51,943 - ERROR - fullparse.sh stderr: 2024-08-19 08:01:51 - Contents folder: D:\Code\oquare-metrics\output
2024-08-19 08:01:51,943 - ERROR - fullparse.sh stderr: 2024-08-19 08:01:51 - Ontology folders: D:\Code\oquare-metrics\ontologies\imports
2024-08-19 08:01:51,943 - ERROR - fullparse.sh stderr: 2024-08-19 08:01:51 - Ontology files: TD1.owl
2024-08-19 08:01:51,943 - ERROR - fullparse.sh stderr: 2024-08-19 08:01:51 - Reasoner: HermiT
2024-08-19 08:01:51,943 - ERROR - fullparse.sh stderr: 2024-08-19 08:01:51 - Created directory: D:\Code\oquare-metrics\output\temp_results\ontologies\imports
2024-08-19 08:01:51,943 - ERROR - fullparse.sh stderr: 2024-08-19 08:01:51 - Processing individual ontology file: TD1.owl
2024-08-19 08:01:51,957 - ERROR - fullparse.sh stderr: 2024-08-19 08:01:51 - Created directory: D:\Code\oquare-metrics\output\temp_results\ontologies\imports\TD1\2024-08-19_08-01-51\metrics
2024-08-19 08:01:51,957 - ERROR - fullparse.sh stderr: 2024-08-19 08:01:51 - Error: Metrics file was not generated for TD1.owl
2024-08-19 08:01:51,957 - INFO - fullparse.sh exit code: 1
2024-08-19 08:01:51,958 - ERROR - fullparse.sh failed with exit code: 1
2024-08-19 08:01:51,958 - ERROR - Command that failed: sh D:\Code\oquare-metrics\src\fullparse.sh -i D:\Code\oquare-metrics\output -s D:\Code\oquare-metrics\ontologies\imports -f TD1.owl -r HermiT -M -c -S -m -e
2024-08-19 08:01:51,958 - ERROR - Exception details:
Traceback (most recent call last):
  File "D:\Code\oquare-metrics\src\main.py", line 124, in main
    raise subprocess.CalledProcessError(returncode, fullparse_command)
subprocess.CalledProcessError: Command '['sh', 'D:\\Code\\oquare-metrics\\src\\fullparse.sh', '-i', 'D:\\Code\\oquare-metrics\\output', '-s', 'D:\\Code\\oquare-metrics\\ontologies\\imports', '-f', 'TD1.owl', '-r', 'HermiT', '-M', '-c', '-S', '-m', '-e']' returned non-zero exit status 1.
2024-08-19 08:04:13,663 - INFO - Starting main.py
2024-08-19 08:04:13,672 - INFO - Arguments: Namespace(input='./output', source='./ontologies/imports', file='TD1.owl', reasoner='HermiT', model=True, characteristics=True, subcharacteristics=True, metrics=True, evolution=True)
2024-08-19 08:04:13,672 - DEBUG - Script directory: D:\Code\oquare-metrics\src
2024-08-19 08:04:13,673 - DEBUG - Constructed ontology file path: D:\Code\oquare-metrics\ontologies\imports\TD1.owl
2024-08-19 08:04:13,673 - INFO - Full fullparse.sh command: sh D:\Code\oquare-metrics\src\fullparse.sh -i D:\Code\oquare-metrics\output -s D:\Code\oquare-metrics\ontologies\imports -f TD1.owl -r HermiT -M -c -S -m -e
2024-08-19 08:04:13,673 - INFO - Starting execution of fullparse.sh
2024-08-19 08:04:13,674 - INFO - Executing command: sh D:\Code\oquare-metrics\src\fullparse.sh -i D:\Code\oquare-metrics\output -s D:\Code\oquare-metrics\ontologies\imports -f TD1.owl -r HermiT -M -c -S -m -e
2024-08-19 08:04:14,417 - ERROR - fullparse.sh stderr: 2024-08-19 08:04:13 - Starting fullparse.sh with arguments: -i
2024-08-19 08:04:14,417 - ERROR - fullparse.sh stderr: 2024-08-19 08:04:13 - Input parameters:
2024-08-19 08:04:14,417 - ERROR - fullparse.sh stderr: 2024-08-19 08:04:13 - Contents folder: D:\Code\oquare-metrics\output
2024-08-19 08:04:14,417 - ERROR - fullparse.sh stderr: 2024-08-19 08:04:13 - Ontology folders: D:\Code\oquare-metrics\ontologies\imports
2024-08-19 08:04:14,417 - ERROR - fullparse.sh stderr: 2024-08-19 08:04:13 - Ontology files: TD1.owl
2024-08-19 08:04:14,417 - ERROR - fullparse.sh stderr: 2024-08-19 08:04:13 - Ignore files:
2024-08-19 08:04:14,417 - ERROR - fullparse.sh stderr: 2024-08-19 08:04:13 - Reasoner: HermiT
2024-08-19 08:04:14,417 - ERROR - fullparse.sh stderr: 2024-08-19 08:04:13 - Model plot: true
2024-08-19 08:04:14,417 - ERROR - fullparse.sh stderr: 2024-08-19 08:04:13 - Characteristics plot: true
2024-08-19 08:04:14,417 - ERROR - fullparse.sh stderr: 2024-08-19 08:04:13 - Subcharacteristics plot: true
2024-08-19 08:04:14,417 - ERROR - fullparse.sh stderr: 2024-08-19 08:04:14 - Metrics plot: true
2024-08-19 08:04:14,417 - ERROR - fullparse.sh stderr: 2024-08-19 08:04:14 - Evolution plot: true
2024-08-19 08:04:14,417 - ERROR - fullparse.sh stderr: 2024-08-19 08:04:14 - Starting fullparse.sh
2024-08-19 08:04:14,417 - ERROR - fullparse.sh stderr: 2024-08-19 08:04:14 - Contents folder: D:\Code\oquare-metrics\output
2024-08-19 08:04:14,417 - ERROR - fullparse.sh stderr: 2024-08-19 08:04:14 - Ontology folders: D:\Code\oquare-metrics\ontologies\imports
2024-08-19 08:04:14,417 - ERROR - fullparse.sh stderr: 2024-08-19 08:04:14 - Ontology files: TD1.owl
2024-08-19 08:04:14,417 - ERROR - fullparse.sh stderr: 2024-08-19 08:04:14 - Reasoner: HermiT
2024-08-19 08:04:14,417 - ERROR - fullparse.sh stderr: 2024-08-19 08:04:14 - Created directory: D:\Code\oquare-metrics\output\temp_results\ontologies\imports
2024-08-19 08:04:14,417 - ERROR - fullparse.sh stderr: 2024-08-19 08:04:14 - Processing individual ontology file: TD1.owl
2024-08-19 08:04:14,417 - ERROR - fullparse.sh stderr: 2024-08-19 08:04:14 - Created directory: D:\Code\oquare-metrics\output\temp_results\ontologies\imports\TD1\2024-08-19_08-04-14\metrics
2024-08-19 08:04:14,417 - ERROR - fullparse.sh stderr: 2024-08-19 08:04:14 - Error: Metrics file was not generated for TD1.owl
2024-08-19 08:04:14,428 - INFO - fullparse.sh exit code: 1
2024-08-19 08:04:14,429 - ERROR - fullparse.sh failed with exit code: 1
2024-08-19 08:04:14,429 - ERROR - Command that failed: sh D:\Code\oquare-metrics\src\fullparse.sh -i D:\Code\oquare-metrics\output -s D:\Code\oquare-metrics\ontologies\imports -f TD1.owl -r HermiT -M -c -S -m -e
2024-08-19 08:04:14,429 - ERROR - Exception details:
Traceback (most recent call last):
  File "D:\Code\oquare-metrics\src\main.py", line 120, in main
    raise subprocess.CalledProcessError(returncode, fullparse_command)
subprocess.CalledProcessError: Command '['sh', 'D:\\Code\\oquare-metrics\\src\\fullparse.sh', '-i', 'D:\\Code\\oquare-metrics\\output', '-s', 'D:\\Code\\oquare-metrics\\ontologies\\imports', '-f', 'TD1.owl', '-r', 'HermiT', '-M', '-c', '-S', '-m', '-e']' returned non-zero exit status 1.
2024-08-19 08:07:12,609 - INFO - Starting main.py
2024-08-19 08:07:12,609 - INFO - Arguments: Namespace(input='./output', source='./ontologies/imports', file='TD1.owl', reasoner='HermiT', model=True, characteristics=True, subcharacteristics=True, metrics=True, evolution=True)
2024-08-19 08:07:12,624 - DEBUG - Script directory: D:\Code\oquare-metrics\src
2024-08-19 08:07:12,624 - DEBUG - Constructed ontology file path: D:\Code\oquare-metrics\ontologies\imports\TD1.owl
2024-08-19 08:07:12,625 - INFO - Full fullparse.sh command: sh D:\Code\oquare-metrics\src\fullparse.sh -i D:\Code\oquare-metrics\output -s D:\Code\oquare-metrics\ontologies\imports -f TD1.owl -r HermiT -M -c -S -m -e
2024-08-19 08:07:12,626 - INFO - Starting execution of fullparse.sh
2024-08-19 08:07:12,626 - INFO - Executing command: sh D:\Code\oquare-metrics\src\fullparse.sh -i D:\Code\oquare-metrics\output -s D:\Code\oquare-metrics\ontologies\imports -f TD1.owl -r HermiT -M -c -S -m -e
2024-08-19 08:07:13,595 - ERROR - fullparse.sh stderr: 2024-08-19 08:07:12 - Starting fullparse.sh with arguments: -i
2024-08-19 08:07:13,595 - ERROR - fullparse.sh stderr: 2024-08-19 08:07:12 - Input parameters:
2024-08-19 08:07:13,595 - ERROR - fullparse.sh stderr: 2024-08-19 08:07:12 - Contents folder: D/Code/oquare-metrics/output
2024-08-19 08:07:13,595 - ERROR - fullparse.sh stderr: 2024-08-19 08:07:13 - Ontology folders: D/Code/oquare-metrics/ontologies/imports
2024-08-19 08:07:13,595 - ERROR - fullparse.sh stderr: 2024-08-19 08:07:13 - Ontology files: TD1.owl
2024-08-19 08:07:13,595 - ERROR - fullparse.sh stderr: 2024-08-19 08:07:13 - Ignore files:
2024-08-19 08:07:13,595 - ERROR - fullparse.sh stderr: 2024-08-19 08:07:13 - Reasoner: HermiT
2024-08-19 08:07:13,595 - ERROR - fullparse.sh stderr: 2024-08-19 08:07:13 - Model plot: true
2024-08-19 08:07:13,595 - ERROR - fullparse.sh stderr: 2024-08-19 08:07:13 - Characteristics plot: true
2024-08-19 08:07:13,595 - ERROR - fullparse.sh stderr: 2024-08-19 08:07:13 - Subcharacteristics plot: true
2024-08-19 08:07:13,595 - ERROR - fullparse.sh stderr: 2024-08-19 08:07:13 - Metrics plot: true
2024-08-19 08:07:13,595 - ERROR - fullparse.sh stderr: 2024-08-19 08:07:13 - Evolution plot: true
2024-08-19 08:07:13,595 - ERROR - fullparse.sh stderr: 2024-08-19 08:07:13 - All arguments: -i
2024-08-19 08:07:13,595 - ERROR - fullparse.sh stderr: 2024-08-19 08:07:13 - Starting fullparse.sh
2024-08-19 08:07:13,595 - ERROR - fullparse.sh stderr: 2024-08-19 08:07:13 - Contents folder: D/Code/oquare-metrics/output
2024-08-19 08:07:13,595 - ERROR - fullparse.sh stderr: 2024-08-19 08:07:13 - Ontology folders: D/Code/oquare-metrics/ontologies/imports
2024-08-19 08:07:13,595 - ERROR - fullparse.sh stderr: 2024-08-19 08:07:13 - Ontology files: TD1.owl
2024-08-19 08:07:13,595 - ERROR - fullparse.sh stderr: 2024-08-19 08:07:13 - Reasoner: HermiT
2024-08-19 08:07:13,595 - ERROR - fullparse.sh stderr: 2024-08-19 08:07:13 - Created directory: D/Code/oquare-metrics/output\temp_results\ontologies\imports
2024-08-19 08:07:13,595 - ERROR - fullparse.sh stderr: 2024-08-19 08:07:13 - Processing individual ontology file: TD1.owl
2024-08-19 08:07:13,595 - ERROR - fullparse.sh stderr: 2024-08-19 08:07:13 - Created directory: D/Code/oquare-metrics/output\temp_results\ontologies\imports\TD1\2024-08-19_08-07-13\metrics
2024-08-19 08:07:13,606 - ERROR - fullparse.sh stderr: 2024-08-19 08:07:13 - Error: Metrics file was not generated for TD1.owl
2024-08-19 08:07:13,610 - INFO - fullparse.sh exit code: 1
2024-08-19 08:07:13,610 - ERROR - fullparse.sh failed with exit code: 1
2024-08-19 08:07:13,611 - ERROR - Command that failed: sh D:\Code\oquare-metrics\src\fullparse.sh -i D:\Code\oquare-metrics\output -s D:\Code\oquare-metrics\ontologies\imports -f TD1.owl -r HermiT -M -c -S -m -e
2024-08-19 08:07:13,611 - ERROR - Exception details:
Traceback (most recent call last):
  File "D:\Code\oquare-metrics\src\main.py", line 120, in main
    raise subprocess.CalledProcessError(returncode, fullparse_command)
subprocess.CalledProcessError: Command '['sh', 'D:\\Code\\oquare-metrics\\src\\fullparse.sh', '-i', 'D:\\Code\\oquare-metrics\\output', '-s', 'D:\\Code\\oquare-metrics\\ontologies\\imports', '-f', 'TD1.owl', '-r', 'HermiT', '-M', '-c', '-S', '-m', '-e']' returned non-zero exit status 1.
2024-08-19 08:09:23,426 - INFO - Starting main.py
2024-08-19 08:09:23,438 - INFO - Arguments: Namespace(input='./output', source='./ontologies/imports', file='TD1.owl', reasoner='HermiT', model=True, characteristics=True, subcharacteristics=True, metrics=True, evolution=True)
2024-08-19 08:09:23,438 - DEBUG - Script directory: D:\Code\oquare-metrics\src
2024-08-19 08:09:23,438 - DEBUG - Constructed ontology file path: D:\Code\oquare-metrics\ontologies\imports\TD1.owl
2024-08-19 08:09:23,438 - INFO - Full fullparse.sh command: sh D:\Code\oquare-metrics\src\fullparse.sh -i D:\Code\oquare-metrics\output -s D:\Code\oquare-metrics\ontologies\imports -f TD1.owl -r HermiT -M -c -S -m -e
2024-08-19 08:09:23,439 - INFO - Starting execution of fullparse.sh
2024-08-19 08:09:23,439 - INFO - Executing command: sh D:\Code\oquare-metrics\src\fullparse.sh -i D:\Code\oquare-metrics\output -s D:\Code\oquare-metrics\ontologies\imports -f TD1.owl -r HermiT -M -c -S -m -e
2024-08-19 08:09:24,434 - ERROR - fullparse.sh stderr: 2024-08-19 08:09:23 - Starting fullparse.sh with arguments: -i
2024-08-19 08:09:24,434 - ERROR - fullparse.sh stderr: 2024-08-19 08:09:23 - Input parameters:
2024-08-19 08:09:24,435 - ERROR - fullparse.sh stderr: 2024-08-19 08:09:23 - Contents folder: D/Code/oquare-metrics/output
2024-08-19 08:09:24,435 - ERROR - fullparse.sh stderr: 2024-08-19 08:09:23 - Ontology folders: D/Code/oquare-metrics/ontologies/imports
2024-08-19 08:09:24,435 - ERROR - fullparse.sh stderr: 2024-08-19 08:09:23 - Ontology files: TD1.owl
2024-08-19 08:09:24,435 - ERROR - fullparse.sh stderr: 2024-08-19 08:09:23 - Ignore files:
2024-08-19 08:09:24,435 - ERROR - fullparse.sh stderr: 2024-08-19 08:09:23 - Reasoner: HermiT
2024-08-19 08:09:24,436 - ERROR - fullparse.sh stderr: 2024-08-19 08:09:23 - Model plot: true
2024-08-19 08:09:24,436 - ERROR - fullparse.sh stderr: 2024-08-19 08:09:23 - Characteristics plot: true
2024-08-19 08:09:24,436 - ERROR - fullparse.sh stderr: 2024-08-19 08:09:23 - Subcharacteristics plot: true
2024-08-19 08:09:24,436 - ERROR - fullparse.sh stderr: 2024-08-19 08:09:23 - Metrics plot: true
2024-08-19 08:09:24,437 - ERROR - fullparse.sh stderr: 2024-08-19 08:09:24 - Evolution plot: true
2024-08-19 08:09:24,437 - ERROR - fullparse.sh stderr: 2024-08-19 08:09:24 - All arguments:
2024-08-19 08:09:24,437 - ERROR - fullparse.sh stderr: 2024-08-19 08:09:24 - Starting fullparse.sh
2024-08-19 08:09:24,437 - ERROR - fullparse.sh stderr: 2024-08-19 08:09:24 - Contents folder: D/Code/oquare-metrics/output
2024-08-19 08:09:24,438 - ERROR - fullparse.sh stderr: 2024-08-19 08:09:24 - Ontology folders: D/Code/oquare-metrics/ontologies/imports
2024-08-19 08:09:24,438 - ERROR - fullparse.sh stderr: 2024-08-19 08:09:24 - Ontology files: TD1.owl
2024-08-19 08:09:24,438 - ERROR - fullparse.sh stderr: 2024-08-19 08:09:24 - Reasoner: HermiT
2024-08-19 08:09:24,438 - ERROR - fullparse.sh stderr: 2024-08-19 08:09:24 - Created directory: D/Code/oquare-metrics/output\temp_results\ontologies\imports
2024-08-19 08:09:24,438 - ERROR - fullparse.sh stderr: 2024-08-19 08:09:24 - Processing individual ontology file: TD1.owl
2024-08-19 08:09:24,439 - ERROR - fullparse.sh stderr: 2024-08-19 08:09:24 - Created directory: D/Code/oquare-metrics/output\temp_results\ontologies\imports\TD1\2024-08-19_08-09-24\metrics
2024-08-19 08:09:24,439 - ERROR - fullparse.sh stderr: 2024-08-19 08:09:24 - Error: Metrics file was not generated for TD1.owl
2024-08-19 08:09:24,443 - INFO - fullparse.sh exit code: 1
2024-08-19 08:09:24,443 - ERROR - fullparse.sh failed with exit code: 1
2024-08-19 08:09:24,444 - ERROR - Command that failed: sh D:\Code\oquare-metrics\src\fullparse.sh -i D:\Code\oquare-metrics\output -s D:\Code\oquare-metrics\ontologies\imports -f TD1.owl -r HermiT -M -c -S -m -e
2024-08-19 08:09:24,444 - ERROR - Exception details:
Traceback (most recent call last):
  File "D:\Code\oquare-metrics\src\main.py", line 120, in main
    raise subprocess.CalledProcessError(returncode, fullparse_command)
subprocess.CalledProcessError: Command '['sh', 'D:\\Code\\oquare-metrics\\src\\fullparse.sh', '-i', 'D:\\Code\\oquare-metrics\\output', '-s', 'D:\\Code\\oquare-metrics\\ontologies\\imports', '-f', 'TD1.owl', '-r', 'HermiT', '-M', '-c', '-S', '-m', '-e']' returned non-zero exit status 1.
2024-08-19 08:10:50,262 - INFO - Starting main.py
2024-08-19 08:10:50,271 - INFO - Arguments: Namespace(input='./output', source='./ontologies/imports', file='TD1.owl', reasoner='HermiT', model=True, characteristics=True, subcharacteristics=True, metrics=True, evolution=True)
2024-08-19 08:10:50,271 - DEBUG - Script directory: D:\Code\oquare-metrics\src
2024-08-19 08:10:50,271 - DEBUG - Constructed ontology file path: D:\Code\oquare-metrics\ontologies\imports\TD1.owl
2024-08-19 08:10:50,271 - INFO - Full fullparse.sh command: sh D:\Code\oquare-metrics\src\fullparse.sh -i D:\Code\oquare-metrics\output -s D:\Code\oquare-metrics\ontologies\imports -f TD1.owl -r HermiT -M -c -S -m -e
2024-08-19 08:10:50,273 - INFO - Starting execution of fullparse.sh
2024-08-19 08:10:50,273 - INFO - Executing command: sh D:\Code\oquare-metrics\src\fullparse.sh -i D:\Code\oquare-metrics\output -s D:\Code\oquare-metrics\ontologies\imports -f TD1.owl -r HermiT -M -c -S -m -e
2024-08-19 08:10:51,304 - ERROR - fullparse.sh stderr: 2024-08-19 08:10:50 - Starting fullparse.sh with arguments: -i
2024-08-19 08:10:51,304 - ERROR - fullparse.sh stderr: 2024-08-19 08:10:50 - Input parameters:
2024-08-19 08:10:51,305 - ERROR - fullparse.sh stderr: 2024-08-19 08:10:50 - Contents folder: D/Code/oquare-metrics/output
2024-08-19 08:10:51,305 - ERROR - fullparse.sh stderr: 2024-08-19 08:10:50 - Ontology folders: D/Code/oquare-metrics/ontologies/imports
2024-08-19 08:10:51,307 - ERROR - fullparse.sh stderr: 2024-08-19 08:10:50 - Ontology files: TD1.owl
2024-08-19 08:10:51,307 - ERROR - fullparse.sh stderr: 2024-08-19 08:10:50 - Ignore files:
2024-08-19 08:10:51,307 - ERROR - fullparse.sh stderr: 2024-08-19 08:10:50 - Reasoner: HermiT
2024-08-19 08:10:51,307 - ERROR - fullparse.sh stderr: 2024-08-19 08:10:50 - Model plot: true
2024-08-19 08:10:51,307 - ERROR - fullparse.sh stderr: 2024-08-19 08:10:50 - Characteristics plot: true
2024-08-19 08:10:51,307 - ERROR - fullparse.sh stderr: 2024-08-19 08:10:50 - Subcharacteristics plot: true
2024-08-19 08:10:51,308 - ERROR - fullparse.sh stderr: 2024-08-19 08:10:50 - Metrics plot: true
2024-08-19 08:10:51,308 - ERROR - fullparse.sh stderr: 2024-08-19 08:10:50 - Evolution plot: true
2024-08-19 08:10:51,308 - ERROR - fullparse.sh stderr: 2024-08-19 08:10:50 - All arguments:
2024-08-19 08:10:51,308 - ERROR - fullparse.sh stderr: 2024-08-19 08:10:50 - Starting fullparse.sh
2024-08-19 08:10:51,309 - ERROR - fullparse.sh stderr: 2024-08-19 08:10:51 - Contents folder: D/Code/oquare-metrics/output
2024-08-19 08:10:51,309 - ERROR - fullparse.sh stderr: 2024-08-19 08:10:51 - Ontology folders: D/Code/oquare-metrics/ontologies/imports
2024-08-19 08:10:51,309 - ERROR - fullparse.sh stderr: 2024-08-19 08:10:51 - Ontology files: TD1.owl
2024-08-19 08:10:51,309 - ERROR - fullparse.sh stderr: 2024-08-19 08:10:51 - Reasoner: HermiT
2024-08-19 08:10:51,309 - ERROR - fullparse.sh stderr: 2024-08-19 08:10:51 - Created directory: D/Code/oquare-metrics/output/temp_results/ontologies/imports
2024-08-19 08:10:51,310 - ERROR - fullparse.sh stderr: 2024-08-19 08:10:51 - Processing individual ontology file: TD1.owl
2024-08-19 08:10:51,310 - ERROR - fullparse.sh stderr: 2024-08-19 08:10:51 - Created directory: D/Code/oquare-metrics/output/temp_results/ontologies/imports/TD1/2024-08-19_08-10-50/metrics
2024-08-19 08:10:51,310 - ERROR - fullparse.sh stderr: 2024-08-19 08:10:51 - Error: Metrics file was not generated for TD1.owl
2024-08-19 08:10:51,314 - INFO - fullparse.sh exit code: 1
2024-08-19 08:10:51,314 - ERROR - fullparse.sh failed with exit code: 1
2024-08-19 08:10:51,314 - ERROR - Command that failed: sh D:\Code\oquare-metrics\src\fullparse.sh -i D:\Code\oquare-metrics\output -s D:\Code\oquare-metrics\ontologies\imports -f TD1.owl -r HermiT -M -c -S -m -e
2024-08-19 08:10:51,315 - ERROR - Exception details:
Traceback (most recent call last):
  File "D:\Code\oquare-metrics\src\main.py", line 120, in main
    raise subprocess.CalledProcessError(returncode, fullparse_command)
subprocess.CalledProcessError: Command '['sh', 'D:\\Code\\oquare-metrics\\src\\fullparse.sh', '-i', 'D:\\Code\\oquare-metrics\\output', '-s', 'D:\\Code\\oquare-metrics\\ontologies\\imports', '-f', 'TD1.owl', '-r', 'HermiT', '-M', '-c', '-S', '-m', '-e']' returned non-zero exit status 1.
2024-08-19 08:12:22,110 - INFO - Starting main.py
2024-08-19 08:12:22,126 - INFO - Arguments: Namespace(input='./output', source='./ontologies/imports', file='TD1.owl', reasoner='HermiT', model=True, characteristics=True, subcharacteristics=True, metrics=True, evolution=True)
2024-08-19 08:12:22,126 - DEBUG - Script directory: D:\Code\oquare-metrics\src
2024-08-19 08:12:22,126 - DEBUG - Constructed ontology file path: D:\Code\oquare-metrics\ontologies\imports\TD1.owl
2024-08-19 08:12:22,136 - INFO - Full fullparse.sh command: sh D:\Code\oquare-metrics\src\fullparse.sh -i D:\Code\oquare-metrics\output -s D:\Code\oquare-metrics\ontologies\imports -f D:\Code\oquare-metrics\ontologies\imports\TD1.owl -r HermiT -M -c -S -m -e
2024-08-19 08:12:22,137 - INFO - Starting execution of fullparse.sh
2024-08-19 08:12:22,137 - INFO - Executing command: sh D:\Code\oquare-metrics\src\fullparse.sh -i D:\Code\oquare-metrics\output -s D:\Code\oquare-metrics\ontologies\imports -f D:\Code\oquare-metrics\ontologies\imports\TD1.owl -r HermiT -M -c -S -m -e
2024-08-19 08:12:23,354 - ERROR - fullparse.sh stderr: 2024-08-19 08:12:22 - Starting fullparse.sh with arguments: -i
2024-08-19 08:12:23,354 - ERROR - fullparse.sh stderr: 2024-08-19 08:12:22 - Input parameters:
2024-08-19 08:12:23,354 - ERROR - fullparse.sh stderr: 2024-08-19 08:12:22 - Contents folder: D/Code/oquare-metrics/output
2024-08-19 08:12:23,354 - ERROR - fullparse.sh stderr: 2024-08-19 08:12:22 - Ontology folders: D/Code/oquare-metrics/ontologies/imports
2024-08-19 08:12:23,354 - ERROR - fullparse.sh stderr: 2024-08-19 08:12:22 - Ontology files: D/Code/oquare-metrics/ontologies/imports/TD1.owl
2024-08-19 08:12:23,354 - ERROR - fullparse.sh stderr: 2024-08-19 08:12:22 - Ignore files:
2024-08-19 08:12:23,354 - ERROR - fullparse.sh stderr: 2024-08-19 08:12:22 - Reasoner: HermiT
2024-08-19 08:12:23,354 - ERROR - fullparse.sh stderr: 2024-08-19 08:12:22 - Model plot: true
2024-08-19 08:12:23,354 - ERROR - fullparse.sh stderr: 2024-08-19 08:12:22 - Characteristics plot: true
2024-08-19 08:12:23,354 - ERROR - fullparse.sh stderr: 2024-08-19 08:12:22 - Subcharacteristics plot: true
2024-08-19 08:12:23,354 - ERROR - fullparse.sh stderr: 2024-08-19 08:12:22 - Metrics plot: true
2024-08-19 08:12:23,354 - ERROR - fullparse.sh stderr: 2024-08-19 08:12:22 - Evolution plot: true
2024-08-19 08:12:23,354 - ERROR - fullparse.sh stderr: 2024-08-19 08:12:22 - All arguments:
2024-08-19 08:12:23,354 - ERROR - fullparse.sh stderr: 2024-08-19 08:12:22 - Starting fullparse.sh
2024-08-19 08:12:23,354 - ERROR - fullparse.sh stderr: 2024-08-19 08:12:22 - Contents folder: D/Code/oquare-metrics/output
2024-08-19 08:12:23,354 - ERROR - fullparse.sh stderr: 2024-08-19 08:12:22 - Ontology folders: D/Code/oquare-metrics/ontologies/imports
2024-08-19 08:12:23,354 - ERROR - fullparse.sh stderr: 2024-08-19 08:12:22 - Ontology files: D/Code/oquare-metrics/ontologies/imports/TD1.owl
2024-08-19 08:12:23,354 - ERROR - fullparse.sh stderr: 2024-08-19 08:12:22 - Reasoner: HermiT
2024-08-19 08:12:23,367 - ERROR - fullparse.sh stderr: 2024-08-19 08:12:23 - Created directory: D/Code/oquare-metrics/output/temp_results/ontologies/imports
2024-08-19 08:12:23,367 - ERROR - fullparse.sh stderr: 2024-08-19 08:12:23 - Processing individual ontology file: D/Code/oquare-metrics/ontologies/imports/TD1.owl
2024-08-19 08:12:23,367 - ERROR - fullparse.sh stderr: 2024-08-19 08:12:23 - Created directory: D/Code/oquare-metrics/output/temp_results/ontologies/imports/TD1/2024-08-19_08-12-22/metrics
2024-08-19 08:12:23,368 - ERROR - fullparse.sh stderr: 2024-08-19 08:12:23 - Running OQuaRE tool...
2024-08-19 08:12:23,368 - ERROR - fullparse.sh stderr: Error: Unable to access jarfile ../libs/oquare-versions.jar
2024-08-19 08:12:23,368 - ERROR - fullparse.sh stderr: 2024-08-19 08:12:23 - Error occurred in line 125 with exit code 1
2024-08-19 08:12:23,369 - ERROR - fullparse.sh stderr: 2024-08-19 08:12:23 - Last command executed: java -jar "../libs/oquare-versions.jar" -o "$ontology_files" -m "$outputFilePath" -r "$reasoner"
2024-08-19 08:12:23,370 - INFO - fullparse.sh exit code: 1
2024-08-19 08:12:23,370 - ERROR - fullparse.sh failed with exit code: 1
2024-08-19 08:12:23,371 - ERROR - Command that failed: sh D:\Code\oquare-metrics\src\fullparse.sh -i D:\Code\oquare-metrics\output -s D:\Code\oquare-metrics\ontologies\imports -f D:\Code\oquare-metrics\ontologies\imports\TD1.owl -r HermiT -M -c -S -m -e
2024-08-19 08:12:23,371 - ERROR - Exception details:
Traceback (most recent call last):
  File "D:\Code\oquare-metrics\src\main.py", line 120, in main
    raise subprocess.CalledProcessError(returncode, fullparse_command)
subprocess.CalledProcessError: Command '['sh', 'D:\\Code\\oquare-metrics\\src\\fullparse.sh', '-i', 'D:\\Code\\oquare-metrics\\output', '-s', 'D:\\Code\\oquare-metrics\\ontologies\\imports', '-f', 'D:\\Code\\oquare-metrics\\ontologies\\imports\\TD1.owl', '-r', 'HermiT', '-M', '-c', '-S', '-m', '-e']' returned non-zero exit status 1.
2024-08-19 08:14:02,009 - INFO - Starting main.py
2024-08-19 08:14:02,025 - INFO - Arguments: Namespace(input='./output', source='./ontologies/imports', file='TD1.owl', reasoner='HermiT', model=True, characteristics=True, subcharacteristics=True, metrics=True, evolution=True)
2024-08-19 08:14:02,025 - DEBUG - Script directory: D:\Code\oquare-metrics\src
2024-08-19 08:14:02,025 - DEBUG - Constructed ontology file path: D:\Code\oquare-metrics\ontologies\imports\TD1.owl
2024-08-19 08:14:02,025 - INFO - Full fullparse.sh command: sh D:\Code\oquare-metrics\src\fullparse.sh -i D:\Code\oquare-metrics\output -s D:\Code\oquare-metrics\ontologies\imports -f D:\Code\oquare-metrics\ontologies\imports\TD1.owl -r HermiT -M -c -S -m -e
2024-08-19 08:14:02,025 - INFO - Starting execution of fullparse.sh
2024-08-19 08:14:02,025 - INFO - Executing command: sh D:\Code\oquare-metrics\src\fullparse.sh -i D:\Code\oquare-metrics\output -s D:\Code\oquare-metrics\ontologies\imports -f D:\Code\oquare-metrics\ontologies\imports\TD1.owl -r HermiT -M -c -S -m -e
2024-08-19 08:14:03,490 - ERROR - fullparse.sh stderr: 2024-08-19 08:14:02 - Starting fullparse.sh with arguments: -i
2024-08-19 08:14:03,490 - ERROR - fullparse.sh stderr: 2024-08-19 08:14:02 - Input parameters:
2024-08-19 08:14:03,490 - ERROR - fullparse.sh stderr: 2024-08-19 08:14:02 - Contents folder: /D/Code/oquare-metrics/output
2024-08-19 08:14:03,490 - ERROR - fullparse.sh stderr: 2024-08-19 08:14:02 - Ontology folders: /D/Code/oquare-metrics/ontologies/imports
2024-08-19 08:14:03,490 - ERROR - fullparse.sh stderr: 2024-08-19 08:14:02 - Ontology files: /D/Code/oquare-metrics/ontologies/imports/TD1.owl
2024-08-19 08:14:03,490 - ERROR - fullparse.sh stderr: 2024-08-19 08:14:02 - Ignore files:
2024-08-19 08:14:03,490 - ERROR - fullparse.sh stderr: 2024-08-19 08:14:02 - Reasoner: HermiT
2024-08-19 08:14:03,490 - ERROR - fullparse.sh stderr: 2024-08-19 08:14:02 - Model plot: true
2024-08-19 08:14:03,490 - ERROR - fullparse.sh stderr: 2024-08-19 08:14:02 - Characteristics plot: true
2024-08-19 08:14:03,490 - ERROR - fullparse.sh stderr: 2024-08-19 08:14:02 - Subcharacteristics plot: true
2024-08-19 08:14:03,490 - ERROR - fullparse.sh stderr: 2024-08-19 08:14:02 - Metrics plot: true
2024-08-19 08:14:03,490 - ERROR - fullparse.sh stderr: 2024-08-19 08:14:02 - Evolution plot: true
2024-08-19 08:14:03,490 - ERROR - fullparse.sh stderr: 2024-08-19 08:14:02 - All arguments:
2024-08-19 08:14:03,490 - ERROR - fullparse.sh stderr: 2024-08-19 08:14:02 - Starting fullparse.sh
2024-08-19 08:14:03,490 - ERROR - fullparse.sh stderr: 2024-08-19 08:14:02 - Contents folder: /D/Code/oquare-metrics/output
2024-08-19 08:14:03,490 - ERROR - fullparse.sh stderr: 2024-08-19 08:14:02 - Ontology folders: /D/Code/oquare-metrics/ontologies/imports
2024-08-19 08:14:03,496 - ERROR - fullparse.sh stderr: 2024-08-19 08:14:02 - Ontology files: /D/Code/oquare-metrics/ontologies/imports/TD1.owl
2024-08-19 08:14:03,496 - ERROR - fullparse.sh stderr: 2024-08-19 08:14:02 - Reasoner: HermiT
2024-08-19 08:14:03,496 - ERROR - fullparse.sh stderr: 2024-08-19 08:14:02 - Created directory: /D/Code/oquare-metrics/output/temp_results/ontologies/imports
2024-08-19 08:14:03,497 - ERROR - fullparse.sh stderr: 2024-08-19 08:14:02 - Processing individual ontology file: /D/Code/oquare-metrics/ontologies/imports/TD1.owl
2024-08-19 08:14:03,497 - ERROR - fullparse.sh stderr: 2024-08-19 08:14:03 - Created directory: /D/Code/oquare-metrics/output/temp_results/ontologies/imports/TD1/2024-08-19_08-14-02/metrics
2024-08-19 08:14:03,497 - ERROR - fullparse.sh stderr: 2024-08-19 08:14:03 - Running OQuaRE tool...
2024-08-19 08:14:03,497 - ERROR - fullparse.sh stderr: Error: Unable to access jarfile ../libs/oquare-versions.jar
2024-08-19 08:14:03,497 - ERROR - fullparse.sh stderr: 2024-08-19 08:14:03 - Error occurred in line 125 with exit code 1
2024-08-19 08:14:03,498 - ERROR - fullparse.sh stderr: 2024-08-19 08:14:03 - Last command executed: java -jar "../libs/oquare-versions.jar" -o "$(convert_path "$ontology_files")" -m "$(convert_path "$outputFilePath")" -r "$reasoner"
2024-08-19 08:14:03,500 - INFO - fullparse.sh exit code: 1
2024-08-19 08:14:03,500 - ERROR - fullparse.sh failed with exit code: 1
2024-08-19 08:14:03,500 - ERROR - Command that failed: sh D:\Code\oquare-metrics\src\fullparse.sh -i D:\Code\oquare-metrics\output -s D:\Code\oquare-metrics\ontologies\imports -f D:\Code\oquare-metrics\ontologies\imports\TD1.owl -r HermiT -M -c -S -m -e
2024-08-19 08:14:03,501 - ERROR - Exception details:
Traceback (most recent call last):
  File "D:\Code\oquare-metrics\src\main.py", line 120, in main
    raise subprocess.CalledProcessError(returncode, fullparse_command)
subprocess.CalledProcessError: Command '['sh', 'D:\\Code\\oquare-metrics\\src\\fullparse.sh', '-i', 'D:\\Code\\oquare-metrics\\output', '-s', 'D:\\Code\\oquare-metrics\\ontologies\\imports', '-f', 'D:\\Code\\oquare-metrics\\ontologies\\imports\\TD1.owl', '-r', 'HermiT', '-M', '-c', '-S', '-m', '-e']' returned non-zero exit status 1.
2024-08-19 08:15:42,407 - INFO - Starting main.py
2024-08-19 08:15:42,422 - INFO - Arguments: Namespace(input='./output', source='./ontologies/imports', file='TD1.owl', reasoner='HermiT', model=True, characteristics=True, subcharacteristics=True, metrics=True, evolution=True)
2024-08-19 08:15:42,422 - DEBUG - Script directory: D:\Code\oquare-metrics\src
2024-08-19 08:15:42,422 - DEBUG - Constructed ontology file path: D:\Code\oquare-metrics\ontologies\imports\TD1.owl
2024-08-19 08:15:42,422 - INFO - Full fullparse.sh command: sh D:/Code/oquare-metrics/src/fullparse.sh -i D:/Code/oquare-metrics/output -s D:/Code/oquare-metrics/ontologies/imports -f D:/Code/oquare-metrics/ontologies/imports/TD1.owl -r HermiT -M -c -S -m -e
2024-08-19 08:15:42,422 - INFO - Starting execution of fullparse.sh
2024-08-19 08:15:42,422 - INFO - Executing command: sh D:/Code/oquare-metrics/src/fullparse.sh -i D:/Code/oquare-metrics/output -s D:/Code/oquare-metrics/ontologies/imports -f D:/Code/oquare-metrics/ontologies/imports/TD1.owl -r HermiT -M -c -S -m -e
2024-08-19 08:15:43,944 - ERROR - fullparse.sh stderr: 2024-08-19 08:15:42 - Starting fullparse.sh with arguments: -i
2024-08-19 08:15:43,944 - ERROR - fullparse.sh stderr: 2024-08-19 08:15:42 - Input parameters:
2024-08-19 08:15:43,944 - ERROR - fullparse.sh stderr: 2024-08-19 08:15:42 - Contents folder: /D/Code/oquare-metrics/output
2024-08-19 08:15:43,944 - ERROR - fullparse.sh stderr: 2024-08-19 08:15:42 - Ontology folders: /D/Code/oquare-metrics/ontologies/imports
2024-08-19 08:15:43,944 - ERROR - fullparse.sh stderr: 2024-08-19 08:15:42 - Ontology files: /D/Code/oquare-metrics/ontologies/imports/TD1.owl
2024-08-19 08:15:43,944 - ERROR - fullparse.sh stderr: 2024-08-19 08:15:42 - Ignore files:
2024-08-19 08:15:43,944 - ERROR - fullparse.sh stderr: 2024-08-19 08:15:42 - Reasoner: HermiT
2024-08-19 08:15:43,944 - ERROR - fullparse.sh stderr: 2024-08-19 08:15:42 - Model plot: true
2024-08-19 08:15:43,944 - ERROR - fullparse.sh stderr: 2024-08-19 08:15:42 - Characteristics plot: true
2024-08-19 08:15:43,944 - ERROR - fullparse.sh stderr: 2024-08-19 08:15:43 - Subcharacteristics plot: true
2024-08-19 08:15:43,944 - ERROR - fullparse.sh stderr: 2024-08-19 08:15:43 - Metrics plot: true
2024-08-19 08:15:43,944 - ERROR - fullparse.sh stderr: 2024-08-19 08:15:43 - Evolution plot: true
2024-08-19 08:15:43,960 - ERROR - fullparse.sh stderr: 2024-08-19 08:15:43 - All arguments:
2024-08-19 08:15:43,960 - ERROR - fullparse.sh stderr: 2024-08-19 08:15:43 - Starting fullparse.sh
2024-08-19 08:15:43,960 - ERROR - fullparse.sh stderr: 2024-08-19 08:15:43 - Contents folder: /D/Code/oquare-metrics/output
2024-08-19 08:15:43,960 - ERROR - fullparse.sh stderr: 2024-08-19 08:15:43 - Ontology folders: /D/Code/oquare-metrics/ontologies/imports
2024-08-19 08:15:43,960 - ERROR - fullparse.sh stderr: 2024-08-19 08:15:43 - Ontology files: /D/Code/oquare-metrics/ontologies/imports/TD1.owl
2024-08-19 08:15:43,960 - ERROR - fullparse.sh stderr: 2024-08-19 08:15:43 - Reasoner: HermiT
2024-08-19 08:15:43,960 - ERROR - fullparse.sh stderr: 2024-08-19 08:15:43 - Created directory: /D/Code/oquare-metrics/output/temp_results/ontologies/imports
2024-08-19 08:15:43,960 - ERROR - fullparse.sh stderr: 2024-08-19 08:15:43 - Processing individual ontology file: /D/Code/oquare-metrics/ontologies/imports/TD1.owl
2024-08-19 08:15:43,960 - ERROR - fullparse.sh stderr: 2024-08-19 08:15:43 - Created directory: /D/Code/oquare-metrics/output/temp_results/ontologies/imports/TD1/2024-08-19_08-15-43/metrics
2024-08-19 08:15:43,962 - ERROR - fullparse.sh stderr: 2024-08-19 08:15:43 - Running OQuaRE tool...
2024-08-19 08:15:43,962 - ERROR - fullparse.sh stderr: Error: Unable to access jarfile /../libs/oquare-versions.jar
2024-08-19 08:15:43,962 - ERROR - fullparse.sh stderr: 2024-08-19 08:15:43 - Error occurred in line 125 with exit code 1
2024-08-19 08:15:43,963 - ERROR - fullparse.sh stderr: 2024-08-19 08:15:43 - Last command executed: java -jar "$(convert_path "../libs/oquare-versions.jar")" -o "$(convert_path "$ontology_files")" -m "$(convert_path "$outputFilePath")" -r "$reasoner"
2024-08-19 08:15:43,964 - INFO - fullparse.sh exit code: 1
2024-08-19 08:15:43,965 - ERROR - fullparse.sh failed with exit code: 1
2024-08-19 08:15:43,965 - ERROR - Command that failed: sh D:/Code/oquare-metrics/src/fullparse.sh -i D:/Code/oquare-metrics/output -s D:/Code/oquare-metrics/ontologies/imports -f D:/Code/oquare-metrics/ontologies/imports/TD1.owl -r HermiT -M -c -S -m -e
2024-08-19 08:15:43,965 - ERROR - Exception details:
Traceback (most recent call last):
  File "D:\Code\oquare-metrics\src\main.py", line 120, in main
    raise subprocess.CalledProcessError(returncode, fullparse_command)
subprocess.CalledProcessError: Command '['sh', 'D:/Code/oquare-metrics/src/fullparse.sh', '-i', 'D:/Code/oquare-metrics/output', '-s', 'D:/Code/oquare-metrics/ontologies/imports', '-f', 'D:/Code/oquare-metrics/ontologies/imports/TD1.owl', '-r', 'HermiT', '-M', '-c', '-S', '-m', '-e']' returned non-zero exit status 1.
2024-08-19 08:20:03,343 - INFO - Starting main.py
2024-08-19 08:20:03,358 - INFO - Arguments: Namespace(input='./output', source='./ontologies/imports', file='TD1.owl', reasoner='HermiT', model=True, characteristics=True, subcharacteristics=True, metrics=True, evolution=True)
2024-08-19 08:20:03,358 - DEBUG - Script directory: D:\Code\oquare-metrics\src
2024-08-19 08:20:03,358 - DEBUG - Constructed ontology file path: D:\Code\oquare-metrics\ontologies\imports\TD1.owl
2024-08-19 08:20:03,358 - INFO - Full fullparse.sh command: D:/Code/oquare-metrics/src/fullparse.sh -i D:/Code/oquare-metrics/output -s D:/Code/oquare-metrics/ontologies/imports -f D:/Code/oquare-metrics/ontologies/imports/TD1.owl -r HermiT -M -c -S -m -e
2024-08-19 08:20:03,358 - INFO - Starting execution of fullparse.sh
2024-08-19 08:20:03,358 - INFO - Executing command: D:/Code/oquare-metrics/src/fullparse.sh -i D:/Code/oquare-metrics/output -s D:/Code/oquare-metrics/ontologies/imports -f D:/Code/oquare-metrics/ontologies/imports/TD1.owl -r HermiT -M -c -S -m -e
2024-08-19 08:20:03,358 - ERROR - An unexpected error occurred while running fullparse.sh: [WinError 193] %1 is not a valid Win32 application
2024-08-19 08:20:03,358 - ERROR - Exception details:
Traceback (most recent call last):
  File "D:\Code\oquare-metrics\src\main.py", line 109, in main
    process = subprocess.Popen(fullparse_command, text=True, stdout=subprocess.PIPE, stderr=subprocess.PIPE)
              ^^^^^^^^^^^^^^^^^^^^^^^^^^^^^^^^^^^^^^^^^^^^^^^^^^^^^^^^^^^^^^^^^^^^^^^^^^^^^^^^^^^^^^^^^^^^^^
  File "C:\Python\Lib\subprocess.py", line 1024, in __init__
    self._execute_child(args, executable, preexec_fn, close_fds,
  File "C:\Python\Lib\subprocess.py", line 1509, in _execute_child
    hp, ht, pid, tid = _winapi.CreateProcess(executable, args,
                       ^^^^^^^^^^^^^^^^^^^^^^^^^^^^^^^^^^^^^^^
OSError: [WinError 193] %1 is not a valid Win32 application
2024-08-19 08:22:06,515 - INFO - Starting main.py
2024-08-19 08:22:06,531 - INFO - Arguments: Namespace(input='./output', source='./ontologies/imports', file='TD1.owl', reasoner='HermiT', model=True, characteristics=True, subcharacteristics=True, metrics=True, evolution=True)
2024-08-19 08:22:06,531 - DEBUG - Script directory: D:\Code\oquare-metrics\src
2024-08-19 08:22:06,531 - DEBUG - Constructed ontology file path: D:\Code\oquare-metrics\ontologies\imports\TD1.owl
2024-08-19 08:22:06,539 - INFO - Full fullparse.sh command: bash D:/Code/oquare-metrics/src/fullparse.sh -i D:/Code/oquare-metrics/output -s D:/Code/oquare-metrics/ontologies/imports -f D:/Code/oquare-metrics/ontologies/imports/TD1.owl -r HermiT -M -c -S -m -e
2024-08-19 08:22:06,539 - INFO - Starting execution of fullparse.sh
2024-08-19 08:22:06,539 - INFO - Executing command: bash D:/Code/oquare-metrics/src/fullparse.sh -i D:/Code/oquare-metrics/output -s D:/Code/oquare-metrics/ontologies/imports -f D:/Code/oquare-metrics/ontologies/imports/TD1.owl -r HermiT -M -c -S -m -e
2024-08-19 08:22:09,143 - INFO - fullparse.sh exit code: 1
2024-08-19 08:22:09,144 - ERROR - fullparse.sh failed with exit code: 1
2024-08-19 08:22:09,144 - ERROR - Command that failed: bash D:/Code/oquare-metrics/src/fullparse.sh -i D:/Code/oquare-metrics/output -s D:/Code/oquare-metrics/ontologies/imports -f D:/Code/oquare-metrics/ontologies/imports/TD1.owl -r HermiT -M -c -S -m -e
2024-08-19 08:22:09,144 - ERROR - Exception details:
Traceback (most recent call last):
  File "D:\Code\oquare-metrics\src\main.py", line 120, in main
    raise subprocess.CalledProcessError(returncode, fullparse_command)
subprocess.CalledProcessError: Command '['bash', 'D:/Code/oquare-metrics/src/fullparse.sh', '-i', 'D:/Code/oquare-metrics/output', '-s', 'D:/Code/oquare-metrics/ontologies/imports', '-f', 'D:/Code/oquare-metrics/ontologies/imports/TD1.owl', '-r', 'HermiT', '-M', '-c', '-S', '-m', '-e']' returned non-zero exit status 1.
2024-08-19 08:23:40,176 - INFO - Starting main.py
2024-08-19 08:23:40,191 - INFO - Arguments: Namespace(input='./output', source='./ontologies/imports', file='TD1.owl', reasoner='HermiT', model=True, characteristics=True, subcharacteristics=True, metrics=True, evolution=True)
2024-08-19 08:23:40,192 - DEBUG - Script directory: D:\Code\oquare-metrics\src
2024-08-19 08:23:40,192 - DEBUG - Constructed ontology file path: D:\Code\oquare-metrics\ontologies\imports\TD1.owl
2024-08-19 08:23:40,193 - INFO - Full fullparse.sh command: bash D:/Code/oquare-metrics/src/fullparse.sh -i D:/Code/oquare-metrics/output -s D:/Code/oquare-metrics/ontologies/imports -f D:/Code/oquare-metrics/ontologies/imports/TD1.owl -r HermiT -M -c -S -m -e
2024-08-19 08:23:40,193 - INFO - Starting execution of fullparse.sh
2024-08-19 08:23:40,193 - INFO - Executing command: bash D:/Code/oquare-metrics/src/fullparse.sh -i D:/Code/oquare-metrics/output -s D:/Code/oquare-metrics/ontologies/imports -f D:/Code/oquare-metrics/ontologies/imports/TD1.owl -r HermiT -M -c -S -m -e
2024-08-19 08:23:42,677 - INFO - fullparse.sh exit code: 1
2024-08-19 08:23:42,677 - ERROR - fullparse.sh failed with exit code: 1
2024-08-19 08:23:42,677 - ERROR - Command that failed: bash D:/Code/oquare-metrics/src/fullparse.sh -i D:/Code/oquare-metrics/output -s D:/Code/oquare-metrics/ontologies/imports -f D:/Code/oquare-metrics/ontologies/imports/TD1.owl -r HermiT -M -c -S -m -e
2024-08-19 08:23:42,677 - ERROR - Exception details:
Traceback (most recent call last):
  File "D:\Code\oquare-metrics\src\main.py", line 120, in main
    raise subprocess.CalledProcessError(returncode, fullparse_command)
subprocess.CalledProcessError: Command '['bash', 'D:/Code/oquare-metrics/src/fullparse.sh', '-i', 'D:/Code/oquare-metrics/output', '-s', 'D:/Code/oquare-metrics/ontologies/imports', '-f', 'D:/Code/oquare-metrics/ontologies/imports/TD1.owl', '-r', 'HermiT', '-M', '-c', '-S', '-m', '-e']' returned non-zero exit status 1.
2024-08-19 08:24:58,391 - INFO - Starting main.py
2024-08-19 08:24:58,391 - INFO - Arguments: Namespace(input='./output', source='./ontologies/imports', file='TD1.owl', reasoner='HermiT', model=True, characteristics=True, subcharacteristics=True, metrics=True, evolution=True)
2024-08-19 08:24:58,391 - DEBUG - Script directory: D:\Code\oquare-metrics\src
2024-08-19 08:24:58,391 - DEBUG - Constructed ontology file path: D:\Code\oquare-metrics\ontologies\imports\TD1.owl
2024-08-19 08:24:58,407 - INFO - Full fullparse.sh command: D:/Code/oquare-metrics/src/fullparse.sh -i D:/Code/oquare-metrics/output -s D:/Code/oquare-metrics/ontologies/imports -f D:/Code/oquare-metrics/ontologies/imports/TD1.owl -r HermiT -M -c -S -m -e
2024-08-19 08:24:58,407 - INFO - Starting execution of fullparse.sh
2024-08-19 08:24:58,408 - INFO - Executing command: D:/Code/oquare-metrics/src/fullparse.sh -i D:/Code/oquare-metrics/output -s D:/Code/oquare-metrics/ontologies/imports -f D:/Code/oquare-metrics/ontologies/imports/TD1.owl -r HermiT -M -c -S -m -e
2024-08-19 08:24:58,410 - ERROR - An unexpected error occurred while running fullparse.sh: [WinError 193] %1 is not a valid Win32 application
2024-08-19 08:24:58,411 - ERROR - Exception details:
Traceback (most recent call last):
  File "D:\Code\oquare-metrics\src\main.py", line 109, in main
    process = subprocess.Popen(fullparse_command, text=True, stdout=subprocess.PIPE, stderr=subprocess.PIPE)
              ^^^^^^^^^^^^^^^^^^^^^^^^^^^^^^^^^^^^^^^^^^^^^^^^^^^^^^^^^^^^^^^^^^^^^^^^^^^^^^^^^^^^^^^^^^^^^^
  File "C:\Python\Lib\subprocess.py", line 1024, in __init__
    self._execute_child(args, executable, preexec_fn, close_fds,
  File "C:\Python\Lib\subprocess.py", line 1509, in _execute_child
    hp, ht, pid, tid = _winapi.CreateProcess(executable, args,
                       ^^^^^^^^^^^^^^^^^^^^^^^^^^^^^^^^^^^^^^^
OSError: [WinError 193] %1 is not a valid Win32 application
2024-08-19 08:27:40,082 - INFO - Starting main.py
2024-08-19 08:27:40,098 - INFO - Arguments: Namespace(input='./output', source='./ontologies/imports', file='TD1.owl', reasoner='HermiT', model=True, characteristics=True, subcharacteristics=True, metrics=True, evolution=True)
2024-08-19 08:27:40,098 - DEBUG - Script directory: D:\Code\oquare-metrics\src
2024-08-19 08:27:40,105 - DEBUG - Constructed ontology file path: D:\Code\oquare-metrics\ontologies\imports\TD1.owl
2024-08-19 08:27:42,587 - WARNING - Bash is not accessible on this Windows system.
2024-08-19 08:27:42,587 - INFO - Full fullparse.sh command: D:/Code/oquare-metrics/src/fullparse.sh -i D:/Code/oquare-metrics/output -s D:/Code/oquare-metrics/ontologies/imports -f D:/Code/oquare-metrics/ontologies/imports/TD1.owl -r HermiT -M -c -S -m -e
2024-08-19 08:27:42,587 - INFO - Starting execution of fullparse.sh
2024-08-19 08:27:42,587 - INFO - Executing command: D:/Code/oquare-metrics/src/fullparse.sh -i D:/Code/oquare-metrics/output -s D:/Code/oquare-metrics/ontologies/imports -f D:/Code/oquare-metrics/ontologies/imports/TD1.owl -r HermiT -M -c -S -m -e
2024-08-19 08:27:42,587 - ERROR - An unexpected error occurred while running fullparse.sh: [WinError 193] %1 is not a valid Win32 application
2024-08-19 08:27:42,587 - ERROR - Exception details:
Traceback (most recent call last):
  File "D:\Code\oquare-metrics\src\main.py", line 119, in main
    process = subprocess.Popen(fullparse_command, text=True, stdout=subprocess.PIPE, stderr=subprocess.PIPE)
              ^^^^^^^^^^^^^^^^^^^^^^^^^^^^^^^^^^^^^^^^^^^^^^^^^^^^^^^^^^^^^^^^^^^^^^^^^^^^^^^^^^^^^^^^^^^^^^
  File "C:\Python\Lib\subprocess.py", line 1024, in __init__
    self._execute_child(args, executable, preexec_fn, close_fds,
  File "C:\Python\Lib\subprocess.py", line 1509, in _execute_child
    hp, ht, pid, tid = _winapi.CreateProcess(executable, args,
                       ^^^^^^^^^^^^^^^^^^^^^^^^^^^^^^^^^^^^^^^
OSError: [WinError 193] %1 is not a valid Win32 application
2024-08-19 08:29:05,870 - INFO - Starting main.py
2024-08-19 08:29:05,885 - INFO - Arguments: Namespace(input='./output', source='./ontologies/imports', file='TD1.owl', reasoner='HermiT', model=True, characteristics=True, subcharacteristics=True, metrics=True, evolution=True)
2024-08-19 08:29:05,885 - DEBUG - Script directory: D:\Code\oquare-metrics\src
2024-08-19 08:29:05,885 - DEBUG - Constructed ontology file path: D:\Code\oquare-metrics\ontologies\imports\TD1.owl
2024-08-19 08:29:05,967 - INFO - Bash found at: C:\Program Files\Git\usr\bin\bash.exe
C:\Windows\System32\bash.exe
2024-08-19 08:29:05,967 - INFO - Final fullparse_command: ['C:\\Program Files\\Git\\usr\\bin\\bash.exe\nC:\\Windows\\System32\\bash.exe', 'D:/Code/oquare-metrics/src/fullparse.sh', '-i', 'D:/Code/oquare-metrics/output', '-s', 'D:/Code/oquare-metrics/ontologies/imports', '-f', 'D:/Code/oquare-metrics/ontologies/imports/TD1.owl', '-r', 'HermiT']
2024-08-19 08:29:05,967 - INFO - Full fullparse.sh command: C:\Program Files\Git\usr\bin\bash.exe
C:\Windows\System32\bash.exe D:/Code/oquare-metrics/src/fullparse.sh -i D:/Code/oquare-metrics/output -s D:/Code/oquare-metrics/ontologies/imports -f D:/Code/oquare-metrics/ontologies/imports/TD1.owl -r HermiT -M -c -S -m -e
2024-08-19 08:29:05,967 - INFO - Starting execution of fullparse.sh
2024-08-19 08:29:05,967 - INFO - Executing command: C:\Program Files\Git\usr\bin\bash.exe
C:\Windows\System32\bash.exe D:/Code/oquare-metrics/src/fullparse.sh -i D:/Code/oquare-metrics/output -s D:/Code/oquare-metrics/ontologies/imports -f D:/Code/oquare-metrics/ontologies/imports/TD1.owl -r HermiT -M -c -S -m -e
2024-08-19 08:29:05,967 - ERROR - An unexpected error occurred while running fullparse.sh: [WinError 2] The system cannot find the file specified
2024-08-19 08:29:05,967 - ERROR - Exception details:
Traceback (most recent call last):
  File "D:\Code\oquare-metrics\src\main.py", line 128, in main
    process = subprocess.Popen(fullparse_command, text=True, stdout=subprocess.PIPE, stderr=subprocess.PIPE)
              ^^^^^^^^^^^^^^^^^^^^^^^^^^^^^^^^^^^^^^^^^^^^^^^^^^^^^^^^^^^^^^^^^^^^^^^^^^^^^^^^^^^^^^^^^^^^^^
  File "C:\Python\Lib\subprocess.py", line 1024, in __init__
    self._execute_child(args, executable, preexec_fn, close_fds,
  File "C:\Python\Lib\subprocess.py", line 1509, in _execute_child
    hp, ht, pid, tid = _winapi.CreateProcess(executable, args,
                       ^^^^^^^^^^^^^^^^^^^^^^^^^^^^^^^^^^^^^^^
FileNotFoundError: [WinError 2] The system cannot find the file specified
2024-08-19 08:30:43,450 - INFO - Starting main.py
2024-08-19 08:30:43,450 - INFO - Arguments: Namespace(input='./output', source='./ontologies/imports', file='TD1.owl', reasoner='HermiT', model=True, characteristics=True, subcharacteristics=True, metrics=True, evolution=True)
2024-08-19 08:30:43,450 - DEBUG - Script directory: D:\Code\oquare-metrics\src
2024-08-19 08:30:43,450 - DEBUG - Constructed ontology file path: D:\Code\oquare-metrics\ontologies\imports\TD1.owl
2024-08-19 08:30:43,538 - INFO - Bash found at: C:\Program Files\Git\usr\bin\bash.exe
2024-08-19 08:30:43,538 - INFO - Final fullparse_command: ['C:\\Program Files\\Git\\usr\\bin\\bash.exe', 'D:/Code/oquare-metrics/src/fullparse.sh', '-i', 'D:/Code/oquare-metrics/output', '-s', 'D:/Code/oquare-metrics/ontologies/imports', '-f', 'D:/Code/oquare-metrics/ontologies/imports/TD1.owl', '-r', 'HermiT']
2024-08-19 08:30:43,538 - INFO - Full fullparse.sh command: C:\Program Files\Git\usr\bin\bash.exe D:/Code/oquare-metrics/src/fullparse.sh -i D:/Code/oquare-metrics/output -s D:/Code/oquare-metrics/ontologies/imports -f D:/Code/oquare-metrics/ontologies/imports/TD1.owl -r HermiT -M -c -S -m -e
2024-08-19 08:30:43,538 - INFO - Executing command: "C:\Program Files\Git\usr\bin\bash.exe" D:/Code/oquare-metrics/src/fullparse.sh -i D:/Code/oquare-metrics/output -s D:/Code/oquare-metrics/ontologies/imports -f D:/Code/oquare-metrics/ontologies/imports/TD1.owl -r HermiT -M -c -S -m -e
2024-08-19 08:30:43,538 - INFO - Starting execution of fullparse.sh
2024-08-19 08:30:43,538 - INFO - Executing command: C:\Program Files\Git\usr\bin\bash.exe D:/Code/oquare-metrics/src/fullparse.sh -i D:/Code/oquare-metrics/output -s D:/Code/oquare-metrics/ontologies/imports -f D:/Code/oquare-metrics/ontologies/imports/TD1.owl -r HermiT -M -c -S -m -e
2024-08-19 08:30:45,143 - ERROR - fullparse.sh stderr: 2024-08-19 08:30:43 - Starting fullparse.sh with arguments: -i
2024-08-19 08:30:45,143 - ERROR - fullparse.sh stderr: 2024-08-19 08:30:44 - Input parameters:
2024-08-19 08:30:45,143 - ERROR - fullparse.sh stderr: 2024-08-19 08:30:44 - Contents folder: /D/Code/oquare-metrics/output
2024-08-19 08:30:45,143 - ERROR - fullparse.sh stderr: 2024-08-19 08:30:44 - Ontology folders: /D/Code/oquare-metrics/ontologies/imports
2024-08-19 08:30:45,143 - ERROR - fullparse.sh stderr: 2024-08-19 08:30:44 - Ontology files: /D/Code/oquare-metrics/ontologies/imports/TD1.owl
2024-08-19 08:30:45,143 - ERROR - fullparse.sh stderr: 2024-08-19 08:30:44 - Ignore files:
2024-08-19 08:30:45,143 - ERROR - fullparse.sh stderr: 2024-08-19 08:30:44 - Reasoner: HermiT
2024-08-19 08:30:45,143 - ERROR - fullparse.sh stderr: 2024-08-19 08:30:44 - Model plot: true
2024-08-19 08:30:45,143 - ERROR - fullparse.sh stderr: 2024-08-19 08:30:44 - Characteristics plot: true
2024-08-19 08:30:45,143 - ERROR - fullparse.sh stderr: 2024-08-19 08:30:44 - Subcharacteristics plot: true
2024-08-19 08:30:45,143 - ERROR - fullparse.sh stderr: 2024-08-19 08:30:44 - Metrics plot: true
2024-08-19 08:30:45,143 - ERROR - fullparse.sh stderr: 2024-08-19 08:30:44 - Evolution plot: true
2024-08-19 08:30:45,143 - ERROR - fullparse.sh stderr: 2024-08-19 08:30:44 - All arguments:
2024-08-19 08:30:45,143 - ERROR - fullparse.sh stderr: 2024-08-19 08:30:44 - Starting fullparse.sh
2024-08-19 08:30:45,143 - ERROR - fullparse.sh stderr: 2024-08-19 08:30:44 - Contents folder: /D/Code/oquare-metrics/output
2024-08-19 08:30:45,143 - ERROR - fullparse.sh stderr: 2024-08-19 08:30:44 - Ontology folders: /D/Code/oquare-metrics/ontologies/imports
2024-08-19 08:30:45,143 - ERROR - fullparse.sh stderr: 2024-08-19 08:30:44 - Ontology files: /D/Code/oquare-metrics/ontologies/imports/TD1.owl
2024-08-19 08:30:45,143 - ERROR - fullparse.sh stderr: 2024-08-19 08:30:44 - Reasoner: HermiT
2024-08-19 08:30:45,143 - ERROR - fullparse.sh stderr: 2024-08-19 08:30:44 - Created directory: /D/Code/oquare-metrics/output/temp_results/ontologies/imports
2024-08-19 08:30:45,143 - ERROR - fullparse.sh stderr: 2024-08-19 08:30:44 - Processing individual ontology file: /D/Code/oquare-metrics/ontologies/imports/TD1.owl
2024-08-19 08:30:45,143 - ERROR - fullparse.sh stderr: 2024-08-19 08:30:44 - Created directory: /D/Code/oquare-metrics/output/temp_results/ontologies/imports/TD1/2024-08-19_08-30-44/metrics
2024-08-19 08:30:45,143 - ERROR - fullparse.sh stderr: 2024-08-19 08:30:44 - Running OQuaRE tool...
2024-08-19 08:30:45,156 - ERROR - fullparse.sh stderr: Error: Unable to access jarfile /../libs/oquare-versions.jar
2024-08-19 08:30:45,156 - ERROR - fullparse.sh stderr: 2024-08-19 08:30:45 - Error occurred in line 134 with exit code 1
2024-08-19 08:30:45,156 - ERROR - fullparse.sh stderr: 2024-08-19 08:30:45 - Last command executed: java -jar "$(convert_path "../libs/oquare-versions.jar")" -o "$(convert_path "$ontology_files")" -m "$(convert_path "$outputFilePath")" -r "$reasoner"
2024-08-19 08:30:45,160 - INFO - fullparse.sh exit code: 1
2024-08-19 08:30:45,160 - ERROR - fullparse.sh failed with exit code: 1
2024-08-19 08:30:45,160 - ERROR - Command that failed: C:\Program Files\Git\usr\bin\bash.exe D:/Code/oquare-metrics/src/fullparse.sh -i D:/Code/oquare-metrics/output -s D:/Code/oquare-metrics/ontologies/imports -f D:/Code/oquare-metrics/ontologies/imports/TD1.owl -r HermiT -M -c -S -m -e
2024-08-19 08:30:45,161 - ERROR - Exception details:
Traceback (most recent call last):
  File "D:\Code\oquare-metrics\src\main.py", line 142, in main
    raise subprocess.CalledProcessError(returncode, fullparse_command)
subprocess.CalledProcessError: Command '['C:\\Program Files\\Git\\usr\\bin\\bash.exe', 'D:/Code/oquare-metrics/src/fullparse.sh', '-i', 'D:/Code/oquare-metrics/output', '-s', 'D:/Code/oquare-metrics/ontologies/imports', '-f', 'D:/Code/oquare-metrics/ontologies/imports/TD1.owl', '-r', 'HermiT', '-M', '-c', '-S', '-m', '-e']' returned non-zero exit status 1.
2024-08-19 08:33:15,965 - INFO - Starting main.py
2024-08-19 08:33:15,981 - INFO - Arguments: Namespace(input='./output', source='./ontologies/imports', file='TD1.owl', reasoner='HermiT', model=True, characteristics=True, subcharacteristics=True, metrics=True, evolution=True)
2024-08-19 08:33:15,981 - DEBUG - Script directory: D:\Code\oquare-metrics\src
2024-08-19 08:33:15,981 - DEBUG - Constructed ontology file path: D:/Code/oquare-metrics/src/.././ontologies/imports/TD1.owl
2024-08-19 08:33:16,062 - INFO - Bash found at: C:\Program Files\Git\usr\bin\bash.exe
2024-08-19 08:33:16,062 - INFO - Final fullparse_command: ['C:\\Program Files\\Git\\usr\\bin\\bash.exe', 'D:/Code/oquare-metrics/src/fullparse.sh', '-i', 'D:/Code/oquare-metrics/output', '-s', 'D:/Code/oquare-metrics/src/.././ontologies/imports', '-f', 'D:/Code/oquare-metrics/src/.././ontologies/imports/TD1.owl', '-r', 'HermiT']
2024-08-19 08:33:16,062 - INFO - Full fullparse.sh command: C:\Program Files\Git\usr\bin\bash.exe D:/Code/oquare-metrics/src/fullparse.sh -i D:/Code/oquare-metrics/output -s D:/Code/oquare-metrics/src/.././ontologies/imports -f D:/Code/oquare-metrics/src/.././ontologies/imports/TD1.owl -r HermiT -M -c -S -m -e
2024-08-19 08:33:16,062 - INFO - Executing command: "C:\Program Files\Git\usr\bin\bash.exe" D:/Code/oquare-metrics/src/fullparse.sh -i D:/Code/oquare-metrics/output -s D:/Code/oquare-metrics/src/.././ontologies/imports -f D:/Code/oquare-metrics/src/.././ontologies/imports/TD1.owl -r HermiT -M -c -S -m -e
2024-08-19 08:33:16,062 - INFO - Starting execution of fullparse.sh
2024-08-19 08:33:16,062 - INFO - Executing command: C:\Program Files\Git\usr\bin\bash.exe D:/Code/oquare-metrics/src/fullparse.sh -i D:/Code/oquare-metrics/output -s D:/Code/oquare-metrics/src/.././ontologies/imports -f D:/Code/oquare-metrics/src/.././ontologies/imports/TD1.owl -r HermiT -M -c -S -m -e
2024-08-19 08:33:17,429 - ERROR - fullparse.sh stderr: 2024-08-19 08:33:16 - Starting fullparse.sh with arguments: -i
2024-08-19 08:33:17,429 - ERROR - fullparse.sh stderr: 2024-08-19 08:33:16 - Input parameters:
2024-08-19 08:33:17,429 - ERROR - fullparse.sh stderr: 2024-08-19 08:33:16 - Contents folder: D:/Code/oquare-metrics/output
2024-08-19 08:33:17,429 - ERROR - fullparse.sh stderr: 2024-08-19 08:33:16 - Ontology folders: D:/Code/oquare-metrics/src/.././ontologies/imports
2024-08-19 08:33:17,429 - ERROR - fullparse.sh stderr: 2024-08-19 08:33:16 - Ontology files: D:/Code/oquare-metrics/src/.././ontologies/imports/TD1.owl
2024-08-19 08:33:17,429 - ERROR - fullparse.sh stderr: 2024-08-19 08:33:16 - Ignore files:
2024-08-19 08:33:17,429 - ERROR - fullparse.sh stderr: 2024-08-19 08:33:16 - Reasoner: HermiT
2024-08-19 08:33:17,429 - ERROR - fullparse.sh stderr: 2024-08-19 08:33:16 - Model plot: true
2024-08-19 08:33:17,429 - ERROR - fullparse.sh stderr: 2024-08-19 08:33:16 - Characteristics plot: true
2024-08-19 08:33:17,429 - ERROR - fullparse.sh stderr: 2024-08-19 08:33:16 - Subcharacteristics plot: true
2024-08-19 08:33:17,429 - ERROR - fullparse.sh stderr: 2024-08-19 08:33:16 - Metrics plot: true
2024-08-19 08:33:17,429 - ERROR - fullparse.sh stderr: 2024-08-19 08:33:16 - Evolution plot: true
2024-08-19 08:33:17,429 - ERROR - fullparse.sh stderr: 2024-08-19 08:33:16 - All arguments:
2024-08-19 08:33:17,429 - ERROR - fullparse.sh stderr: 2024-08-19 08:33:16 - Starting fullparse.sh
2024-08-19 08:33:17,429 - ERROR - fullparse.sh stderr: 2024-08-19 08:33:16 - Contents folder: D:/Code/oquare-metrics/output
2024-08-19 08:33:17,429 - ERROR - fullparse.sh stderr: 2024-08-19 08:33:16 - Ontology folders: D:/Code/oquare-metrics/src/.././ontologies/imports
2024-08-19 08:33:17,429 - ERROR - fullparse.sh stderr: 2024-08-19 08:33:16 - Ontology files: D:/Code/oquare-metrics/src/.././ontologies/imports/TD1.owl
2024-08-19 08:33:17,429 - ERROR - fullparse.sh stderr: 2024-08-19 08:33:16 - Reasoner: HermiT
2024-08-19 08:33:17,429 - ERROR - fullparse.sh stderr: 2024-08-19 08:33:16 - Created directory: D:/Code/oquare-metrics/output/temp_results/ontologies/imports
2024-08-19 08:33:17,429 - ERROR - fullparse.sh stderr: 2024-08-19 08:33:16 - Processing individual ontology file: D:/Code/oquare-metrics/src/.././ontologies/imports/TD1.owl
2024-08-19 08:33:17,444 - ERROR - fullparse.sh stderr: 2024-08-19 08:33:17 - Created directory: D:/Code/oquare-metrics/output/temp_results/ontologies/imports/TD1/2024-08-19_08-33-16/metrics
2024-08-19 08:33:17,444 - ERROR - fullparse.sh stderr: 2024-08-19 08:33:17 - Running OQuaRE tool...
2024-08-19 08:33:17,444 - ERROR - fullparse.sh stderr: Error: Unable to access jarfile ../libs/oquare-versions.jar
2024-08-19 08:33:17,444 - ERROR - fullparse.sh stderr: 2024-08-19 08:33:17 - Error occurred in line 134 with exit code 1
2024-08-19 08:33:17,445 - ERROR - fullparse.sh stderr: 2024-08-19 08:33:17 - Last command executed: java -jar "$(convert_path "../libs/oquare-versions.jar")" -o "$(convert_path "$ontology_files")" -m "$(convert_path "$outputFilePath")" -r "$reasoner"
2024-08-19 08:33:17,448 - INFO - fullparse.sh exit code: 1
2024-08-19 08:33:17,448 - ERROR - fullparse.sh failed with exit code: 1
2024-08-19 08:33:17,448 - ERROR - Command that failed: C:\Program Files\Git\usr\bin\bash.exe D:/Code/oquare-metrics/src/fullparse.sh -i D:/Code/oquare-metrics/output -s D:/Code/oquare-metrics/src/.././ontologies/imports -f D:/Code/oquare-metrics/src/.././ontologies/imports/TD1.owl -r HermiT -M -c -S -m -e
2024-08-19 08:33:17,448 - ERROR - Exception details:
Traceback (most recent call last):
  File "D:\Code\oquare-metrics\src\main.py", line 145, in main
    raise subprocess.CalledProcessError(returncode, fullparse_command)
subprocess.CalledProcessError: Command '['C:\\Program Files\\Git\\usr\\bin\\bash.exe', 'D:/Code/oquare-metrics/src/fullparse.sh', '-i', 'D:/Code/oquare-metrics/output', '-s', 'D:/Code/oquare-metrics/src/.././ontologies/imports', '-f', 'D:/Code/oquare-metrics/src/.././ontologies/imports/TD1.owl', '-r', 'HermiT', '-M', '-c', '-S', '-m', '-e']' returned non-zero exit status 1.
2024-08-19 08:34:24,441 - INFO - Starting main.py
2024-08-19 08:34:24,456 - INFO - Arguments: Namespace(input='./output', source='./ontologies/imports', file='TD1.owl', reasoner='HermiT', model=True, characteristics=True, subcharacteristics=True, metrics=True, evolution=True)
2024-08-19 08:34:24,456 - DEBUG - Script directory: D:\Code\oquare-metrics\src
2024-08-19 08:34:24,456 - DEBUG - Constructed ontology file path: D:/Code/oquare-metrics/src/.././ontologies/imports/TD1.owl
2024-08-19 08:34:24,539 - INFO - Bash found at: C:\Program Files\Git\usr\bin\bash.exe
2024-08-19 08:34:24,539 - INFO - Final fullparse_command: ['C:\\Program Files\\Git\\usr\\bin\\bash.exe', '-c', 'fullparse.sh -i D:/Code/oquare-metrics/output -s D:/Code/oquare-metrics/src/.././ontologies/imports -f D:/Code/oquare-metrics/src/.././ontologies/imports/TD1.owl -r HermiT']
2024-08-19 08:34:24,539 - INFO - Full fullparse.sh command: C:\Program Files\Git\usr\bin\bash.exe -c fullparse.sh -i D:/Code/oquare-metrics/output -s D:/Code/oquare-metrics/src/.././ontologies/imports -f D:/Code/oquare-metrics/src/.././ontologies/imports/TD1.owl -r HermiT -M -c -S -m -e
2024-08-19 08:34:24,539 - INFO - Executing command: "C:\Program Files\Git\usr\bin\bash.exe" -c "fullparse.sh -i D:/Code/oquare-metrics/output -s D:/Code/oquare-metrics/src/.././ontologies/imports -f D:/Code/oquare-metrics/src/.././ontologies/imports/TD1.owl -r HermiT" -M -c -S -m -e
2024-08-19 08:34:24,539 - INFO - Starting execution of fullparse.sh
2024-08-19 08:34:24,539 - INFO - Executing command: C:\Program Files\Git\usr\bin\bash.exe -c fullparse.sh -i D:/Code/oquare-metrics/output -s D:/Code/oquare-metrics/src/.././ontologies/imports -f D:/Code/oquare-metrics/src/.././ontologies/imports/TD1.owl -r HermiT -M -c -S -m -e
2024-08-19 08:34:24,578 - ERROR - fullparse.sh stderr: -M: line 1: fullparse.sh: command not found
2024-08-19 08:34:24,591 - INFO - fullparse.sh exit code: 127
2024-08-19 08:34:24,592 - ERROR - fullparse.sh failed with exit code: 127
2024-08-19 08:34:24,592 - ERROR - Command that failed: C:\Program Files\Git\usr\bin\bash.exe -c fullparse.sh -i D:/Code/oquare-metrics/output -s D:/Code/oquare-metrics/src/.././ontologies/imports -f D:/Code/oquare-metrics/src/.././ontologies/imports/TD1.owl -r HermiT -M -c -S -m -e
2024-08-19 08:34:24,593 - ERROR - Exception details:
Traceback (most recent call last):
  File "D:\Code\oquare-metrics\src\main.py", line 138, in main
    raise subprocess.CalledProcessError(returncode, fullparse_command)
subprocess.CalledProcessError: Command '['C:\\Program Files\\Git\\usr\\bin\\bash.exe', '-c', 'fullparse.sh -i D:/Code/oquare-metrics/output -s D:/Code/oquare-metrics/src/.././ontologies/imports -f D:/Code/oquare-metrics/src/.././ontologies/imports/TD1.owl -r HermiT', '-M', '-c', '-S', '-m', '-e']' returned non-zero exit status 127.
2024-08-19 08:36:57,290 - INFO - Starting main.py
2024-08-19 08:36:57,305 - INFO - Arguments: Namespace(input='./output', source='./ontologies/imports', file='TD1.owl', reasoner='HermiT', model=True, characteristics=True, subcharacteristics=True, metrics=True, evolution=True)
2024-08-19 08:36:57,305 - DEBUG - Script directory: D:\Code\oquare-metrics\src
2024-08-19 08:36:57,305 - DEBUG - Constructed ontology file path: D:/Code/oquare-metrics/ontologies/imports/TD1.owl
2024-08-19 08:36:57,374 - INFO - Bash found at: C:\Program Files\Git\usr\bin\bash.exe
2024-08-19 08:36:57,374 - INFO - Final fullparse_command: ['C:\\Program Files\\Git\\usr\\bin\\bash.exe', '-c', 'fullparse.sh -i ./output -s ./ontologies/imports -f TD1.owl -r HermiT']
2024-08-19 08:36:57,374 - INFO - Full fullparse.sh command: C:\Program Files\Git\usr\bin\bash.exe -c fullparse.sh -i ./output -s ./ontologies/imports -f TD1.owl -r HermiT -M -c -S -m -e
2024-08-19 08:36:57,390 - INFO - Executing command: "C:\Program Files\Git\usr\bin\bash.exe" -c "fullparse.sh -i ./output -s ./ontologies/imports -f TD1.owl -r HermiT" -M -c -S -m -e
2024-08-19 08:36:57,390 - INFO - Starting execution of fullparse.sh
2024-08-19 08:36:57,390 - INFO - Executing command: C:\Program Files\Git\usr\bin\bash.exe -c fullparse.sh -i ./output -s ./ontologies/imports -f TD1.owl -r HermiT -M -c -S -m -e
2024-08-19 08:36:57,427 - ERROR - fullparse.sh stderr: -M: line 1: fullparse.sh: command not found
2024-08-19 08:36:57,436 - INFO - fullparse.sh exit code: 127
2024-08-19 08:36:57,436 - ERROR - fullparse.sh failed with exit code: 127
2024-08-19 08:36:57,437 - ERROR - Command that failed: C:\Program Files\Git\usr\bin\bash.exe -c fullparse.sh -i ./output -s ./ontologies/imports -f TD1.owl -r HermiT -M -c -S -m -e
2024-08-19 08:36:57,437 - ERROR - Exception details:
Traceback (most recent call last):
  File "D:\Code\oquare-metrics\src\main.py", line 138, in main
    raise subprocess.CalledProcessError(returncode, fullparse_command)
subprocess.CalledProcessError: Command '['C:\\Program Files\\Git\\usr\\bin\\bash.exe', '-c', 'fullparse.sh -i ./output -s ./ontologies/imports -f TD1.owl -r HermiT', '-M', '-c', '-S', '-m', '-e']' returned non-zero exit status 127.
2024-08-19 08:38:55,631 - INFO - Starting main.py
2024-08-19 08:38:55,631 - INFO - Arguments: Namespace(input='./output', source='./ontologies/imports', file='TD1.owl', reasoner='HermiT', model=True, characteristics=True, subcharacteristics=True, metrics=True, evolution=True)
2024-08-19 08:38:55,631 - DEBUG - Script directory: D:\Code\oquare-metrics\src
2024-08-19 08:38:55,644 - DEBUG - Constructed ontology file path: D:/Code/oquare-metrics/ontologies/imports/TD1.owl
2024-08-19 08:40:13,072 - INFO - Starting main.py
2024-08-19 08:40:13,072 - INFO - Arguments: Namespace(input='./output', source='./ontologies/imports', file='TD1.owl', reasoner='HermiT', model=True, characteristics=True, subcharacteristics=True, metrics=True, evolution=True)
2024-08-19 08:40:13,072 - DEBUG - Script directory: D:\Code\oquare-metrics\src
2024-08-19 08:40:13,072 - DEBUG - Constructed ontology file path: D:/Code/oquare-metrics/ontologies/imports/TD1.owl
2024-08-19 08:40:13,086 - INFO - Final fullparse_command: ['bash', '-c', 'D:/Code/oquare-metrics/src/fullparse.sh -i "./output" -s "./ontologies/imports" -f "TD1.owl" -r HermiT']
2024-08-19 08:40:13,086 - INFO - Full fullparse.sh command: bash -c D:/Code/oquare-metrics/src/fullparse.sh -i "./output" -s "./ontologies/imports" -f "TD1.owl" -r HermiT -M -c -S -m -e
2024-08-19 08:40:13,087 - INFO - Executing command: bash -c "D:/Code/oquare-metrics/src/fullparse.sh -i \"./output\" -s \"./ontologies/imports\" -f \"TD1.owl\" -r HermiT -M -c -S -m -e"
2024-08-19 08:40:13,087 - INFO - Starting execution of fullparse.sh
2024-08-19 08:40:13,087 - INFO - Executing command: bash -c D:/Code/oquare-metrics/src/fullparse.sh -i "./output" -s "./ontologies/imports" -f "TD1.owl" -r HermiT -M -c -S -m -e
2024-08-19 08:40:15,726 - INFO - fullparse.sh exit code: 1
2024-08-19 08:40:15,726 - ERROR - fullparse.sh failed with exit code: 1
2024-08-19 08:40:15,726 - ERROR - Command that failed: bash -c D:/Code/oquare-metrics/src/fullparse.sh -i "./output" -s "./ontologies/imports" -f "TD1.owl" -r HermiT -M -c -S -m -e
2024-08-19 08:40:15,726 - ERROR - Exception details:
Traceback (most recent call last):
  File "D:\Code\oquare-metrics\src\main.py", line 140, in main
    raise subprocess.CalledProcessError(returncode, fullparse_command)
subprocess.CalledProcessError: Command '['bash', '-c', 'D:/Code/oquare-metrics/src/fullparse.sh -i "./output" -s "./ontologies/imports" -f "TD1.owl" -r HermiT -M -c -S -m -e']' returned non-zero exit status 1.
2024-08-19 08:55:13,164 - INFO - Starting main.py
2024-08-19 08:55:13,181 - INFO - Arguments: Namespace(input='./output', source='./ontologies/imports', file='TD1.owl', reasoner='HermiT', model=True, characteristics=True, subcharacteristics=True, metrics=True, evolution=True)
2024-08-19 08:55:13,181 - DEBUG - Script directory: D:\Code\oquare-metrics\src
2024-08-19 08:55:13,181 - DEBUG - Constructed ontology file path: D:/Code/oquare-metrics/ontologies/imports/TD1.owl
2024-08-19 08:55:13,182 - INFO - Final fullparse_command: ['bash', '-c', 'D:/Code/oquare-metrics/src/fullparse.sh -i "./output" -s "./ontologies/imports" -f "TD1.owl" -r HermiT']
2024-08-19 08:55:13,183 - INFO - Full fullparse.sh command: bash -c D:/Code/oquare-metrics/src/fullparse.sh -i "./output" -s "./ontologies/imports" -f "TD1.owl" -r HermiT -M -c -S -m -e
2024-08-19 08:55:13,183 - INFO - Executing command: bash -c "D:/Code/oquare-metrics/src/fullparse.sh -i \"./output\" -s \"./ontologies/imports\" -f \"TD1.owl\" -r HermiT -M -c -S -m -e"
2024-08-19 08:55:13,183 - INFO - Starting execution of fullparse.sh
2024-08-19 08:55:13,183 - INFO - Executing command: bash -c D:/Code/oquare-metrics/src/fullparse.sh -i "./output" -s "./ontologies/imports" -f "TD1.owl" -r HermiT -M -c -S -m -e
2024-08-19 08:55:15,729 - INFO - fullparse.sh exit code: 1
2024-08-19 08:55:15,729 - ERROR - fullparse.sh failed with exit code: 1
2024-08-19 08:55:15,729 - ERROR - Command that failed: bash -c D:/Code/oquare-metrics/src/fullparse.sh -i "./output" -s "./ontologies/imports" -f "TD1.owl" -r HermiT -M -c -S -m -e
2024-08-19 08:55:15,729 - ERROR - Exception details:
Traceback (most recent call last):
  File "D:\Code\oquare-metrics\src\main.py", line 140, in main
    raise subprocess.CalledProcessError(returncode, fullparse_command)
subprocess.CalledProcessError: Command '['bash', '-c', 'D:/Code/oquare-metrics/src/fullparse.sh -i "./output" -s "./ontologies/imports" -f "TD1.owl" -r HermiT -M -c -S -m -e']' returned non-zero exit status 1.
2024-08-19 09:08:56,934 - INFO - Starting main.py
2024-08-19 09:08:56,981 - INFO - Arguments: Namespace(input='./output', source='./ontologies/imports', file='TD1.owl', reasoner='HermiT', model=True, characteristics=True, subcharacteristics=True, metrics=True, evolution=True)
2024-08-19 09:08:56,983 - DEBUG - Script directory: D:\Code\oquare-metrics\src
2024-08-19 09:08:56,983 - DEBUG - Constructed ontology file path: D:/Code/oquare-metrics/ontologies/imports/TD1.owl
2024-08-19 09:08:56,983 - INFO - Final fullparse_command: ['cmd', '/c', 'bash D:/Code/oquare-metrics/src/fullparse.sh -i "./output" -s "./ontologies/imports" -f "TD1.owl" -r HermiT']
2024-08-19 09:08:56,984 - INFO - Full fullparse.sh command: cmd /c bash D:/Code/oquare-metrics/src/fullparse.sh -i "./output" -s "./ontologies/imports" -f "TD1.owl" -r HermiT -M -c -S -m -e
2024-08-19 09:08:56,984 - INFO - Executing command: cmd /c "bash D:/Code/oquare-metrics/src/fullparse.sh -i \"./output\" -s \"./ontologies/imports\" -f \"TD1.owl\" -r HermiT -M -c -S -m -e"
2024-08-19 09:08:56,985 - INFO - Starting execution of fullparse.sh
2024-08-19 09:08:56,985 - INFO - Executing command: cmd /c bash D:/Code/oquare-metrics/src/fullparse.sh -i "./output" -s "./ontologies/imports" -f "TD1.owl" -r HermiT -M -c -S -m -e
2024-08-19 09:08:57,267 - INFO - fullparse.sh stdout: Usage: D:/Code/oquare-metrics/src/fullparse.sh -i <contents_folder> -s <ontology_folders> -f <ontology_files> [-g <ignore_files>] [-r <reasoner>] [-M] [-c] [-S] [-m] [-e]
2024-08-19 09:08:57,267 - INFO - fullparse.sh stdout: -i: Contents folder
2024-08-19 09:08:57,267 - INFO - fullparse.sh stdout: -s: Ontology folders
2024-08-19 09:08:57,267 - INFO - fullparse.sh stdout: -f: Ontology files
2024-08-19 09:08:57,267 - INFO - fullparse.sh stdout: -g: Ignore files (optional)
2024-08-19 09:08:57,267 - INFO - fullparse.sh stdout: -r: Reasoner (optional, default: HermiT)
2024-08-19 09:08:57,267 - INFO - fullparse.sh stdout: -M: Generate model plot
2024-08-19 09:08:57,267 - INFO - fullparse.sh stdout: -c: Generate characteristics plot
2024-08-19 09:08:57,267 - INFO - fullparse.sh stdout: -S: Generate subcharacteristics plot
2024-08-19 09:08:57,267 - INFO - fullparse.sh stdout: -m: Generate metrics plot
2024-08-19 09:08:57,267 - INFO - fullparse.sh stdout: -e: Generate evolution plot
2024-08-19 09:08:57,288 - ERROR - fullparse.sh stderr: 2024-08-19 09:08:57 - Starting fullparse.sh with arguments: -i
2024-08-19 09:08:57,288 - ERROR - fullparse.sh stderr: 2024-08-19 09:08:57 - Error: Missing required arguments
2024-08-19 09:08:57,288 - INFO - fullparse.sh exit code: 1
2024-08-19 09:08:57,289 - ERROR - fullparse.sh failed with exit code: 1
2024-08-19 09:08:57,289 - ERROR - Command that failed: cmd /c bash D:/Code/oquare-metrics/src/fullparse.sh -i "./output" -s "./ontologies/imports" -f "TD1.owl" -r HermiT -M -c -S -m -e
2024-08-19 09:08:57,289 - ERROR - Exception details:
Traceback (most recent call last):
  File "D:\Code\oquare-metrics\src\main.py", line 140, in main
    raise subprocess.CalledProcessError(returncode, fullparse_command)
subprocess.CalledProcessError: Command '['cmd', '/c', 'bash D:/Code/oquare-metrics/src/fullparse.sh -i "./output" -s "./ontologies/imports" -f "TD1.owl" -r HermiT -M -c -S -m -e']' returned non-zero exit status 1.
2024-08-19 09:40:10,828 - INFO - Starting main.py
2024-08-19 09:40:10,845 - INFO - Arguments: Namespace(input='./output', source='./ontologies/imports', file='TD1.owl', reasoner='HermiT', model=True, characteristics=True, subcharacteristics=True, metrics=True, evolution=True)
2024-08-19 09:40:10,845 - DEBUG - Script directory: D:\Code\oquare-metrics\src
2024-08-19 09:40:10,845 - DEBUG - Constructed ontology file path: D:/Code/oquare-metrics/ontologies/imports/TD1.owl
2024-08-19 09:40:10,854 - INFO - Final fullparse_command: ['cmd', '/c', 'bash D:/Code/oquare-metrics/src/fullparse.sh -i "./output" -s "./ontologies/imports" -f "TD1.owl" -r HermiT']
2024-08-19 09:40:10,854 - INFO - Full fullparse.sh command: cmd /c bash D:/Code/oquare-metrics/src/fullparse.sh -i "./output" -s "./ontologies/imports" -f "TD1.owl" -r HermiT -M -c -S -m -e
2024-08-19 09:40:10,854 - INFO - Executing command: cmd /c "bash D:/Code/oquare-metrics/src/fullparse.sh -i \"./output\" -s \"./ontologies/imports\" -f \"TD1.owl\" -r HermiT -M -c -S -m -e"
2024-08-19 09:40:10,855 - INFO - Starting execution of fullparse.sh
2024-08-19 09:40:10,855 - INFO - Executing command: cmd /c bash D:/Code/oquare-metrics/src/fullparse.sh -i "./output" -s "./ontologies/imports" -f "TD1.owl" -r HermiT -M -c -S -m -e
2024-08-19 09:40:11,122 - INFO - fullparse.sh stdout: Usage: D:/Code/oquare-metrics/src/fullparse.sh -i <contents_folder> -s <ontology_folders> -f <ontology_files> [-g <ignore_files>] [-r <reasoner>] [-M] [-c] [-S] [-m] [-e]
2024-08-19 09:40:11,122 - INFO - fullparse.sh stdout: -i: Contents folder
2024-08-19 09:40:11,122 - INFO - fullparse.sh stdout: -s: Ontology folders
2024-08-19 09:40:11,122 - INFO - fullparse.sh stdout: -f: Ontology files
2024-08-19 09:40:11,122 - INFO - fullparse.sh stdout: -g: Ignore files (optional)
2024-08-19 09:40:11,122 - INFO - fullparse.sh stdout: -r: Reasoner (optional, default: HermiT)
2024-08-19 09:40:11,122 - INFO - fullparse.sh stdout: -M: Generate model plot
2024-08-19 09:40:11,122 - INFO - fullparse.sh stdout: -c: Generate characteristics plot
2024-08-19 09:40:11,122 - INFO - fullparse.sh stdout: -S: Generate subcharacteristics plot
2024-08-19 09:40:11,122 - INFO - fullparse.sh stdout: -m: Generate metrics plot
2024-08-19 09:40:11,122 - INFO - fullparse.sh stdout: -e: Generate evolution plot
2024-08-19 09:40:11,144 - ERROR - fullparse.sh stderr: 2024-08-19 09:40:11 - Starting fullparse.sh with arguments: -i
2024-08-19 09:40:11,144 - ERROR - fullparse.sh stderr: 2024-08-19 09:40:11 - Error: Missing required arguments
2024-08-19 09:40:11,144 - INFO - fullparse.sh exit code: 1
2024-08-19 09:40:11,144 - ERROR - fullparse.sh failed with exit code: 1
2024-08-19 09:40:11,144 - ERROR - Command that failed: cmd /c bash D:/Code/oquare-metrics/src/fullparse.sh -i "./output" -s "./ontologies/imports" -f "TD1.owl" -r HermiT -M -c -S -m -e
2024-08-19 09:40:11,144 - ERROR - Exception details:
Traceback (most recent call last):
  File "D:\Code\oquare-metrics\src\main.py", line 140, in main
    raise subprocess.CalledProcessError(returncode, fullparse_command)
subprocess.CalledProcessError: Command '['cmd', '/c', 'bash D:/Code/oquare-metrics/src/fullparse.sh -i "./output" -s "./ontologies/imports" -f "TD1.owl" -r HermiT -M -c -S -m -e']' returned non-zero exit status 1.
2024-08-19 10:03:36,707 - INFO - Starting main.py
2024-08-19 10:03:36,707 - INFO - Arguments: Namespace(input='./output', source='./ontologies/imports', file='TD1.owl', reasoner='HermiT', model=True, characteristics=True, subcharacteristics=True, metrics=True, evolution=True)
2024-08-19 10:03:36,707 - DEBUG - Script directory: D:\Code\oquare-metrics\src
2024-08-19 10:03:36,720 - DEBUG - Constructed ontology file path: D:/Code/oquare-metrics/ontologies/imports/TD1.owl
2024-08-19 10:03:36,720 - INFO - Final fullparse_command: ['cmd', '/c', 'bash D:/Code/oquare-metrics/src/fullparse.sh -i "./output" -s "./ontologies/imports" -f "TD1.owl" -r HermiT']
2024-08-19 10:03:36,721 - INFO - Full fullparse.sh command: cmd /c bash D:/Code/oquare-metrics/src/fullparse.sh -i "./output" -s "./ontologies/imports" -f "TD1.owl" -r HermiT -M -c -S -m -e
2024-08-19 10:03:36,722 - INFO - Executing command: cmd /c "bash D:/Code/oquare-metrics/src/fullparse.sh -i \"./output\" -s \"./ontologies/imports\" -f \"TD1.owl\" -r HermiT -M -c -S -m -e"
2024-08-19 10:03:36,722 - INFO - Starting execution of fullparse.sh
2024-08-19 10:03:36,722 - INFO - Executing command: cmd /c bash D:/Code/oquare-metrics/src/fullparse.sh -i "./output" -s "./ontologies/imports" -f "TD1.owl" -r HermiT -M -c -S -m -e
2024-08-19 10:03:36,960 - INFO - fullparse.sh stdout: Usage: D:/Code/oquare-metrics/src/fullparse.sh -i <contents_folder> -s <ontology_folders> -f <ontology_files> [-g <ignore_files>] [-r <reasoner>] [-M] [-c] [-S] [-m] [-e]
2024-08-19 10:03:36,960 - INFO - fullparse.sh stdout: -i: Contents folder
2024-08-19 10:03:36,960 - INFO - fullparse.sh stdout: -s: Ontology folders
2024-08-19 10:03:36,960 - INFO - fullparse.sh stdout: -f: Ontology files
2024-08-19 10:03:36,960 - INFO - fullparse.sh stdout: -g: Ignore files (optional)
2024-08-19 10:03:36,960 - INFO - fullparse.sh stdout: -r: Reasoner (optional, default: HermiT)
2024-08-19 10:03:36,960 - INFO - fullparse.sh stdout: -M: Generate model plot
2024-08-19 10:03:36,960 - INFO - fullparse.sh stdout: -c: Generate characteristics plot
2024-08-19 10:03:36,960 - INFO - fullparse.sh stdout: -S: Generate subcharacteristics plot
2024-08-19 10:03:36,960 - INFO - fullparse.sh stdout: -m: Generate metrics plot
2024-08-19 10:03:36,960 - INFO - fullparse.sh stdout: -e: Generate evolution plot
2024-08-19 10:03:36,960 - ERROR - fullparse.sh stderr: 2024-08-19 10:03:36 - Starting fullparse.sh with arguments: -i
2024-08-19 10:03:36,960 - ERROR - fullparse.sh stderr: 2024-08-19 10:03:36 - Error: Missing required arguments
2024-08-19 10:03:36,960 - INFO - fullparse.sh exit code: 1
2024-08-19 10:03:36,960 - ERROR - fullparse.sh failed with exit code: 1
2024-08-19 10:03:36,975 - ERROR - Command that failed: cmd /c bash D:/Code/oquare-metrics/src/fullparse.sh -i "./output" -s "./ontologies/imports" -f "TD1.owl" -r HermiT -M -c -S -m -e
2024-08-19 10:03:36,975 - ERROR - Exception details:
Traceback (most recent call last):
  File "D:\Code\oquare-metrics\src\main.py", line 143, in main
    raise subprocess.CalledProcessError(returncode, fullparse_command)
subprocess.CalledProcessError: Command '['cmd', '/c', 'bash D:/Code/oquare-metrics/src/fullparse.sh -i "./output" -s "./ontologies/imports" -f "TD1.owl" -r HermiT -M -c -S -m -e']' returned non-zero exit status 1.
2024-08-19 10:06:41,883 - INFO - Starting main.py
2024-08-19 10:06:41,883 - INFO - Arguments: Namespace(input='./output', source='./ontologies/imports', file='TD1.owl', reasoner='HermiT', model=True, characteristics=True, subcharacteristics=True, metrics=True, evolution=True)
2024-08-19 10:06:41,883 - DEBUG - Script directory: D:\Code\oquare-metrics\src
2024-08-19 10:06:41,883 - DEBUG - Constructed ontology file path: D:/Code/oquare-metrics/ontologies/imports/TD1.owl
2024-08-19 10:06:41,898 - INFO - Created directory: ./output/temp_results/ontologies/imports/TD1/2024-08-19_10-06-41/metrics
2024-08-19 10:06:41,898 - INFO - Running OQuaRE tool...
2024-08-19 10:06:41,898 - INFO - Full ontology file path: ./ontologies/imports/TD1.owl
2024-08-19 10:06:42,159 - ERROR - OQuaRE tool failed with exit code: 1
2024-08-19 10:06:42,159 - ERROR - Error output: ERROR found: 
[um.cmd.RunOquare.run(RunOquare.java:69), um.cmd.RunOquare.main(RunOquare.java:39)]
java.lang.IllegalArgumentException: The parameter --ontology can not be null.
	at um.cmd.RunOquare.run(RunOquare.java:69)
	at um.cmd.RunOquare.main(RunOquare.java:39)
Exception in thread "main" java.lang.IllegalArgumentException: The parameter --ontology can not be null.
	at um.cmd.RunOquare.run(RunOquare.java:69)
	at um.cmd.RunOquare.main(RunOquare.java:39)

2024-08-19 10:10:00,024 - INFO - Starting main.py
2024-08-19 10:10:00,024 - INFO - Arguments: Namespace(input='./output', source='./ontologies/imports', file='TD1.owl', reasoner='HermiT', model=True, characteristics=True, subcharacteristics=True, metrics=True, evolution=True)
2024-08-19 10:10:00,024 - DEBUG - Script directory: D:\Code\oquare-metrics\src
2024-08-19 10:10:00,024 - DEBUG - Constructed ontology file path: D:/Code/oquare-metrics/ontologies/imports/TD1.owl
2024-08-19 10:10:00,041 - INFO - Created directory: ./output/temp_results/ontologies/imports/TD1/2024-08-19_10-10-00/metrics
2024-08-19 10:10:00,041 - INFO - Running OQuaRE tool...
2024-08-19 10:10:00,041 - INFO - Full ontology file path: D:/Code/oquare-metrics/ontologies/imports/TD1.owl
2024-08-19 10:10:00,311 - ERROR - OQuaRE tool failed with exit code: 1
2024-08-19 10:10:00,311 - ERROR - Error output: ERROR found: 
[um.cmd.RunOquare.run(RunOquare.java:69), um.cmd.RunOquare.main(RunOquare.java:39)]
java.lang.IllegalArgumentException: The parameter --ontology can not be null.
	at um.cmd.RunOquare.run(RunOquare.java:69)
	at um.cmd.RunOquare.main(RunOquare.java:39)
Exception in thread "main" java.lang.IllegalArgumentException: The parameter --ontology can not be null.
	at um.cmd.RunOquare.run(RunOquare.java:69)
	at um.cmd.RunOquare.main(RunOquare.java:39)

2024-08-19 10:13:52,799 - INFO - Starting main.py
2024-08-19 10:13:52,810 - INFO - Arguments: Namespace(input='./output', source='./ontologies/imports', file='TD1.owl', reasoner='HermiT', model=True, characteristics=True, subcharacteristics=True, metrics=True, evolution=True)
2024-08-19 10:13:52,810 - DEBUG - Script directory: D:\Code\oquare-metrics\src
2024-08-19 10:13:52,810 - DEBUG - Constructed ontology file path: D:/Code/oquare-metrics/ontologies/imports/TD1.owl
2024-08-19 10:13:52,812 - INFO - Created directory: ./output/temp_results/ontologies/imports/TD1/2024-08-19_10-13-52/metrics
2024-08-19 10:13:52,812 - INFO - Running OQuaRE tool...
2024-08-19 10:13:52,813 - INFO - Full ontology file path: D:/Code/oquare-metrics/ontologies/imports/TD1.owl
2024-08-19 10:13:53,074 - ERROR - OQuaRE tool failed with exit code: 1
2024-08-19 10:13:53,074 - ERROR - Error output: ERROR found: 
[um.cmd.RunOquare.run(RunOquare.java:69), um.cmd.RunOquare.main(RunOquare.java:39)]
java.lang.IllegalArgumentException: The parameter --ontology can not be null.
	at um.cmd.RunOquare.run(RunOquare.java:69)
	at um.cmd.RunOquare.main(RunOquare.java:39)
Exception in thread "main" java.lang.IllegalArgumentException: The parameter --ontology can not be null.
	at um.cmd.RunOquare.run(RunOquare.java:69)
	at um.cmd.RunOquare.main(RunOquare.java:39)

2024-08-19 10:18:00,250 - INFO - Starting main.py
2024-08-19 10:18:00,252 - INFO - Arguments: Namespace(input='./output', source='./ontologies/imports', file='TD1.owl', reasoner='HermiT', model=True, characteristics=True, subcharacteristics=True, metrics=True, evolution=True)
2024-08-19 10:18:00,252 - DEBUG - Script directory: D:\Code\oquare-metrics\src
2024-08-19 10:18:00,252 - DEBUG - Constructed ontology file path: D:/Code/oquare-metrics/ontologies/imports/TD1.owl
2024-08-19 10:18:00,263 - INFO - Created directory: ./output/temp_results/ontologies/imports/TD1/2024-08-19_10-18-00/metrics
2024-08-19 10:18:00,263 - INFO - Running OQuaRE tool...
2024-08-19 10:18:00,263 - INFO - Relative ontology file path: ./ontologies/imports/TD1.owl
2024-08-19 10:18:00,541 - ERROR - OQuaRE tool failed with exit code: 1
2024-08-19 10:18:00,541 - ERROR - Error output: ERROR found: 
[um.cmd.RunOquare.run(RunOquare.java:69), um.cmd.RunOquare.main(RunOquare.java:39)]
java.lang.IllegalArgumentException: The parameter --ontology can not be null.
	at um.cmd.RunOquare.run(RunOquare.java:69)
	at um.cmd.RunOquare.main(RunOquare.java:39)
Exception in thread "main" java.lang.IllegalArgumentException: The parameter --ontology can not be null.
	at um.cmd.RunOquare.run(RunOquare.java:69)
	at um.cmd.RunOquare.main(RunOquare.java:39)

2024-08-19 10:20:24,274 - INFO - Starting main.py
2024-08-19 10:20:24,289 - INFO - Arguments: Namespace(input='./output', source='./ontologies/imports', file='TD1.owl', reasoner='HermiT', model=True, characteristics=True, subcharacteristics=True, metrics=True, evolution=True)
2024-08-19 10:20:24,290 - DEBUG - Script directory: D:\Code\oquare-metrics\src
2024-08-19 10:20:24,290 - DEBUG - Constructed ontology file path: D:/Code/oquare-metrics/ontologies/imports/TD1.owl
2024-08-19 10:20:24,293 - INFO - Created directory: ./output/temp_results/ontologies/imports/TD1/2024-08-19_10-20-24/metrics
2024-08-19 10:20:24,293 - INFO - Running OQuaRE tool...
2024-08-19 10:20:24,294 - INFO - Relative ontology file path: ./ontologies/imports/TD1.owl
2024-08-19 10:20:24,557 - ERROR - OQuaRE tool failed with exit code: 1
2024-08-19 10:20:24,557 - ERROR - Error output: ERROR found: 
[um.cmd.RunOquare.run(RunOquare.java:69), um.cmd.RunOquare.main(RunOquare.java:39)]
java.lang.IllegalArgumentException: The parameter --ontology can not be null.
	at um.cmd.RunOquare.run(RunOquare.java:69)
	at um.cmd.RunOquare.main(RunOquare.java:39)
Exception in thread "main" java.lang.IllegalArgumentException: The parameter --ontology can not be null.
	at um.cmd.RunOquare.run(RunOquare.java:69)
	at um.cmd.RunOquare.main(RunOquare.java:39)

2024-08-19 10:25:12,948 - INFO - Starting main.py
2024-08-19 10:25:12,948 - INFO - Arguments: Namespace(input='./output', source='./ontologies/imports', file='TD1.owl', reasoner='HermiT', model=True, characteristics=True, subcharacteristics=True, metrics=True, evolution=True)
2024-08-19 10:25:12,948 - DEBUG - Script directory: D:\Code\oquare-metrics\src
2024-08-19 10:25:12,948 - DEBUG - Constructed ontology file path: D:/Code/oquare-metrics/ontologies/imports/TD1.owl
2024-08-19 10:25:12,964 - INFO - Created directory: ./output/temp_results/ontologies/imports/TD1/2024-08-19_10-25-12/metrics
2024-08-19 10:25:12,964 - INFO - Running OQuaRE tool...
2024-08-19 10:25:12,965 - INFO - Relative ontology file path: ./ontologies/imports/TD1.owl
2024-08-19 10:25:16,093 - INFO - OQuaRE tool completed successfully
2024-08-19 10:25:16,093 - ERROR - Metrics file not found after running OQuaRE tool: output\temp_results\ontologies\imports\TD1\2024-08-19_10-25-12\metrics\TD1.xml
2024-08-19 10:25:16,093 - ERROR - Contents of output\temp_results\ontologies\imports\TD1\2024-08-19_10-25-12\metrics:
2024-08-19 10:25:16,093 - ERROR - []
2024-08-19 10:27:05,441 - INFO - Starting main.py
2024-08-19 10:27:05,441 - INFO - Arguments: Namespace(input='./output', source='./ontologies/imports', file='TD1.owl', reasoner='HermiT', model=True, characteristics=True, subcharacteristics=True, metrics=True, evolution=True)
2024-08-19 10:27:05,441 - DEBUG - Script directory: D:\Code\oquare-metrics\src
2024-08-19 10:27:05,441 - DEBUG - Constructed ontology file path: D:/Code/oquare-metrics/ontologies/imports/TD1.owl
2024-08-19 10:27:05,456 - INFO - Created directory: ./output/temp_results/ontologies/imports/TD1/2024-08-19_10-27-05/metrics
2024-08-19 10:27:05,457 - INFO - Running OQuaRE tool...
2024-08-19 10:27:05,457 - INFO - Relative ontology file path: ./ontologies/imports/TD1.owl
2024-08-19 10:27:08,655 - INFO - OQuaRE tool completed successfully
2024-08-19 10:27:08,655 - ERROR - Metrics file not found after running OQuaRE tool: output\temp_results\ontologies\imports\TD1\2024-08-19_10-27-05\metrics\TD1.xml
2024-08-19 10:27:08,655 - ERROR - Contents of output\temp_results\ontologies\imports\TD1\2024-08-19_10-27-05\metrics:
2024-08-19 10:27:08,655 - ERROR - []
2024-08-19 10:28:39,066 - INFO - Starting main.py
2024-08-19 10:28:39,084 - INFO - Arguments: Namespace(input='./output', source='./ontologies/imports', file='TD1.owl', reasoner='HermiT', model=True, characteristics=True, subcharacteristics=True, metrics=True, evolution=True)
2024-08-19 10:28:39,084 - DEBUG - Script directory: D:\Code\oquare-metrics\src
2024-08-19 10:28:39,085 - DEBUG - Constructed ontology file path: D:/Code/oquare-metrics/ontologies/imports/TD1.owl
2024-08-19 10:28:39,086 - INFO - Created directory: ./output/temp_results/ontologies/imports/TD1/2024-08-19_10-28-39/metrics
2024-08-19 10:28:39,087 - INFO - Running OQuaRE tool...
2024-08-19 10:28:39,087 - INFO - Relative ontology file path: ./ontologies/imports/TD1.owl
2024-08-19 10:28:42,267 - INFO - OQuaRE tool completed successfully
2024-08-19 10:28:42,322 - DEBUG - OQuaRE tool output: Calculate OQuare metrics  --ontology ././ontologies/imports/TD1.owl --metrics ././output/temp_results/ontologies/imports/TD1/2024-08-19_10-28-39/metrics/TD1.xml -r HermiT
Inferece options:
class assertions
class hierarchy
data property assertions
data property hierarchy
different individuals
disjoint classes
object property assertions
object property hierarchy
same individuals
Building Neo4j graph from ontology model...
Graph builded in 1295 msec
Number of nodes: 14
Number of relationships: 21
[1/7] Searching paths from leaves (maxDepth=8)...Finish. Execution Time = 2884 msec

2024-08-19 10:28:42,322 - DEBUG - OQuaRE tool error output: Running Hermit reasoner
Classifying
Classifying time in 15 msec
Oquare metrics calculated in 2744 msec.
Results saved in: "C:\Users\steph\AppData\Local\Temp\oquareResults213293569498497606.xml".

2024-08-19 10:28:42,322 - INFO - Executing generate_images.py with command: python ./src/generate_images.py -i ./output -s ./ontologies/imports -f TD1.owl -d 2024-08-19_10-28-39 -M -c -S -m -e
2024-08-19 10:28:42,356 - ERROR - Image generation failed with exit code: 1
2024-08-19 10:28:42,356 - ERROR - Error output:   File "D:\Code\oquare-metrics\src\generate_images.py", line 42
    args = parser.parse_args()
    ^^^^
SyntaxError: expected 'except' or 'finally' block

2024-08-19 10:28:42,356 - INFO - Main script completed successfully
2024-08-19 10:39:03,678 - INFO - Starting main.py
2024-08-19 10:39:03,694 - INFO - Arguments: Namespace(input='./output', source='./ontologies/imports', file='TD1.owl', reasoner='HermiT', model=True, characteristics=True, subcharacteristics=True, metrics=True, evolution=True)
2024-08-19 10:39:03,694 - DEBUG - Script directory: D:\Code\oquare-metrics\src
2024-08-19 10:39:03,694 - DEBUG - Constructed ontology file path: D:/Code/oquare-metrics/ontologies/imports/TD1.owl
2024-08-19 10:39:03,705 - INFO - Created directory: ./output/temp_results/ontologies/imports/TD1/2024-08-19_10-39-03/metrics
2024-08-19 10:39:03,707 - INFO - Running OQuaRE tool...
2024-08-19 10:39:03,707 - INFO - Relative ontology file path: ./ontologies/imports/TD1.owl
2024-08-19 10:39:06,838 - INFO - OQuaRE tool completed successfully
2024-08-19 10:39:07,067 - DEBUG - OQuaRE tool output: Calculate OQuare metrics  --ontology ././ontologies/imports/TD1.owl --metrics ././output/temp_results/ontologies/imports/TD1/2024-08-19_10-39-03/metrics/TD1.xml -r HermiT
Inferece options:
class assertions
class hierarchy
data property assertions
data property hierarchy
different individuals
disjoint classes
object property assertions
object property hierarchy
same individuals
Building Neo4j graph from ontology model...
Graph builded in 1303 msec
Number of nodes: 14
Number of relationships: 21
[1/7] Searching paths from leaves (maxDepth=8)...Finish. Execution Time = 2858 msec

2024-08-19 10:39:07,067 - DEBUG - OQuaRE tool error output: Running Hermit reasoner
Classifying
Classifying time in 16 msec
Oquare metrics calculated in 2701 msec.
Results saved in: "C:\Users\steph\AppData\Local\Temp\oquareResults2265185700234500653.xml".

2024-08-19 10:39:07,083 - INFO - Executing generate_images.py with command: python ./src/generate_images.py -i ./output -s ./ontologies/imports -f TD1.owl -d 2024-08-19_10-39-03 -M -c -S -m -e
2024-08-19 10:39:07,741 - INFO - Image generation completed successfully
2024-08-19 10:39:07,741 - INFO - Main script completed successfully
2024-08-19 10:40:32,897 - INFO - Starting main.py
2024-08-19 10:40:32,897 - INFO - Arguments: Namespace(input='./output', source='./ontologies/imports', file='TD1.owl', reasoner='HermiT', model=True, characteristics=True, subcharacteristics=True, metrics=True, evolution=True)
2024-08-19 10:40:32,897 - DEBUG - Script directory: D:\Code\oquare-metrics\src
2024-08-19 10:40:32,897 - DEBUG - Constructed ontology file path: D:/Code/oquare-metrics/ontologies/imports/TD1.owl
2024-08-19 10:40:32,909 - INFO - Created directory: ./output/temp_results/ontologies/imports/TD1/2024-08-19_10-40-32/metrics
2024-08-19 10:40:32,910 - INFO - Running OQuaRE tool...
2024-08-19 10:40:32,911 - INFO - Relative ontology file path: ./ontologies/imports/TD1.owl
2024-08-19 10:40:36,183 - INFO - OQuaRE tool completed successfully
2024-08-19 10:40:36,183 - DEBUG - OQuaRE tool output: Calculate OQuare metrics  --ontology ././ontologies/imports/TD1.owl --metrics ././output/temp_results/ontologies/imports/TD1/2024-08-19_10-40-32/metrics/TD1.xml -r HermiT
Inferece options:
class assertions
class hierarchy
data property assertions
data property hierarchy
different individuals
disjoint classes
object property assertions
object property hierarchy
same individuals
Building Neo4j graph from ontology model...
Graph builded in 1383 msec
Number of nodes: 14
Number of relationships: 21
[1/7] Searching paths from leaves (maxDepth=8)...Finish. Execution Time = 2970 msec

2024-08-19 10:40:36,183 - DEBUG - OQuaRE tool error output: Running Hermit reasoner
Classifying
Classifying time in 15 msec
Oquare metrics calculated in 2803 msec.
Results saved in: "C:\Users\steph\AppData\Local\Temp\oquareResults12092911807348481795.xml".

2024-08-19 10:40:36,183 - INFO - Executing generate_images.py with command: python ./src/generate_images.py -i ./output -s ./ontologies/imports -f TD1.owl -d 2024-08-19_10-40-32 -M -c -S -m -e
2024-08-19 10:40:36,873 - INFO - Image generation completed successfully
2024-08-19 10:40:36,873 - INFO - Main script completed successfully
2024-08-19 10:41:43,504 - INFO - Starting main.py
2024-08-19 10:41:43,523 - INFO - Arguments: Namespace(input='./output', source='./ontologies/imports', file='TD1.owl', reasoner='HermiT', model=True, characteristics=True, subcharacteristics=True, metrics=True, evolution=True)
2024-08-19 10:41:43,523 - DEBUG - Script directory: D:\Code\oquare-metrics\src
2024-08-19 10:41:43,524 - DEBUG - Constructed ontology file path: D:/Code/oquare-metrics/ontologies/imports/TD1.owl
2024-08-19 10:41:43,526 - INFO - Created directory: ./output/temp_results/ontologies/imports/TD1/2024-08-19_10-41-43/metrics
2024-08-19 10:41:43,526 - INFO - Running OQuaRE tool...
2024-08-19 10:41:43,526 - INFO - Relative ontology file path: ./ontologies/imports/TD1.owl
2024-08-19 10:41:46,698 - INFO - OQuaRE tool completed successfully
2024-08-19 10:41:46,698 - DEBUG - OQuaRE tool output: Calculate OQuare metrics  --ontology ././ontologies/imports/TD1.owl --metrics ./output/temp_results/ontologies/imports/TD1/2024-08-19_10-41-43/metrics/TD1.xml -r HermiT
Inferece options:
class assertions
class hierarchy
data property assertions
data property hierarchy
different individuals
disjoint classes
object property assertions
object property hierarchy
same individuals
Building Neo4j graph from ontology model...
Graph builded in 1324 msec
Number of nodes: 14
Number of relationships: 21
[1/7] Searching paths from leaves (maxDepth=8)...Finish. Execution Time = 2887 msec

2024-08-19 10:41:46,698 - DEBUG - OQuaRE tool error output: Running Hermit reasoner
Classifying
Classifying time in 4 msec
Oquare metrics calculated in 2715 msec.
Results saved in: "C:\Users\steph\AppData\Local\Temp\oquareResults17556577007405971253.xml".

2024-08-19 10:41:46,698 - INFO - Executing generate_images.py with command: python ./src/generate_images.py -i ./output -s ./ontologies/imports -f TD1.owl -d 2024-08-19_10-41-43 -M -c -S -m -e
2024-08-19 10:41:47,421 - INFO - Image generation completed successfully
2024-08-19 10:41:47,421 - INFO - Main script completed successfully
2024-08-19 10:43:31,168 - INFO - Starting main.py
2024-08-19 10:43:31,192 - INFO - Arguments: Namespace(input='./output', source='./ontologies/imports', file='TD1.owl', reasoner='HermiT', model=True, characteristics=True, subcharacteristics=True, metrics=True, evolution=True)
2024-08-19 10:43:31,193 - DEBUG - Script directory: D:\Code\oquare-metrics\src
2024-08-19 10:43:31,193 - DEBUG - Constructed ontology file path: D:/Code/oquare-metrics/ontologies/imports/TD1.owl
2024-08-19 10:43:31,195 - INFO - Created directory: ./output/temp_results/ontologies/imports/TD1/2024-08-19_10-43-31/metrics
2024-08-19 10:43:31,196 - INFO - Running OQuaRE tool...
2024-08-19 10:43:31,196 - INFO - Relative ontology file path: ./ontologies/imports/TD1.owl
2024-08-19 10:43:34,494 - INFO - OQuaRE tool completed successfully
2024-08-19 10:43:34,494 - DEBUG - OQuaRE tool output: Calculate OQuare metrics  --ontology ././ontologies/imports/TD1.owl --metrics ./output/temp_results/ontologies/imports/TD1/2024-08-19_10-43-31/metrics/TD1.xml -r HermiT --output ./output/temp_results/ontologies/imports/TD1/2024-08-19_10-43-31/metrics/TD1.xml
Inferece options:
class assertions
class hierarchy
data property assertions
data property hierarchy
different individuals
disjoint classes
object property assertions
object property hierarchy
same individuals
Building Neo4j graph from ontology model...
Graph builded in 1415 msec
Number of nodes: 14
Number of relationships: 21
[1/7] Searching paths from leaves (maxDepth=8)...Finish. Execution Time = 3015 msec

2024-08-19 10:43:34,494 - DEBUG - OQuaRE tool error output: Running Hermit reasoner
Classifying
Classifying time in 15 msec
Oquare metrics calculated in 2859 msec.
Results saved in: "C:\Users\steph\AppData\Local\Temp\oquareResults3604046057991182653.xml".

2024-08-19 10:43:34,509 - INFO - Executing generate_images.py with command: python ./src/generate_images.py -i ./output -s ./ontologies/imports -f TD1.owl -d 2024-08-19_10-43-31 -M -c -S -m -e
2024-08-19 10:43:35,173 - INFO - Image generation completed successfully
2024-08-19 10:43:35,174 - INFO - Main script completed successfully
2024-08-19 10:44:56,078 - INFO - Starting main.py
2024-08-19 10:44:56,078 - INFO - Arguments: Namespace(input='./output', source='./ontologies/imports', file='TD1.owl', reasoner='HermiT', model=True, characteristics=True, subcharacteristics=True, metrics=True, evolution=True)
2024-08-19 10:44:56,078 - DEBUG - Script directory: D:\Code\oquare-metrics\src
2024-08-19 10:44:56,078 - DEBUG - Constructed ontology file path: D:/Code/oquare-metrics/ontologies/imports/TD1.owl
2024-08-19 10:44:56,094 - INFO - Created directory: ./output/temp_results/ontologies/imports/TD1/2024-08-19_10-44-56/metrics
2024-08-19 10:44:56,094 - INFO - Running OQuaRE tool...
2024-08-19 10:44:56,095 - INFO - Relative ontology file path: ./ontologies/imports/TD1.owl
2024-08-19 10:44:59,270 - INFO - OQuaRE tool completed successfully
2024-08-19 10:44:59,270 - DEBUG - OQuaRE tool output: Calculate OQuare metrics  --ontology ././ontologies/imports/TD1.owl --metrics ./output/temp_results/ontologies/imports/TD1/2024-08-19_10-44-56/metrics/TD1.xml -r HermiT
Inferece options:
class assertions
class hierarchy
data property assertions
data property hierarchy
different individuals
disjoint classes
object property assertions
object property hierarchy
same individuals
Building Neo4j graph from ontology model...
Graph builded in 1346 msec
Number of nodes: 14
Number of relationships: 21
[1/7] Searching paths from leaves (maxDepth=8)...Finish. Execution Time = 2930 msec

2024-08-19 10:44:59,270 - DEBUG - OQuaRE tool error output: Running Hermit reasoner
Classifying
Classifying time in 16 msec
Oquare metrics calculated in 2754 msec.
Results saved in: "C:\Users\steph\AppData\Local\Temp\oquareResults18407298294863508580.xml".

2024-08-19 10:44:59,270 - INFO - Executing generate_images.py with command: python ./src/generate_images.py -i ./output -s ./ontologies/imports -f TD1.owl -d 2024-08-19_10-44-56 -M -c -S -m -e
2024-08-19 10:44:59,946 - INFO - Image generation completed successfully
2024-08-19 10:44:59,946 - INFO - Main script completed successfully
2024-08-19 11:05:50,807 - INFO - Starting main.py
2024-08-19 11:05:50,807 - INFO - Arguments: Namespace(input='./output', source='./ontologies/imports', file='TD1.owl', reasoner='HermiT', model=True, characteristics=True, subcharacteristics=True, metrics=True, evolution=True)
2024-08-19 11:05:50,807 - DEBUG - Script directory: D:\Code\oquare-metrics\src
2024-08-19 11:05:50,807 - DEBUG - Constructed ontology file path: D:/Code/oquare-metrics/ontologies/imports/TD1.owl
2024-08-19 11:05:50,823 - INFO - Created directory: ./output/temp_results/ontologies/imports/TD1/2024-08-19_11-05-50/metrics
2024-08-19 11:05:50,823 - INFO - Running OQuaRE tool...
2024-08-19 11:05:50,824 - INFO - Relative ontology file path: ./ontologies/imports/TD1.owl
2024-08-19 11:06:21,604 - INFO - Starting main.py
2024-08-19 11:06:21,619 - INFO - Arguments: Namespace(input='./output', source='./ontologies/imports', file='TD1.owl', reasoner='HermiT', model=True, characteristics=True, subcharacteristics=True, metrics=True, evolution=True)
2024-08-19 11:06:21,619 - DEBUG - Script directory: D:\Code\oquare-metrics\src
2024-08-19 11:06:21,619 - DEBUG - Constructed ontology file path: D:/Code/oquare-metrics/ontologies/imports/TD1.owl
2024-08-19 11:06:21,619 - INFO - Created directory: ./output/temp_results/ontologies/imports/TD1/2024-08-19_11-06-21/metrics
2024-08-19 11:06:21,619 - INFO - Running OQuaRE tool...
2024-08-19 11:06:21,619 - INFO - Relative ontology file path: ./ontologies/imports/TD1.owl
2024-08-19 11:16:36,588 - INFO - Starting main.py
2024-08-19 11:16:36,630 - INFO - Arguments: Namespace(input='./output', source='./ontologies/imports', file='TD1.owl', reasoner='HermiT', model=True, characteristics=True, subcharacteristics=True, metrics=True, evolution=True)
2024-08-19 11:16:36,630 - DEBUG - Script directory: D:\Code\oquare-metrics\src
2024-08-19 11:16:36,630 - DEBUG - Constructed ontology file path: D:/Code/oquare-metrics/ontologies/imports/TD1.owl
2024-08-19 11:16:36,630 - INFO - Created directory: ./output/temp_results/ontologies/imports/TD1/2024-08-19_11-16-36/metrics
2024-08-19 11:16:36,630 - INFO - Running OQuaRE tool...
2024-08-19 11:16:36,630 - INFO - Relative ontology file path: ./ontologies/imports/TD1.owl
2024-08-19 11:18:09,310 - INFO - Starting main.py
2024-08-19 11:18:09,326 - INFO - Arguments: Namespace(input='./output', source='./ontologies/imports', file='TD1.owl', reasoner='HermiT', model=True, characteristics=True, subcharacteristics=True, metrics=True, evolution=True)
2024-08-19 11:18:09,326 - DEBUG - Script directory: D:\Code\oquare-metrics\src
2024-08-19 11:18:09,326 - DEBUG - Constructed ontology file path: D:/Code/oquare-metrics/ontologies/imports/TD1.owl
2024-08-19 11:18:09,326 - INFO - Created directory: ./output/temp_results/ontologies/imports/TD1/2024-08-19_11-18-09/metrics
2024-08-19 11:18:09,326 - INFO - Running OQuaRE tool...
2024-08-19 11:18:09,326 - INFO - Relative ontology file path: ./ontologies/imports/TD1.owl
2024-08-19 11:28:45,015 - INFO - Starting main.py
2024-08-19 11:28:45,035 - INFO - Arguments: Namespace(input='./output', source='./ontologies/imports', file='TD1.owl', reasoner='HermiT', model=True, characteristics=True, subcharacteristics=True, metrics=True, evolution=True)
2024-08-19 11:28:45,036 - DEBUG - Script directory: D:\Code\oquare-metrics\src
2024-08-19 11:28:45,036 - DEBUG - Constructed ontology file path: D:/Code/oquare-metrics/ontologies/imports/TD1.owl
2024-08-19 11:28:45,037 - INFO - Created directory: ./output/temp_results/ontologies/imports/TD1/2024-08-19_11-28-45/metrics
2024-08-19 11:28:45,037 - INFO - Running OQuaRE tool...
2024-08-19 11:28:45,037 - INFO - Relative ontology file path: ./ontologies/imports/TD1.owl
